{"total": {"lines":{"total":1134,"covered":932,"skipped":0,"pct":82.18},"statements":{"total":1245,"covered":1016,"skipped":0,"pct":81.6},"functions":{"total":332,"covered":275,"skipped":0,"pct":82.83},"branches":{"total":845,"covered":594,"skipped":0,"pct":70.29},"branchesTrue":{"total":0,"covered":0,"skipped":0,"pct":100}}
,"/Users/clement/Documents/code_clem/react/csv-viewer/src/App.tsx": {"lines":{"total":23,"covered":14,"skipped":0,"pct":60.86},"functions":{"total":10,"covered":4,"skipped":0,"pct":40},"statements":{"total":23,"covered":14,"skipped":0,"pct":60.86},"branches":{"total":34,"covered":23,"skipped":0,"pct":67.64}}
,"/Users/clement/Documents/code_clem/react/csv-viewer/src/components/filters/BooleanFilter.tsx": {"lines":{"total":4,"covered":4,"skipped":0,"pct":100},"functions":{"total":3,"covered":3,"skipped":0,"pct":100},"statements":{"total":4,"covered":4,"skipped":0,"pct":100},"branches":{"total":2,"covered":2,"skipped":0,"pct":100}}
,"/Users/clement/Documents/code_clem/react/csv-viewer/src/components/filters/CategoryFilter.tsx": {"lines":{"total":13,"covered":12,"skipped":0,"pct":92.3},"functions":{"total":9,"covered":8,"skipped":0,"pct":88.88},"statements":{"total":15,"covered":14,"skipped":0,"pct":93.33},"branches":{"total":4,"covered":3,"skipped":0,"pct":75}}
,"/Users/clement/Documents/code_clem/react/csv-viewer/src/components/filters/DateRangeFilter.tsx": {"lines":{"total":3,"covered":3,"skipped":0,"pct":100},"functions":{"total":3,"covered":3,"skipped":0,"pct":100},"statements":{"total":3,"covered":3,"skipped":0,"pct":100},"branches":{"total":8,"covered":6,"skipped":0,"pct":75}}
,"/Users/clement/Documents/code_clem/react/csv-viewer/src/components/filters/FiltersPanel.tsx": {"lines":{"total":29,"covered":0,"skipped":0,"pct":0},"functions":{"total":21,"covered":0,"skipped":0,"pct":0},"statements":{"total":35,"covered":0,"skipped":0,"pct":0},"branches":{"total":50,"covered":0,"skipped":0,"pct":0}}
,"/Users/clement/Documents/code_clem/react/csv-viewer/src/components/filters/NumberRangeFilter.tsx": {"lines":{"total":5,"covered":3,"skipped":0,"pct":60},"functions":{"total":3,"covered":2,"skipped":0,"pct":66.66},"statements":{"total":5,"covered":3,"skipped":0,"pct":60},"branches":{"total":12,"covered":8,"skipped":0,"pct":66.66}}
,"/Users/clement/Documents/code_clem/react/csv-viewer/src/components/filters/TextFilter.tsx": {"lines":{"total":10,"covered":10,"skipped":0,"pct":100},"functions":{"total":6,"covered":6,"skipped":0,"pct":100},"statements":{"total":11,"covered":11,"skipped":0,"pct":100},"branches":{"total":2,"covered":1,"skipped":0,"pct":50}}
,"/Users/clement/Documents/code_clem/react/csv-viewer/src/components/stats/StatsCards.tsx": {"lines":{"total":16,"covered":12,"skipped":0,"pct":75},"functions":{"total":9,"covered":7,"skipped":0,"pct":77.77},"statements":{"total":19,"covered":15,"skipped":0,"pct":78.94},"branches":{"total":22,"covered":17,"skipped":0,"pct":77.27}}
,"/Users/clement/Documents/code_clem/react/csv-viewer/src/components/stats/StatsPanels.tsx": {"lines":{"total":56,"covered":56,"skipped":0,"pct":100},"functions":{"total":17,"covered":17,"skipped":0,"pct":100},"statements":{"total":60,"covered":58,"skipped":0,"pct":96.66},"branches":{"total":45,"covered":33,"skipped":0,"pct":73.33}}
,"/Users/clement/Documents/code_clem/react/csv-viewer/src/components/table/DataTable.tsx": {"lines":{"total":17,"covered":11,"skipped":0,"pct":64.7},"functions":{"total":10,"covered":8,"skipped":0,"pct":80},"statements":{"total":18,"covered":12,"skipped":0,"pct":66.66},"branches":{"total":25,"covered":9,"skipped":0,"pct":36}}
,"/Users/clement/Documents/code_clem/react/csv-viewer/src/components/table/Pagination.tsx": {"lines":{"total":10,"covered":7,"skipped":0,"pct":70},"functions":{"total":7,"covered":4,"skipped":0,"pct":57.14},"statements":{"total":10,"covered":7,"skipped":0,"pct":70},"branches":{"total":0,"covered":0,"skipped":0,"pct":100}}
,"/Users/clement/Documents/code_clem/react/csv-viewer/src/components/ui/Button.tsx": {"lines":{"total":4,"covered":4,"skipped":0,"pct":100},"functions":{"total":1,"covered":1,"skipped":0,"pct":100},"statements":{"total":4,"covered":4,"skipped":0,"pct":100},"branches":{"total":10,"covered":9,"skipped":0,"pct":90}}
,"/Users/clement/Documents/code_clem/react/csv-viewer/src/components/ui/ColumnPicker.tsx": {"lines":{"total":24,"covered":18,"skipped":0,"pct":75},"functions":{"total":10,"covered":9,"skipped":0,"pct":90},"statements":{"total":28,"covered":20,"skipped":0,"pct":71.42},"branches":{"total":24,"covered":16,"skipped":0,"pct":66.66}}
,"/Users/clement/Documents/code_clem/react/csv-viewer/src/components/ui/DetailModal.tsx": {"lines":{"total":28,"covered":23,"skipped":0,"pct":82.14},"functions":{"total":13,"covered":12,"skipped":0,"pct":92.3},"statements":{"total":30,"covered":25,"skipped":0,"pct":83.33},"branches":{"total":19,"covered":12,"skipped":0,"pct":63.15}}
,"/Users/clement/Documents/code_clem/react/csv-viewer/src/components/ui/Icons.tsx": {"lines":{"total":13,"covered":9,"skipped":0,"pct":69.23},"functions":{"total":13,"covered":9,"skipped":0,"pct":69.23},"statements":{"total":13,"covered":9,"skipped":0,"pct":69.23},"branches":{"total":13,"covered":9,"skipped":0,"pct":69.23}}
,"/Users/clement/Documents/code_clem/react/csv-viewer/src/components/ui/Modal.tsx": {"lines":{"total":31,"covered":21,"skipped":0,"pct":67.74},"functions":{"total":5,"covered":5,"skipped":0,"pct":100},"statements":{"total":32,"covered":22,"skipped":0,"pct":68.75},"branches":{"total":25,"covered":12,"skipped":0,"pct":48}}
,"/Users/clement/Documents/code_clem/react/csv-viewer/src/components/ui/Toast.tsx": {"lines":{"total":4,"covered":4,"skipped":0,"pct":100},"functions":{"total":2,"covered":2,"skipped":0,"pct":100},"statements":{"total":4,"covered":4,"skipped":0,"pct":100},"branches":{"total":0,"covered":0,"skipped":0,"pct":100}}
,"/Users/clement/Documents/code_clem/react/csv-viewer/src/components/upload/Dropzone.tsx": {"lines":{"total":33,"covered":28,"skipped":0,"pct":84.84},"functions":{"total":10,"covered":8,"skipped":0,"pct":80},"statements":{"total":35,"covered":30,"skipped":0,"pct":85.71},"branches":{"total":19,"covered":13,"skipped":0,"pct":68.42}}
,"/Users/clement/Documents/code_clem/react/csv-viewer/src/components/upload/FilePicker.tsx": {"lines":{"total":10,"covered":9,"skipped":0,"pct":90},"functions":{"total":3,"covered":2,"skipped":0,"pct":66.66},"statements":{"total":10,"covered":9,"skipped":0,"pct":90},"branches":{"total":6,"covered":5,"skipped":0,"pct":83.33}}
,"/Users/clement/Documents/code_clem/react/csv-viewer/src/components/upload/SheetSelector.tsx": {"lines":{"total":5,"covered":5,"skipped":0,"pct":100},"functions":{"total":4,"covered":4,"skipped":0,"pct":100},"statements":{"total":5,"covered":5,"skipped":0,"pct":100},"branches":{"total":4,"covered":3,"skipped":0,"pct":75}}
,"/Users/clement/Documents/code_clem/react/csv-viewer/src/hooks/useAppState.ts": {"lines":{"total":100,"covered":82,"skipped":0,"pct":82},"functions":{"total":17,"covered":16,"skipped":0,"pct":94.11},"statements":{"total":105,"covered":84,"skipped":0,"pct":80},"branches":{"total":38,"covered":20,"skipped":0,"pct":52.63}}
,"/Users/clement/Documents/code_clem/react/csv-viewer/src/hooks/useFilters.ts": {"lines":{"total":61,"covered":36,"skipped":0,"pct":59.01},"functions":{"total":18,"covered":10,"skipped":0,"pct":55.55},"statements":{"total":68,"covered":40,"skipped":0,"pct":58.82},"branches":{"total":25,"covered":10,"skipped":0,"pct":40}}
,"/Users/clement/Documents/code_clem/react/csv-viewer/src/hooks/usePagination.ts": {"lines":{"total":16,"covered":16,"skipped":0,"pct":100},"functions":{"total":8,"covered":8,"skipped":0,"pct":100},"statements":{"total":18,"covered":18,"skipped":0,"pct":100},"branches":{"total":1,"covered":1,"skipped":0,"pct":100}}
,"/Users/clement/Documents/code_clem/react/csv-viewer/src/hooks/useToast.ts": {"lines":{"total":24,"covered":24,"skipped":0,"pct":100},"functions":{"total":9,"covered":9,"skipped":0,"pct":100},"statements":{"total":27,"covered":27,"skipped":0,"pct":100},"branches":{"total":4,"covered":3,"skipped":0,"pct":75}}
,"/Users/clement/Documents/code_clem/react/csv-viewer/src/lib/data/export.ts": {"lines":{"total":17,"covered":17,"skipped":0,"pct":100},"functions":{"total":5,"covered":5,"skipped":0,"pct":100},"statements":{"total":17,"covered":17,"skipped":0,"pct":100},"branches":{"total":9,"covered":8,"skipped":0,"pct":88.88}}
,"/Users/clement/Documents/code_clem/react/csv-viewer/src/lib/data/filters.ts": {"lines":{"total":69,"covered":69,"skipped":0,"pct":100},"functions":{"total":18,"covered":18,"skipped":0,"pct":100},"statements":{"total":86,"covered":82,"skipped":0,"pct":95.34},"branches":{"total":60,"covered":47,"skipped":0,"pct":78.33}}
,"/Users/clement/Documents/code_clem/react/csv-viewer/src/lib/data/sorting.ts": {"lines":{"total":28,"covered":28,"skipped":0,"pct":100},"functions":{"total":3,"covered":3,"skipped":0,"pct":100},"statements":{"total":36,"covered":34,"skipped":0,"pct":94.44},"branches":{"total":36,"covered":31,"skipped":0,"pct":86.11}}
,"/Users/clement/Documents/code_clem/react/csv-viewer/src/lib/data/stats-filter-mapping.ts": {"lines":{"total":30,"covered":30,"skipped":0,"pct":100},"functions":{"total":13,"covered":13,"skipped":0,"pct":100},"statements":{"total":36,"covered":36,"skipped":0,"pct":100},"branches":{"total":24,"covered":24,"skipped":0,"pct":100}}
,"/Users/clement/Documents/code_clem/react/csv-viewer/src/lib/parsers/csv-parser.ts": {"lines":{"total":18,"covered":17,"skipped":0,"pct":94.44},"functions":{"total":6,"covered":5,"skipped":0,"pct":83.33},"statements":{"total":18,"covered":17,"skipped":0,"pct":94.44},"branches":{"total":6,"covered":6,"skipped":0,"pct":100}}
,"/Users/clement/Documents/code_clem/react/csv-viewer/src/lib/parsers/xlsx-parser.ts": {"lines":{"total":37,"covered":33,"skipped":0,"pct":89.18},"functions":{"total":10,"covered":9,"skipped":0,"pct":90},"statements":{"total":38,"covered":34,"skipped":0,"pct":89.47},"branches":{"total":10,"covered":7,"skipped":0,"pct":70}}
,"/Users/clement/Documents/code_clem/react/csv-viewer/src/lib/schema/config-applicator.ts": {"lines":{"total":38,"covered":38,"skipped":0,"pct":100},"functions":{"total":7,"covered":7,"skipped":0,"pct":100},"statements":{"total":41,"covered":40,"skipped":0,"pct":97.56},"branches":{"total":25,"covered":24,"skipped":0,"pct":96}}
,"/Users/clement/Documents/code_clem/react/csv-viewer/src/lib/schema/config-validator.ts": {"lines":{"total":159,"covered":92,"skipped":0,"pct":57.86},"functions":{"total":14,"covered":14,"skipped":0,"pct":100},"statements":{"total":164,"covered":95,"skipped":0,"pct":57.92},"branches":{"total":144,"covered":103,"skipped":0,"pct":71.52}}
,"/Users/clement/Documents/code_clem/react/csv-viewer/src/lib/schema/schema-inference.ts": {"lines":{"total":63,"covered":62,"skipped":0,"pct":98.41},"functions":{"total":21,"covered":20,"skipped":0,"pct":95.23},"statements":{"total":72,"covered":71,"skipped":0,"pct":98.61},"branches":{"total":34,"covered":31,"skipped":0,"pct":91.17}}
,"/Users/clement/Documents/code_clem/react/csv-viewer/src/lib/utils/cell-formatters.ts": {"lines":{"total":30,"covered":29,"skipped":0,"pct":96.66},"functions":{"total":3,"covered":3,"skipped":0,"pct":100},"statements":{"total":31,"covered":30,"skipped":0,"pct":96.77},"branches":{"total":25,"covered":21,"skipped":0,"pct":84}}
,"/Users/clement/Documents/code_clem/react/csv-viewer/src/lib/utils/date-utils.ts": {"lines":{"total":51,"covered":51,"skipped":0,"pct":100},"functions":{"total":8,"covered":8,"skipped":0,"pct":100},"statements":{"total":60,"covered":59,"skipped":0,"pct":98.33},"branches":{"total":37,"covered":36,"skipped":0,"pct":97.29}}
,"/Users/clement/Documents/code_clem/react/csv-viewer/src/lib/utils/number-utils.ts": {"lines":{"total":29,"covered":29,"skipped":0,"pct":100},"functions":{"total":4,"covered":4,"skipped":0,"pct":100},"statements":{"total":33,"covered":32,"skipped":0,"pct":96.96},"branches":{"total":29,"covered":27,"skipped":0,"pct":93.1}}
,"/Users/clement/Documents/code_clem/react/csv-viewer/src/lib/utils/string-utils.ts": {"lines":{"total":26,"covered":26,"skipped":0,"pct":100},"functions":{"total":9,"covered":9,"skipped":0,"pct":100},"statements":{"total":31,"covered":31,"skipped":0,"pct":100},"branches":{"total":14,"covered":14,"skipped":0,"pct":100}}
}
