{"numTotalTestSuites":97,"numPassedTestSuites":97,"numFailedTestSuites":0,"numPendingTestSuites":0,"numTotalTests":364,"numPassedTests":364,"numFailedTests":0,"numPendingTests":0,"numTodoTests":0,"snapshot":{"added":0,"failure":false,"filesAdded":0,"filesRemoved":0,"filesRemovedList":[],"filesUnmatched":0,"filesUpdated":0,"matched":0,"total":0,"unchecked":0,"uncheckedKeysByFile":[],"unmatched":0,"updated":0,"didUpdate":false},"startTime":1772544895605,"success":true,"testResults":[{"assertionResults":[{"ancestorTitles":["App"],"fullName":"App should render the upload screen initially","status":"passed","title":"should render the upload screen initially","duration":37.04683399999976,"failureMessages":[],"meta":{}},{"ancestorTitles":["App"],"fullName":"App should show data table after CSV upload","status":"passed","title":"should show data table after CSV upload","duration":338.52887499999997,"failureMessages":[],"meta":{}},{"ancestorTitles":["App"],"fullName":"App should show XLSX sheet selector when multiple sheets","status":"passed","title":"should show XLSX sheet selector when multiple sheets","duration":142.33708399999978,"failureMessages":[],"meta":{}},{"ancestorTitles":["App"],"fullName":"App should show error toast on invalid file","status":"passed","title":"should show error toast on invalid file","duration":39.214416000000256,"failureMessages":[],"meta":{}},{"ancestorTitles":["App"],"fullName":"App should allow sorting by clicking column headers","status":"passed","title":"should allow sorting by clicking column headers","duration":399.98891700000013,"failureMessages":[],"meta":{}}],"startTime":1772544898179,"endTime":1772544899135.989,"status":"passed","message":"","name":"/Users/clement/Documents/code_clem/react/csv-viewer/src/__tests__/App.test.tsx"},{"assertionResults":[{"ancestorTitles":["core.types"],"fullName":"core.types should allow creating a DataRow with string values","status":"passed","title":"should allow creating a DataRow with string values","duration":0.7013330000000906,"failureMessages":[],"meta":{}},{"ancestorTitles":["core.types"],"fullName":"core.types should allow creating a RawDataRow with unknown values","status":"passed","title":"should allow creating a RawDataRow with unknown values","duration":0.1890840000000935,"failureMessages":[],"meta":{}},{"ancestorTitles":["core.types"],"fullName":"core.types should support all ColumnDataType values","status":"passed","title":"should support all ColumnDataType values","duration":0.49879199999998036,"failureMessages":[],"meta":{}},{"ancestorTitles":["core.types"],"fullName":"core.types should allow creating a complete InferredColumnSchema","status":"passed","title":"should allow creating a complete InferredColumnSchema","duration":0.30558300000006966,"failureMessages":[],"meta":{}},{"ancestorTitles":["core.types"],"fullName":"core.types should allow InferredColumnSchema with optional fields for number type","status":"passed","title":"should allow InferredColumnSchema with optional fields for number type","duration":0.09845899999993435,"failureMessages":[],"meta":{}},{"ancestorTitles":["core.types"],"fullName":"core.types should allow InferredColumnSchema with separator for multi type","status":"passed","title":"should allow InferredColumnSchema with separator for multi type","duration":0.10866599999997106,"failureMessages":[],"meta":{}},{"ancestorTitles":["core.types"],"fullName":"core.types should allow creating a ColumnTypeDetectionResult","status":"passed","title":"should allow creating a ColumnTypeDetectionResult","duration":0.1678749999999809,"failureMessages":[],"meta":{}}],"startTime":1772544904615,"endTime":1772544904617.3057,"status":"passed","message":"","name":"/Users/clement/Documents/code_clem/react/csv-viewer/src/types/__tests__/core.types.test.ts"},{"assertionResults":[{"ancestorTitles":["exportDataRowsToCSVFile"],"fullName":"exportDataRowsToCSVFile should create a downloadable CSV file","status":"passed","title":"should create a downloadable CSV file","duration":1.7237499999998818,"failureMessages":[],"meta":{}},{"ancestorTitles":["exportDataRowsToCSVFile"],"fullName":"exportDataRowsToCSVFile should include only visible columns","status":"passed","title":"should include only visible columns","duration":0.5109999999999673,"failureMessages":[],"meta":{}},{"ancestorTitles":["exportDataRowsToCSVFile"],"fullName":"exportDataRowsToCSVFile should use column labels when provided","status":"passed","title":"should use column labels when provided","duration":0.4225420000000213,"failureMessages":[],"meta":{}},{"ancestorTitles":["exportDataRowsToCSVFile"],"fullName":"exportDataRowsToCSVFile should escape values containing commas","status":"passed","title":"should escape values containing commas","duration":0.34112500000014734,"failureMessages":[],"meta":{}},{"ancestorTitles":["exportDataRowsToCSVFile"],"fullName":"exportDataRowsToCSVFile should escape values containing double quotes","status":"passed","title":"should escape values containing double quotes","duration":0.22412499999995816,"failureMessages":[],"meta":{}},{"ancestorTitles":["exportDataRowsToCSVFile"],"fullName":"exportDataRowsToCSVFile should escape values containing newlines","status":"passed","title":"should escape values containing newlines","duration":0.17300000000000182,"failureMessages":[],"meta":{}},{"ancestorTitles":["exportDataRowsToCSVFile"],"fullName":"exportDataRowsToCSVFile should generate proper CSV structure with headers and rows","status":"passed","title":"should generate proper CSV structure with headers and rows","duration":0.2320830000001024,"failureMessages":[],"meta":{}},{"ancestorTitles":["exportDataRowsToCSVFile"],"fullName":"exportDataRowsToCSVFile should set correct filename on download link","status":"passed","title":"should set correct filename on download link","duration":0.14545899999984613,"failureMessages":[],"meta":{}}],"startTime":1772544904449,"endTime":1772544904453.2322,"status":"passed","message":"","name":"/Users/clement/Documents/code_clem/react/csv-viewer/src/lib/data/__tests__/export.test.ts"},{"assertionResults":[{"ancestorTitles":["applyAllFiltersToDataRows"],"fullName":"applyAllFiltersToDataRows should return all rows when no filters are active","status":"passed","title":"should return all rows when no filters are active","duration":3.0730419999999867,"failureMessages":[],"meta":{}},{"ancestorTitles":["applyAllFiltersToDataRows"],"fullName":"applyAllFiltersToDataRows should filter by global search term","status":"passed","title":"should filter by global search term","duration":0.8477920000000267,"failureMessages":[],"meta":{}},{"ancestorTitles":["applyAllFiltersToDataRows"],"fullName":"applyAllFiltersToDataRows should be case-insensitive for global search","status":"passed","title":"should be case-insensitive for global search","duration":0.5784579999999551,"failureMessages":[],"meta":{}},{"ancestorTitles":["applyAllFiltersToDataRows"],"fullName":"applyAllFiltersToDataRows should filter by text column value","status":"passed","title":"should filter by text column value","duration":0.848165999999992,"failureMessages":[],"meta":{}},{"ancestorTitles":["applyAllFiltersToDataRows"],"fullName":"applyAllFiltersToDataRows should filter by category (OR between selected values)","status":"passed","title":"should filter by category (OR between selected values)","duration":0.36954199999991033,"failureMessages":[],"meta":{}},{"ancestorTitles":["applyAllFiltersToDataRows"],"fullName":"applyAllFiltersToDataRows should not filter when category selectedValues is empty","status":"passed","title":"should not filter when category selectedValues is empty","duration":0.379790999999841,"failureMessages":[],"meta":{}},{"ancestorTitles":["applyAllFiltersToDataRows"],"fullName":"applyAllFiltersToDataRows should filter by date range (inclusive)","status":"passed","title":"should filter by date range (inclusive)","duration":7.641750000000002,"failureMessages":[],"meta":{}},{"ancestorTitles":["applyAllFiltersToDataRows"],"fullName":"applyAllFiltersToDataRows should include rows matching exact start/end dates","status":"passed","title":"should include rows matching exact start/end dates","duration":0.5703750000000127,"failureMessages":[],"meta":{}},{"ancestorTitles":["applyAllFiltersToDataRows"],"fullName":"applyAllFiltersToDataRows should handle date range with only startDate","status":"passed","title":"should handle date range with only startDate","duration":0.8446660000001884,"failureMessages":[],"meta":{}},{"ancestorTitles":["applyAllFiltersToDataRows"],"fullName":"applyAllFiltersToDataRows should handle date range with only endDate","status":"passed","title":"should handle date range with only endDate","duration":0.6480830000000424,"failureMessages":[],"meta":{}},{"ancestorTitles":["applyAllFiltersToDataRows"],"fullName":"applyAllFiltersToDataRows should filter by number range (inclusive)","status":"passed","title":"should filter by number range (inclusive)","duration":0.7582910000000993,"failureMessages":[],"meta":{}},{"ancestorTitles":["applyAllFiltersToDataRows"],"fullName":"applyAllFiltersToDataRows should handle number range with only minValue","status":"passed","title":"should handle number range with only minValue","duration":0.49387499999988904,"failureMessages":[],"meta":{}},{"ancestorTitles":["applyAllFiltersToDataRows"],"fullName":"applyAllFiltersToDataRows should exclude non-numeric values from number filter","status":"passed","title":"should exclude non-numeric values from number filter","duration":0.23995799999988776,"failureMessages":[],"meta":{}},{"ancestorTitles":["applyAllFiltersToDataRows"],"fullName":"applyAllFiltersToDataRows should filter by boolean true","status":"passed","title":"should filter by boolean true","duration":0.24895900000001348,"failureMessages":[],"meta":{}},{"ancestorTitles":["applyAllFiltersToDataRows"],"fullName":"applyAllFiltersToDataRows should filter by boolean false","status":"passed","title":"should filter by boolean false","duration":0.17724999999995816,"failureMessages":[],"meta":{}},{"ancestorTitles":["applyAllFiltersToDataRows"],"fullName":"applyAllFiltersToDataRows should not filter when boolean is \"all\"","status":"passed","title":"should not filter when boolean is \"all\"","duration":0.17487500000015643,"failureMessages":[],"meta":{}},{"ancestorTitles":["applyAllFiltersToDataRows"],"fullName":"applyAllFiltersToDataRows should filter by multi-select values (intersection)","status":"passed","title":"should filter by multi-select values (intersection)","duration":0.7959579999999278,"failureMessages":[],"meta":{}},{"ancestorTitles":["applyAllFiltersToDataRows"],"fullName":"applyAllFiltersToDataRows should not filter when multi-select selectedValues is empty","status":"passed","title":"should not filter when multi-select selectedValues is empty","duration":0.11824999999998909,"failureMessages":[],"meta":{}},{"ancestorTitles":["applyAllFiltersToDataRows"],"fullName":"applyAllFiltersToDataRows should combine multiple filters with AND logic","status":"passed","title":"should combine multiple filters with AND logic","duration":0.08595900000000256,"failureMessages":[],"meta":{}}],"startTime":1772544904175,"endTime":1772544904194.1182,"status":"passed","message":"","name":"/Users/clement/Documents/code_clem/react/csv-viewer/src/lib/data/__tests__/filters.test.ts"},{"assertionResults":[{"ancestorTitles":["sortDataRowsByColumn"],"fullName":"sortDataRowsByColumn should return data as-is when columnName is null","status":"passed","title":"should return data as-is when columnName is null","duration":0.9075829999999314,"failureMessages":[],"meta":{}},{"ancestorTitles":["sortDataRowsByColumn"],"fullName":"sortDataRowsByColumn should sort text column ascending","status":"passed","title":"should sort text column ascending","duration":8.470667000000049,"failureMessages":[],"meta":{}},{"ancestorTitles":["sortDataRowsByColumn"],"fullName":"sortDataRowsByColumn should sort text column descending","status":"passed","title":"should sort text column descending","duration":0.17650000000003274,"failureMessages":[],"meta":{}},{"ancestorTitles":["sortDataRowsByColumn"],"fullName":"sortDataRowsByColumn should sort number column ascending","status":"passed","title":"should sort number column ascending","duration":0.5217499999998836,"failureMessages":[],"meta":{}},{"ancestorTitles":["sortDataRowsByColumn"],"fullName":"sortDataRowsByColumn should sort number column descending","status":"passed","title":"should sort number column descending","duration":0.093166999999994,"failureMessages":[],"meta":{}},{"ancestorTitles":["sortDataRowsByColumn"],"fullName":"sortDataRowsByColumn should sort date column ascending","status":"passed","title":"should sort date column ascending","duration":0.3162080000001879,"failureMessages":[],"meta":{}},{"ancestorTitles":["sortDataRowsByColumn"],"fullName":"sortDataRowsByColumn should sort date column descending","status":"passed","title":"should sort date column descending","duration":0.1224170000000413,"failureMessages":[],"meta":{}},{"ancestorTitles":["sortDataRowsByColumn"],"fullName":"sortDataRowsByColumn should sort boolean column (false < true)","status":"passed","title":"should sort boolean column (false < true)","duration":0.07645800000000236,"failureMessages":[],"meta":{}},{"ancestorTitles":["sortDataRowsByColumn"],"fullName":"sortDataRowsByColumn should not mutate the original array","status":"passed","title":"should not mutate the original array","duration":0.3129589999998643,"failureMessages":[],"meta":{}},{"ancestorTitles":["sortDataRowsByColumn"],"fullName":"sortDataRowsByColumn should put non-numeric values at the end when sorting numbers","status":"passed","title":"should put non-numeric values at the end when sorting numbers","duration":0.10404200000016317,"failureMessages":[],"meta":{}},{"ancestorTitles":["sortDataRowsByColumn"],"fullName":"sortDataRowsByColumn should put invalid dates at the end when sorting dates","status":"passed","title":"should put invalid dates at the end when sorting dates","duration":0.10654199999999037,"failureMessages":[],"meta":{}},{"ancestorTitles":["sortDataRowsByColumn"],"fullName":"sortDataRowsByColumn should handle empty data","status":"passed","title":"should handle empty data","duration":0.046749999999974534,"failureMessages":[],"meta":{}}],"startTime":1772544903371,"endTime":1772544903383.0466,"status":"passed","message":"","name":"/Users/clement/Documents/code_clem/react/csv-viewer/src/lib/data/__tests__/sorting.test.ts"},{"assertionResults":[{"ancestorTitles":["buildFilterPayloadFromStatClick","countByColumn → category filter"],"fullName":"buildFilterPayloadFromStatClick countByColumn → category filter should create a category filter with the clicked value when no filter exists","status":"passed","title":"should create a category filter with the clicked value when no filter exists","duration":5.135167000000138,"failureMessages":[],"meta":{}},{"ancestorTitles":["buildFilterPayloadFromStatClick","countByColumn → category filter"],"fullName":"buildFilterPayloadFromStatClick countByColumn → category filter should add a second value to existing category filter (cumulative OR)","status":"passed","title":"should add a second value to existing category filter (cumulative OR)","duration":4.0160829999999805,"failureMessages":[],"meta":{}},{"ancestorTitles":["buildFilterPayloadFromStatClick","countByColumn → category filter"],"fullName":"buildFilterPayloadFromStatClick countByColumn → category filter should remove the value when clicking an already active value (toggle off)","status":"passed","title":"should remove the value when clicking an already active value (toggle off)","duration":8.335291000000097,"failureMessages":[],"meta":{}},{"ancestorTitles":["buildFilterPayloadFromStatClick","countByColumn → category filter"],"fullName":"buildFilterPayloadFromStatClick countByColumn → category filter should return empty selectedValues when toggling off the last value","status":"passed","title":"should return empty selectedValues when toggling off the last value","duration":14.889583999999786,"failureMessages":[],"meta":{}},{"ancestorTitles":["buildFilterPayloadFromStatClick","countByYearFromDate → dateRange filter"],"fullName":"buildFilterPayloadFromStatClick countByYearFromDate → dateRange filter should create a date range filter for the clicked year","status":"passed","title":"should create a date range filter for the clicked year","duration":1.6935829999999896,"failureMessages":[],"meta":{}},{"ancestorTitles":["buildFilterPayloadFromStatClick","countByYearFromDate → dateRange filter"],"fullName":"buildFilterPayloadFromStatClick countByYearFromDate → dateRange filter should toggle off date range when clicking the same year","status":"passed","title":"should toggle off date range when clicking the same year","duration":0.1294589999999971,"failureMessages":[],"meta":{}},{"ancestorTitles":["buildFilterPayloadFromStatClick","countByYearFromDate → dateRange filter"],"fullName":"buildFilterPayloadFromStatClick countByYearFromDate → dateRange filter should replace with new year when clicking a different year","status":"passed","title":"should replace with new year when clicking a different year","duration":0.15550000000007458,"failureMessages":[],"meta":{}},{"ancestorTitles":["buildFilterPayloadFromStatClick","countBySplitValues → multiSelect filter"],"fullName":"buildFilterPayloadFromStatClick countBySplitValues → multiSelect filter should create a multiSelect filter with the clicked value","status":"passed","title":"should create a multiSelect filter with the clicked value","duration":0.14812499999993634,"failureMessages":[],"meta":{}},{"ancestorTitles":["buildFilterPayloadFromStatClick","countBySplitValues → multiSelect filter"],"fullName":"buildFilterPayloadFromStatClick countBySplitValues → multiSelect filter should add a value to existing multiSelect filter","status":"passed","title":"should add a value to existing multiSelect filter","duration":0.2625829999999496,"failureMessages":[],"meta":{}},{"ancestorTitles":["buildFilterPayloadFromStatClick","countBySplitValues → multiSelect filter"],"fullName":"buildFilterPayloadFromStatClick countBySplitValues → multiSelect filter should toggle off a value from multiSelect filter","status":"passed","title":"should toggle off a value from multiSelect filter","duration":0.09441599999991013,"failureMessages":[],"meta":{}},{"ancestorTitles":["isStatValueActiveInFilters"],"fullName":"isStatValueActiveInFilters should return false when no filters exist","status":"passed","title":"should return false when no filters exist","duration":0.13312500000006366,"failureMessages":[],"meta":{}},{"ancestorTitles":["isStatValueActiveInFilters"],"fullName":"isStatValueActiveInFilters should return true when category value is in selectedValues","status":"passed","title":"should return true when category value is in selectedValues","duration":0.051333999999997104,"failureMessages":[],"meta":{}},{"ancestorTitles":["isStatValueActiveInFilters"],"fullName":"isStatValueActiveInFilters should return false when category value is not in selectedValues","status":"passed","title":"should return false when category value is not in selectedValues","duration":0.03729199999997945,"failureMessages":[],"meta":{}},{"ancestorTitles":["isStatValueActiveInFilters"],"fullName":"isStatValueActiveInFilters should return true when date range matches the year","status":"passed","title":"should return true when date range matches the year","duration":0.040124999999989086,"failureMessages":[],"meta":{}},{"ancestorTitles":["isStatValueActiveInFilters"],"fullName":"isStatValueActiveInFilters should return false when date range does not match the year","status":"passed","title":"should return false when date range does not match the year","duration":0.03466699999989942,"failureMessages":[],"meta":{}},{"ancestorTitles":["isStatValueActiveInFilters"],"fullName":"isStatValueActiveInFilters should return true when multiSelect value is in selectedValues","status":"passed","title":"should return true when multiSelect value is in selectedValues","duration":0.03695900000002439,"failureMessages":[],"meta":{}},{"ancestorTitles":["isStatValueActiveInFilters"],"fullName":"isStatValueActiveInFilters should return false when multiSelect value is not in selectedValues","status":"passed","title":"should return false when multiSelect value is not in selectedValues","duration":0.03262500000005275,"failureMessages":[],"meta":{}}],"startTime":1772544902981,"endTime":1772544903030.0513,"status":"passed","message":"","name":"/Users/clement/Documents/code_clem/react/csv-viewer/src/lib/data/__tests__/stats-filter-mapping.test.ts"},{"assertionResults":[{"ancestorTitles":["useAppState"],"fullName":"useAppState should initialize with empty state","status":"passed","title":"should initialize with empty state","duration":40.31720799999994,"failureMessages":[],"meta":{}},{"ancestorTitles":["useAppState"],"fullName":"useAppState should parse CSV file on data upload","status":"passed","title":"should parse CSV file on data upload","duration":6.903833000000077,"failureMessages":[],"meta":{}},{"ancestorTitles":["useAppState"],"fullName":"useAppState should parse XLSX file on data upload","status":"passed","title":"should parse XLSX file on data upload","duration":2.285333000000037,"failureMessages":[],"meta":{}},{"ancestorTitles":["useAppState"],"fullName":"useAppState should set visible columns from schema after parsing","status":"passed","title":"should set visible columns from schema after parsing","duration":6.244625000000042,"failureMessages":[],"meta":{}},{"ancestorTitles":["useAppState"],"fullName":"useAppState should toggle column visibility","status":"passed","title":"should toggle column visibility","duration":9.940249999999878,"failureMessages":[],"meta":{}},{"ancestorTitles":["useAppState"],"fullName":"useAppState should select and navigate rows","status":"passed","title":"should select and navigate rows","duration":4.533749999999827,"failureMessages":[],"meta":{}},{"ancestorTitles":["useAppState"],"fullName":"useAppState should not navigate before first or after last row","status":"passed","title":"should not navigate before first or after last row","duration":4.639750000000049,"failureMessages":[],"meta":{}},{"ancestorTitles":["useAppState"],"fullName":"useAppState should handle config file upload","status":"passed","title":"should handle config file upload","duration":4.6703329999998004,"failureMessages":[],"meta":{}}],"startTime":1772544902128,"endTime":1772544902207.6704,"status":"passed","message":"","name":"/Users/clement/Documents/code_clem/react/csv-viewer/src/hooks/__tests__/useAppState.test.ts"},{"assertionResults":[{"ancestorTitles":["useFilters"],"fullName":"useFilters should start with empty filter state","status":"passed","title":"should start with empty filter state","duration":30.90991599999984,"failureMessages":[],"meta":{}},{"ancestorTitles":["useFilters"],"fullName":"useFilters should update a text filter","status":"passed","title":"should update a text filter","duration":15.493291,"failureMessages":[],"meta":{}},{"ancestorTitles":["useFilters"],"fullName":"useFilters should update existing filter for same column","status":"passed","title":"should update existing filter for same column","duration":2.6552500000000236,"failureMessages":[],"meta":{}},{"ancestorTitles":["useFilters"],"fullName":"useFilters should update global search filter","status":"passed","title":"should update global search filter","duration":1.9276250000000346,"failureMessages":[],"meta":{}},{"ancestorTitles":["useFilters"],"fullName":"useFilters should reset all filters","status":"passed","title":"should reset all filters","duration":1.7435829999999441,"failureMessages":[],"meta":{}},{"ancestorTitles":["useFilters"],"fullName":"useFilters should count only active filters (non-empty)","status":"passed","title":"should count only active filters (non-empty)","duration":0.7551659999999174,"failureMessages":[],"meta":{}}],"startTime":1772544901765,"endTime":1772544901818.7551,"status":"passed","message":"","name":"/Users/clement/Documents/code_clem/react/csv-viewer/src/hooks/__tests__/useFilters.test.ts"},{"assertionResults":[{"ancestorTitles":["usePagination"],"fullName":"usePagination should start at page 1","status":"passed","title":"should start at page 1","duration":25.114250000000084,"failureMessages":[],"meta":{}},{"ancestorTitles":["usePagination"],"fullName":"usePagination should navigate to next page","status":"passed","title":"should navigate to next page","duration":14.931708999999955,"failureMessages":[],"meta":{}},{"ancestorTitles":["usePagination"],"fullName":"usePagination should navigate to previous page","status":"passed","title":"should navigate to previous page","duration":5.819833999999901,"failureMessages":[],"meta":{}},{"ancestorTitles":["usePagination"],"fullName":"usePagination should clamp page between 1 and totalPages","status":"passed","title":"should clamp page between 1 and totalPages","duration":1.2893339999998261,"failureMessages":[],"meta":{}},{"ancestorTitles":["usePagination"],"fullName":"usePagination should not go below page 1 with prevPage","status":"passed","title":"should not go below page 1 with prevPage","duration":5.254999999999882,"failureMessages":[],"meta":{}},{"ancestorTitles":["usePagination"],"fullName":"usePagination should not go above totalPages with nextPage","status":"passed","title":"should not go above totalPages with nextPage","duration":8.764582999999902,"failureMessages":[],"meta":{}},{"ancestorTitles":["usePagination"],"fullName":"usePagination should reset to page 1 when changing rowsPerPage","status":"passed","title":"should reset to page 1 when changing rowsPerPage","duration":6.6495000000002165,"failureMessages":[],"meta":{}},{"ancestorTitles":["usePagination"],"fullName":"usePagination should handle totalPages of 1 when rows less than rowsPerPage","status":"passed","title":"should handle totalPages of 1 when rows less than rowsPerPage","duration":0.6607500000000073,"failureMessages":[],"meta":{}}],"startTime":1772544903079,"endTime":1772544903147.6606,"status":"passed","message":"","name":"/Users/clement/Documents/code_clem/react/csv-viewer/src/hooks/__tests__/usePagination.test.ts"},{"assertionResults":[{"ancestorTitles":["useToast"],"fullName":"useToast should start with empty toasts","status":"passed","title":"should start with empty toasts","duration":19.342499999999973,"failureMessages":[],"meta":{}},{"ancestorTitles":["useToast"],"fullName":"useToast should add a toast","status":"passed","title":"should add a toast","duration":2.4844590000000153,"failureMessages":[],"meta":{}},{"ancestorTitles":["useToast"],"fullName":"useToast should remove a toast by id","status":"passed","title":"should remove a toast by id","duration":2.601167000000032,"failureMessages":[],"meta":{}},{"ancestorTitles":["useToast"],"fullName":"useToast should auto-dismiss success toast after default duration","status":"passed","title":"should auto-dismiss success toast after default duration","duration":22.025709000000006,"failureMessages":[],"meta":{}},{"ancestorTitles":["useToast"],"fullName":"useToast should auto-dismiss error toast after 8000ms","status":"passed","title":"should auto-dismiss error toast after 8000ms","duration":2.0335000000000036,"failureMessages":[],"meta":{}},{"ancestorTitles":["useToast"],"fullName":"useToast should use custom duration when provided","status":"passed","title":"should use custom duration when provided","duration":7.220499999999902,"failureMessages":[],"meta":{}}],"startTime":1772544902174,"endTime":1772544902230.2205,"status":"passed","message":"","name":"/Users/clement/Documents/code_clem/react/csv-viewer/src/hooks/__tests__/useToast.test.ts"},{"assertionResults":[{"ancestorTitles":["parseCSVFileToNormalizedRows"],"fullName":"parseCSVFileToNormalizedRows should parse a basic CSV with comma delimiter","status":"passed","title":"should parse a basic CSV with comma delimiter","duration":12.322291999999834,"failureMessages":[],"meta":{}},{"ancestorTitles":["parseCSVFileToNormalizedRows"],"fullName":"parseCSVFileToNormalizedRows should trim whitespace from values","status":"passed","title":"should trim whitespace from values","duration":3.5873330000001715,"failureMessages":[],"meta":{}},{"ancestorTitles":["parseCSVFileToNormalizedRows"],"fullName":"parseCSVFileToNormalizedRows should normalize header names","status":"passed","title":"should normalize header names","duration":5.472582999999986,"failureMessages":[],"meta":{}},{"ancestorTitles":["parseCSVFileToNormalizedRows"],"fullName":"parseCSVFileToNormalizedRows should auto-detect semicolon delimiter","status":"passed","title":"should auto-detect semicolon delimiter","duration":2.719875000000002,"failureMessages":[],"meta":{}},{"ancestorTitles":["parseCSVFileToNormalizedRows"],"fullName":"parseCSVFileToNormalizedRows should auto-detect pipe delimiter","status":"passed","title":"should auto-detect pipe delimiter","duration":2.4141250000000127,"failureMessages":[],"meta":{}},{"ancestorTitles":["parseCSVFileToNormalizedRows"],"fullName":"parseCSVFileToNormalizedRows should use custom delimiter when provided","status":"passed","title":"should use custom delimiter when provided","duration":6.079958000000033,"failureMessages":[],"meta":{}},{"ancestorTitles":["parseCSVFileToNormalizedRows"],"fullName":"parseCSVFileToNormalizedRows should handle empty cell values","status":"passed","title":"should handle empty cell values","duration":0.739667000000054,"failureMessages":[],"meta":{}},{"ancestorTitles":["parseCSVFileToNormalizedRows"],"fullName":"parseCSVFileToNormalizedRows should throw error for empty file","status":"passed","title":"should throw error for empty file","duration":2.452874999999949,"failureMessages":[],"meta":{}},{"ancestorTitles":["parseCSVFileToNormalizedRows"],"fullName":"parseCSVFileToNormalizedRows should throw error for file with only headers","status":"passed","title":"should throw error for file with only headers","duration":3.558375000000069,"failureMessages":[],"meta":{}},{"ancestorTitles":["parseCSVFileToNormalizedRows"],"fullName":"parseCSVFileToNormalizedRows should deduplicate identical header names","status":"passed","title":"should deduplicate identical header names","duration":2.9089590000000953,"failureMessages":[],"meta":{}},{"ancestorTitles":["parseCSVFileToNormalizedRows"],"fullName":"parseCSVFileToNormalizedRows should skip empty lines","status":"passed","title":"should skip empty lines","duration":2.1935000000000855,"failureMessages":[],"meta":{}}],"startTime":1772544903056,"endTime":1772544903104.1936,"status":"passed","message":"","name":"/Users/clement/Documents/code_clem/react/csv-viewer/src/lib/parsers/__tests__/csv-parser.test.ts"},{"assertionResults":[{"ancestorTitles":["parseXLSXFirstSheetWithAvailableSheets"],"fullName":"parseXLSXFirstSheetWithAvailableSheets should parse basic XLSX with first sheet data","status":"passed","title":"should parse basic XLSX with first sheet data","duration":37.26433299999985,"failureMessages":[],"meta":{}},{"ancestorTitles":["parseXLSXFirstSheetWithAvailableSheets"],"fullName":"parseXLSXFirstSheetWithAvailableSheets should return all available sheet names","status":"passed","title":"should return all available sheet names","duration":11.396749999999884,"failureMessages":[],"meta":{}},{"ancestorTitles":["parseXLSXFirstSheetWithAvailableSheets"],"fullName":"parseXLSXFirstSheetWithAvailableSheets should return data from first sheet only","status":"passed","title":"should return data from first sheet only","duration":7.540666999999985,"failureMessages":[],"meta":{}},{"ancestorTitles":["parseXLSXFirstSheetWithAvailableSheets"],"fullName":"parseXLSXFirstSheetWithAvailableSheets should normalize header names","status":"passed","title":"should normalize header names","duration":12.223375000000033,"failureMessages":[],"meta":{}},{"ancestorTitles":["parseXLSXFirstSheetWithAvailableSheets"],"fullName":"parseXLSXFirstSheetWithAvailableSheets should handle empty cells as empty strings","status":"passed","title":"should handle empty cells as empty strings","duration":7.134290999999848,"failureMessages":[],"meta":{}},{"ancestorTitles":["parseXLSXFirstSheetWithAvailableSheets"],"fullName":"parseXLSXFirstSheetWithAvailableSheets should throw error for empty file","status":"passed","title":"should throw error for empty file","duration":13.3510839999999,"failureMessages":[],"meta":{}},{"ancestorTitles":["parseXLSXFirstSheetWithAvailableSheets"],"fullName":"parseXLSXFirstSheetWithAvailableSheets should deduplicate identical header names","status":"passed","title":"should deduplicate identical header names","duration":8.937791000000061,"failureMessages":[],"meta":{}},{"ancestorTitles":["parseXLSXFirstSheetWithAvailableSheets"],"fullName":"parseXLSXFirstSheetWithAvailableSheets should handle numeric values as strings","status":"passed","title":"should handle numeric values as strings","duration":52.13349999999991,"failureMessages":[],"meta":{}},{"ancestorTitles":["extractRowsFromSpecificSheet"],"fullName":"extractRowsFromSpecificSheet should extract data from a specific sheet","status":"passed","title":"should extract data from a specific sheet","duration":32.494249999999965,"failureMessages":[],"meta":{}},{"ancestorTitles":["extractRowsFromSpecificSheet"],"fullName":"extractRowsFromSpecificSheet should throw error for non-existent sheet","status":"passed","title":"should throw error for non-existent sheet","duration":20.33529199999998,"failureMessages":[],"meta":{}},{"ancestorTitles":["extractRowsFromSpecificSheet"],"fullName":"extractRowsFromSpecificSheet should normalize headers from specific sheet","status":"passed","title":"should normalize headers from specific sheet","duration":3.200166000000081,"failureMessages":[],"meta":{}},{"ancestorTitles":["extractRowsFromSpecificSheet"],"fullName":"extractRowsFromSpecificSheet should throw error for empty specific sheet","status":"passed","title":"should throw error for empty specific sheet","duration":3.057333000000199,"failureMessages":[],"meta":{}}],"startTime":1772544901338,"endTime":1772544901548.0574,"status":"passed","message":"","name":"/Users/clement/Documents/code_clem/react/csv-viewer/src/lib/parsers/__tests__/xlsx-parser.test.ts"},{"assertionResults":[{"ancestorTitles":["applyColumnAliasesToDataRows"],"fullName":"applyColumnAliasesToDataRows should rename columns according to aliases","status":"passed","title":"should rename columns according to aliases","duration":3.38087500000006,"failureMessages":[],"meta":{}},{"ancestorTitles":["applyColumnAliasesToDataRows"],"fullName":"applyColumnAliasesToDataRows should not mutate original data","status":"passed","title":"should not mutate original data","duration":0.23329199999989214,"failureMessages":[],"meta":{}},{"ancestorTitles":["applyColumnAliasesToDataRows"],"fullName":"applyColumnAliasesToDataRows should keep columns without aliases unchanged","status":"passed","title":"should keep columns without aliases unchanged","duration":0.09887499999990723,"failureMessages":[],"meta":{}},{"ancestorTitles":["applyConfigToSchemaAndData"],"fullName":"applyConfigToSchemaAndData should return applied config without warnings when columns match","status":"passed","title":"should return applied config without warnings when columns match","duration":0.8204169999999067,"failureMessages":[],"meta":{}},{"ancestorTitles":["applyConfigToSchemaAndData"],"fullName":"applyConfigToSchemaAndData should warn when some expected headers are missing (less than 50%)","status":"passed","title":"should warn when some expected headers are missing (less than 50%)","duration":0.12483400000019174,"failureMessages":[],"meta":{}},{"ancestorTitles":["applyConfigToSchemaAndData"],"fullName":"applyConfigToSchemaAndData should throw error when ≥50% headers missing with strictMode","status":"passed","title":"should throw error when ≥50% headers missing with strictMode","duration":0.36999999999989086,"failureMessages":[],"meta":{}},{"ancestorTitles":["applyConfigToSchemaAndData"],"fullName":"applyConfigToSchemaAndData should warn but not throw when ≥50% missing without strictMode","status":"passed","title":"should warn but not throw when ≥50% missing without strictMode","duration":0.13583300000004783,"failureMessages":[],"meta":{}},{"ancestorTitles":["applyConfigToSchemaAndData"],"fullName":"applyConfigToSchemaAndData should apply column aliases to data rows","status":"passed","title":"should apply column aliases to data rows","duration":0.14737500000001091,"failureMessages":[],"meta":{}},{"ancestorTitles":["applyConfigToSchemaAndData"],"fullName":"applyConfigToSchemaAndData should merge user config with auto-generated config (user takes priority)","status":"passed","title":"should merge user config with auto-generated config (user takes priority)","duration":0.5606249999998454,"failureMessages":[],"meta":{}},{"ancestorTitles":["applyConfigToSchemaAndData"],"fullName":"applyConfigToSchemaAndData should preserve data when no aliases are defined","status":"passed","title":"should preserve data when no aliases are defined","duration":0.0915829999999005,"failureMessages":[],"meta":{}},{"ancestorTitles":["applyConfigToSchemaAndData"],"fullName":"applyConfigToSchemaAndData should generate default config when user config is empty","status":"passed","title":"should generate default config when user config is empty","duration":0.07716600000003382,"failureMessages":[],"meta":{}},{"ancestorTitles":["applyConfigToSchemaAndData"],"fullName":"applyConfigToSchemaAndData should not overwrite user-defined filters with auto-generated ones","status":"passed","title":"should not overwrite user-defined filters with auto-generated ones","duration":0.0644169999998212,"failureMessages":[],"meta":{}}],"startTime":1772544904248,"endTime":1772544904254.5605,"status":"passed","message":"","name":"/Users/clement/Documents/code_clem/react/csv-viewer/src/lib/schema/__tests__/config-applicator.test.ts"},{"assertionResults":[{"ancestorTitles":["validateConfigAndReturnResult"],"fullName":"validateConfigAndReturnResult should validate a minimal empty config","status":"passed","title":"should validate a minimal empty config","duration":1.039583999999877,"failureMessages":[],"meta":{}},{"ancestorTitles":["validateConfigAndReturnResult"],"fullName":"validateConfigAndReturnResult should validate a complete valid config","status":"passed","title":"should validate a complete valid config","duration":0.3541250000000673,"failureMessages":[],"meta":{}},{"ancestorTitles":["validateConfigAndReturnResult"],"fullName":"validateConfigAndReturnResult should reject non-object config","status":"passed","title":"should reject non-object config","duration":0.12416699999994307,"failureMessages":[],"meta":{}},{"ancestorTitles":["validateConfigAndReturnResult"],"fullName":"validateConfigAndReturnResult should reject null config","status":"passed","title":"should reject null config","duration":0.21762499999999818,"failureMessages":[],"meta":{}},{"ancestorTitles":["validateConfigAndReturnResult"],"fullName":"validateConfigAndReturnResult should report error for invalid app.title type","status":"passed","title":"should report error for invalid app.title type","duration":0.10495800000012423,"failureMessages":[],"meta":{}},{"ancestorTitles":["validateConfigAndReturnResult"],"fullName":"validateConfigAndReturnResult should report error for unknown top-level keys","status":"passed","title":"should report error for unknown top-level keys","duration":0.13879199999996672,"failureMessages":[],"meta":{}},{"ancestorTitles":["validateConfigAndReturnResult"],"fullName":"validateConfigAndReturnResult should validate column format config with badge type","status":"passed","title":"should validate column format config with badge type","duration":0.22358299999996234,"failureMessages":[],"meta":{}},{"ancestorTitles":["validateConfigAndReturnResult"],"fullName":"validateConfigAndReturnResult should validate column format config with date type","status":"passed","title":"should validate column format config with date type","duration":0.0757499999999709,"failureMessages":[],"meta":{}},{"ancestorTitles":["validateConfigAndReturnResult"],"fullName":"validateConfigAndReturnResult should reject invalid column format type","status":"passed","title":"should reject invalid column format type","duration":0.21033399999987523,"failureMessages":[],"meta":{}},{"ancestorTitles":["validateConfigAndReturnResult"],"fullName":"validateConfigAndReturnResult should validate stats config","status":"passed","title":"should validate stats config","duration":0.12654200000019955,"failureMessages":[],"meta":{}},{"ancestorTitles":["validateConfigAndReturnResult"],"fullName":"validateConfigAndReturnResult should validate detailModal config","status":"passed","title":"should validate detailModal config","duration":0.07024999999998727,"failureMessages":[],"meta":{}},{"ancestorTitles":["validateConfigAndReturnResult"],"fullName":"validateConfigAndReturnResult should reject invalid filters config type","status":"passed","title":"should reject invalid filters config type","duration":0.042584000000033484,"failureMessages":[],"meta":{}}],"startTime":1772544904251,"endTime":1772544904254.1265,"status":"passed","message":"","name":"/Users/clement/Documents/code_clem/react/csv-viewer/src/lib/schema/__tests__/config-validator.test.ts"},{"assertionResults":[{"ancestorTitles":["calculateEmptyValuesRate"],"fullName":"calculateEmptyValuesRate should return 0 for all non-empty values","status":"passed","title":"should return 0 for all non-empty values","duration":1.7433750000000146,"failureMessages":[],"meta":{}},{"ancestorTitles":["calculateEmptyValuesRate"],"fullName":"calculateEmptyValuesRate should return 1 for all empty values","status":"passed","title":"should return 1 for all empty values","duration":0.5027919999999995,"failureMessages":[],"meta":{}},{"ancestorTitles":["calculateEmptyValuesRate"],"fullName":"calculateEmptyValuesRate should return correct rate for mixed values","status":"passed","title":"should return correct rate for mixed values","duration":0.1895830000000842,"failureMessages":[],"meta":{}},{"ancestorTitles":["calculateEmptyValuesRate"],"fullName":"calculateEmptyValuesRate should return 0 for empty array","status":"passed","title":"should return 0 for empty array","duration":0.6457089999998971,"failureMessages":[],"meta":{}},{"ancestorTitles":["extractDistinctNonEmptyValues"],"fullName":"extractDistinctNonEmptyValues should return unique non-empty values","status":"passed","title":"should return unique non-empty values","duration":0.9880000000000564,"failureMessages":[],"meta":{}},{"ancestorTitles":["extractDistinctNonEmptyValues"],"fullName":"extractDistinctNonEmptyValues should return empty array for all empty values","status":"passed","title":"should return empty array for all empty values","duration":0.09891700000002857,"failureMessages":[],"meta":{}},{"ancestorTitles":["detectColumnTypeFromValues"],"fullName":"detectColumnTypeFromValues should detect date column","status":"passed","title":"should detect date column","duration":0.4021250000000691,"failureMessages":[],"meta":{}},{"ancestorTitles":["detectColumnTypeFromValues"],"fullName":"detectColumnTypeFromValues should detect number column","status":"passed","title":"should detect number column","duration":0.3093330000001515,"failureMessages":[],"meta":{}},{"ancestorTitles":["detectColumnTypeFromValues"],"fullName":"detectColumnTypeFromValues should compute min and max for number columns","status":"passed","title":"should compute min and max for number columns","duration":0.3768330000000333,"failureMessages":[],"meta":{}},{"ancestorTitles":["detectColumnTypeFromValues"],"fullName":"detectColumnTypeFromValues should detect boolean column","status":"passed","title":"should detect boolean column","duration":0.16087500000003274,"failureMessages":[],"meta":{}},{"ancestorTitles":["detectColumnTypeFromValues"],"fullName":"detectColumnTypeFromValues should detect multi column with pipe separator","status":"passed","title":"should detect multi column with pipe separator","duration":0.14237499999990177,"failureMessages":[],"meta":{}},{"ancestorTitles":["detectColumnTypeFromValues"],"fullName":"detectColumnTypeFromValues should detect category column with low cardinality","status":"passed","title":"should detect category column with low cardinality","duration":0.1991249999998672,"failureMessages":[],"meta":{}},{"ancestorTitles":["detectColumnTypeFromValues"],"fullName":"detectColumnTypeFromValues should detect text column as fallback","status":"passed","title":"should detect text column as fallback","duration":0.11491700000010496,"failureMessages":[],"meta":{}},{"ancestorTitles":["detectColumnTypeFromValues"],"fullName":"detectColumnTypeFromValues should handle all empty values as text","status":"passed","title":"should handle all empty values as text","duration":0.039874999999938154,"failureMessages":[],"meta":{}},{"ancestorTitles":["inferSchemaFromDataRows"],"fullName":"inferSchemaFromDataRows should infer schema for each column","status":"passed","title":"should infer schema for each column","duration":1.1778330000001915,"failureMessages":[],"meta":{}},{"ancestorTitles":["inferSchemaFromDataRows"],"fullName":"inferSchemaFromDataRows should respect sampleSize parameter","status":"passed","title":"should respect sampleSize parameter","duration":0.44554199999993216,"failureMessages":[],"meta":{}},{"ancestorTitles":["inferSchemaFromDataRows"],"fullName":"inferSchemaFromDataRows should calculate correct emptyValuesRate","status":"passed","title":"should calculate correct emptyValuesRate","duration":0.08300000000008367,"failureMessages":[],"meta":{}},{"ancestorTitles":["inferSchemaFromDataRows"],"fullName":"inferSchemaFromDataRows should calculate correct distinctValuesCount","status":"passed","title":"should calculate correct distinctValuesCount","duration":0.05387499999983447,"failureMessages":[],"meta":{}},{"ancestorTitles":["inferSchemaFromDataRows"],"fullName":"inferSchemaFromDataRows should provide sample values","status":"passed","title":"should provide sample values","duration":0.07650000000012369,"failureMessages":[],"meta":{}},{"ancestorTitles":["inferSchemaFromDataRows"],"fullName":"inferSchemaFromDataRows should handle empty dataset","status":"passed","title":"should handle empty dataset","duration":0.05120800000008785,"failureMessages":[],"meta":{}},{"ancestorTitles":["selectDefaultVisibleColumns"],"fullName":"selectDefaultVisibleColumns should exclude columns with high empty rate","status":"passed","title":"should exclude columns with high empty rate","duration":0.27912500000002183,"failureMessages":[],"meta":{}},{"ancestorTitles":["selectDefaultVisibleColumns"],"fullName":"selectDefaultVisibleColumns should limit to max columns","status":"passed","title":"should limit to max columns","duration":0.10845799999992778,"failureMessages":[],"meta":{}},{"ancestorTitles":["generateDefaultConfigFromSchema"],"fullName":"generateDefaultConfigFromSchema should generate filters based on detected types","status":"passed","title":"should generate filters based on detected types","duration":0.3713749999999436,"failureMessages":[],"meta":{}},{"ancestorTitles":["generateDefaultConfigFromSchema"],"fullName":"generateDefaultConfigFromSchema should set defaultVisible columns","status":"passed","title":"should set defaultVisible columns","duration":0.1398340000000644,"failureMessages":[],"meta":{}},{"ancestorTitles":["generateDefaultConfigFromSchema"],"fullName":"generateDefaultConfigFromSchema should set globalSearchColumns for text columns with low empty rate","status":"passed","title":"should set globalSearchColumns for text columns with low empty rate","duration":0.14612499999998363,"failureMessages":[],"meta":{}}],"startTime":1772544903913,"endTime":1772544903923.1462,"status":"passed","message":"","name":"/Users/clement/Documents/code_clem/react/csv-viewer/src/lib/schema/__tests__/schema-inference.test.ts"},{"assertionResults":[{"ancestorTitles":["createMockDataRow"],"fullName":"createMockDataRow should return default values when called without overrides","status":"passed","title":"should return default values when called without overrides","duration":8.052584000000024,"failureMessages":[],"meta":{}},{"ancestorTitles":["createMockDataRow"],"fullName":"createMockDataRow should override specific fields while keeping defaults","status":"passed","title":"should override specific fields while keeping defaults","duration":0.30045799999993505,"failureMessages":[],"meta":{}},{"ancestorTitles":["createMockDataRow"],"fullName":"createMockDataRow should allow adding extra fields via overrides","status":"passed","title":"should allow adding extra fields via overrides","duration":0.09145899999998619,"failureMessages":[],"meta":{}},{"ancestorTitles":["createMockDataRowArray"],"fullName":"createMockDataRowArray should create the requested number of rows","status":"passed","title":"should create the requested number of rows","duration":0.6984170000000631,"failureMessages":[],"meta":{}},{"ancestorTitles":["createMockDataRowArray"],"fullName":"createMockDataRowArray should use default generator with index-based nom","status":"passed","title":"should use default generator with index-based nom","duration":0.1593329999998332,"failureMessages":[],"meta":{}},{"ancestorTitles":["createMockDataRowArray"],"fullName":"createMockDataRowArray should use custom generator when provided","status":"passed","title":"should use custom generator when provided","duration":0.09558400000014444,"failureMessages":[],"meta":{}},{"ancestorTitles":["createMockDataRowArray"],"fullName":"createMockDataRowArray should return an empty array when count is 0","status":"passed","title":"should return an empty array when count is 0","duration":0.13045899999997346,"failureMessages":[],"meta":{}},{"ancestorTitles":["createMockInferredSchema"],"fullName":"createMockInferredSchema should return default schema when called without overrides","status":"passed","title":"should return default schema when called without overrides","duration":0.4158750000001419,"failureMessages":[],"meta":{}},{"ancestorTitles":["createMockInferredSchema"],"fullName":"createMockInferredSchema should override specific fields while keeping defaults","status":"passed","title":"should override specific fields while keeping defaults","duration":0.26595799999995506,"failureMessages":[],"meta":{}},{"ancestorTitles":["createMockInferredSchema"],"fullName":"createMockInferredSchema should allow creating a multi-type schema with separator","status":"passed","title":"should allow creating a multi-type schema with separator","duration":0.07883400000014262,"failureMessages":[],"meta":{}}],"startTime":1772544904168,"endTime":1772544904179.0789,"status":"passed","message":"","name":"/Users/clement/Documents/code_clem/react/csv-viewer/src/test/factories/__tests__/data.factory.test.ts"},{"assertionResults":[{"ancestorTitles":["formatCellValueForDisplay"],"fullName":"formatCellValueForDisplay should return text type for unformatted columns","status":"passed","title":"should return text type for unformatted columns","duration":0.8100000000001728,"failureMessages":[],"meta":{}},{"ancestorTitles":["formatCellValueForDisplay"],"fullName":"formatCellValueForDisplay should format date column via config","status":"passed","title":"should format date column via config","duration":0.3552500000000691,"failureMessages":[],"meta":{}},{"ancestorTitles":["formatCellValueForDisplay"],"fullName":"formatCellValueForDisplay should auto-format inferred date column to DD/MM/YYYY","status":"passed","title":"should auto-format inferred date column to DD/MM/YYYY","duration":0.13737500000002,"failureMessages":[],"meta":{}},{"ancestorTitles":["formatCellValueForDisplay"],"fullName":"formatCellValueForDisplay should format badge via config","status":"passed","title":"should format badge via config","duration":0.34641700000020137,"failureMessages":[],"meta":{}},{"ancestorTitles":["formatCellValueForDisplay"],"fullName":"formatCellValueForDisplay should fallback to text when badge value not in map","status":"passed","title":"should fallback to text when badge value not in map","duration":0.08350000000018554,"failureMessages":[],"meta":{}},{"ancestorTitles":["formatCellValueForDisplay"],"fullName":"formatCellValueForDisplay should format splitBadges via config","status":"passed","title":"should format splitBadges via config","duration":0.3884579999999005,"failureMessages":[],"meta":{}},{"ancestorTitles":["formatCellValueForDisplay"],"fullName":"formatCellValueForDisplay should auto-format inferred multi column as chips","status":"passed","title":"should auto-format inferred multi column as chips","duration":0.17745800000011513,"failureMessages":[],"meta":{}},{"ancestorTitles":["formatCellValueForDisplay"],"fullName":"formatCellValueForDisplay should format mailto link via config","status":"passed","title":"should format mailto link via config","duration":0.1041250000000673,"failureMessages":[],"meta":{}},{"ancestorTitles":["formatCellValueForDisplay"],"fullName":"formatCellValueForDisplay should format tel link via config","status":"passed","title":"should format tel link via config","duration":0.2219159999999647,"failureMessages":[],"meta":{}},{"ancestorTitles":["formatCellValueForDisplay"],"fullName":"formatCellValueForDisplay should format url link via config","status":"passed","title":"should format url link via config","duration":0.07962499999985084,"failureMessages":[],"meta":{}},{"ancestorTitles":["formatCellValueForDisplay"],"fullName":"formatCellValueForDisplay should return text with empty value for empty string","status":"passed","title":"should return text with empty value for empty string","duration":0.05554200000005949,"failureMessages":[],"meta":{}}],"startTime":1772544903362,"endTime":1772544903364.222,"status":"passed","message":"","name":"/Users/clement/Documents/code_clem/react/csv-viewer/src/lib/utils/__tests__/cell-formatters.test.ts"},{"assertionResults":[{"ancestorTitles":["convertExcelDateToISOString"],"fullName":"convertExcelDateToISOString should convert a valid Date to ISO string","status":"passed","title":"should convert a valid Date to ISO string","duration":1.8482080000001133,"failureMessages":[],"meta":{}},{"ancestorTitles":["convertExcelDateToISOString"],"fullName":"convertExcelDateToISOString should return empty string for null","status":"passed","title":"should return empty string for null","duration":0.17866699999990487,"failureMessages":[],"meta":{}},{"ancestorTitles":["convertExcelDateToISOString"],"fullName":"convertExcelDateToISOString should return empty string for invalid Date","status":"passed","title":"should return empty string for invalid Date","duration":0.0807079999999587,"failureMessages":[],"meta":{}},{"ancestorTitles":["convertExcelDateToISOString"],"fullName":"convertExcelDateToISOString should zero-pad month and day","status":"passed","title":"should zero-pad month and day","duration":0.2588749999999891,"failureMessages":[],"meta":{}},{"ancestorTitles":["detectDateFormatFromString"],"fullName":"detectDateFormatFromString should detect YYYY-MM-DD format","status":"passed","title":"should detect YYYY-MM-DD format","duration":0.13049999999998363,"failureMessages":[],"meta":{}},{"ancestorTitles":["detectDateFormatFromString"],"fullName":"detectDateFormatFromString should detect YYYY/MM/DD format as YYYY-MM-DD","status":"passed","title":"should detect YYYY/MM/DD format as YYYY-MM-DD","duration":0.07549999999991996,"failureMessages":[],"meta":{}},{"ancestorTitles":["detectDateFormatFromString"],"fullName":"detectDateFormatFromString should detect DD/MM/YYYY when first number > 12","status":"passed","title":"should detect DD/MM/YYYY when first number > 12","duration":0.13870799999995143,"failureMessages":[],"meta":{}},{"ancestorTitles":["detectDateFormatFromString"],"fullName":"detectDateFormatFromString should detect MM/DD/YYYY when second number > 12","status":"passed","title":"should detect MM/DD/YYYY when second number > 12","duration":0.07016699999985576,"failureMessages":[],"meta":{}},{"ancestorTitles":["detectDateFormatFromString"],"fullName":"detectDateFormatFromString should default to DD/MM/YYYY for ambiguous dates (French default)","status":"passed","title":"should default to DD/MM/YYYY for ambiguous dates (French default)","duration":0.2514579999999569,"failureMessages":[],"meta":{}},{"ancestorTitles":["detectDateFormatFromString"],"fullName":"detectDateFormatFromString should detect DD-MM-YYYY with hyphens","status":"passed","title":"should detect DD-MM-YYYY with hyphens","duration":0.06908299999986411,"failureMessages":[],"meta":{}},{"ancestorTitles":["detectDateFormatFromString"],"fullName":"detectDateFormatFromString should return null for non-date strings","status":"passed","title":"should return null for non-date strings","duration":0.09520799999995688,"failureMessages":[],"meta":{}},{"ancestorTitles":["detectDateFormatFromString"],"fullName":"detectDateFormatFromString should return null for empty string","status":"passed","title":"should return null for empty string","duration":0.03233300000010786,"failureMessages":[],"meta":{}},{"ancestorTitles":["parseDateStringToDateObject"],"fullName":"parseDateStringToDateObject should parse ISO format (YYYY-MM-DD)","status":"passed","title":"should parse ISO format (YYYY-MM-DD)","duration":0.17266700000004676,"failureMessages":[],"meta":{}},{"ancestorTitles":["parseDateStringToDateObject"],"fullName":"parseDateStringToDateObject should parse French format (DD/MM/YYYY)","status":"passed","title":"should parse French format (DD/MM/YYYY)","duration":0.06608299999993505,"failureMessages":[],"meta":{}},{"ancestorTitles":["parseDateStringToDateObject"],"fullName":"parseDateStringToDateObject should parse US format (MM/DD/YYYY)","status":"passed","title":"should parse US format (MM/DD/YYYY)","duration":0.06154199999991761,"failureMessages":[],"meta":{}},{"ancestorTitles":["parseDateStringToDateObject"],"fullName":"parseDateStringToDateObject should auto-detect format when not provided","status":"passed","title":"should auto-detect format when not provided","duration":0.06133300000010422,"failureMessages":[],"meta":{}},{"ancestorTitles":["parseDateStringToDateObject"],"fullName":"parseDateStringToDateObject should return null for invalid date 31/02/2024","status":"passed","title":"should return null for invalid date 31/02/2024","duration":0.03212499999995089,"failureMessages":[],"meta":{}},{"ancestorTitles":["parseDateStringToDateObject"],"fullName":"parseDateStringToDateObject should return null for empty string","status":"passed","title":"should return null for empty string","duration":0.027874999999994543,"failureMessages":[],"meta":{}},{"ancestorTitles":["parseDateStringToDateObject"],"fullName":"parseDateStringToDateObject should return null for non-date string","status":"passed","title":"should return null for non-date string","duration":0.027208999999857042,"failureMessages":[],"meta":{}},{"ancestorTitles":["parseDateStringToDateObject"],"fullName":"parseDateStringToDateObject should reject year outside 1900-2100 range","status":"passed","title":"should reject year outside 1900-2100 range","duration":0.03970800000001873,"failureMessages":[],"meta":{}},{"ancestorTitles":["parseDateStringToDateObject"],"fullName":"parseDateStringToDateObject should parse date with hyphens in DD-MM-YYYY format","status":"passed","title":"should parse date with hyphens in DD-MM-YYYY format","duration":0.042625000000043656,"failureMessages":[],"meta":{}},{"ancestorTitles":["formatDateObjectToString"],"fullName":"formatDateObjectToString should format to YYYY-MM-DD","status":"passed","title":"should format to YYYY-MM-DD","duration":0.05099999999993088,"failureMessages":[],"meta":{}},{"ancestorTitles":["formatDateObjectToString"],"fullName":"formatDateObjectToString should format to DD/MM/YYYY","status":"passed","title":"should format to DD/MM/YYYY","duration":0.031166999999868494,"failureMessages":[],"meta":{}},{"ancestorTitles":["formatDateObjectToString"],"fullName":"formatDateObjectToString should format to MM/DD/YYYY","status":"passed","title":"should format to MM/DD/YYYY","duration":0.03175000000010186,"failureMessages":[],"meta":{}},{"ancestorTitles":["formatDateObjectToString"],"fullName":"formatDateObjectToString should zero-pad single digit months and days","status":"passed","title":"should zero-pad single digit months and days","duration":0.030457999999953245,"failureMessages":[],"meta":{}},{"ancestorTitles":["isValidDateString"],"fullName":"isValidDateString should return true for valid ISO date","status":"passed","title":"should return true for valid ISO date","duration":0.07949999999982538,"failureMessages":[],"meta":{}},{"ancestorTitles":["isValidDateString"],"fullName":"isValidDateString should return true for valid French date","status":"passed","title":"should return true for valid French date","duration":0.03462500000000546,"failureMessages":[],"meta":{}},{"ancestorTitles":["isValidDateString"],"fullName":"isValidDateString should return false for invalid date (31/02)","status":"passed","title":"should return false for invalid date (31/02)","duration":0.0359169999999267,"failureMessages":[],"meta":{}},{"ancestorTitles":["isValidDateString"],"fullName":"isValidDateString should return false for empty string","status":"passed","title":"should return false for empty string","duration":0.02687500000001819,"failureMessages":[],"meta":{}},{"ancestorTitles":["isValidDateString"],"fullName":"isValidDateString should return false for non-date string","status":"passed","title":"should return false for non-date string","duration":0.029499999999870852,"failureMessages":[],"meta":{}},{"ancestorTitles":["isValidDateString"],"fullName":"isValidDateString should return false for partial date string","status":"passed","title":"should return false for partial date string","duration":0.02800000000002001,"failureMessages":[],"meta":{}}],"startTime":1772544903074,"endTime":1772544903079.0796,"status":"passed","message":"","name":"/Users/clement/Documents/code_clem/react/csv-viewer/src/lib/utils/__tests__/date-utils.test.ts"},{"assertionResults":[{"ancestorTitles":["isStringNumeric"],"fullName":"isStringNumeric should return true for integer","status":"passed","title":"should return true for integer","duration":1.721166999999923,"failureMessages":[],"meta":{}},{"ancestorTitles":["isStringNumeric"],"fullName":"isStringNumeric should return true for decimal EN (dot)","status":"passed","title":"should return true for decimal EN (dot)","duration":0.5536250000000109,"failureMessages":[],"meta":{}},{"ancestorTitles":["isStringNumeric"],"fullName":"isStringNumeric should return true for decimal FR (comma)","status":"passed","title":"should return true for decimal FR (comma)","duration":0.2080829999999878,"failureMessages":[],"meta":{}},{"ancestorTitles":["isStringNumeric"],"fullName":"isStringNumeric should return true for FR thousands with spaces","status":"passed","title":"should return true for FR thousands with spaces","duration":0.834250000000111,"failureMessages":[],"meta":{}},{"ancestorTitles":["isStringNumeric"],"fullName":"isStringNumeric should return true for EN thousands with commas","status":"passed","title":"should return true for EN thousands with commas","duration":0.14274999999997817,"failureMessages":[],"meta":{}},{"ancestorTitles":["isStringNumeric"],"fullName":"isStringNumeric should return true for FR full format","status":"passed","title":"should return true for FR full format","duration":0.06904099999997015,"failureMessages":[],"meta":{}},{"ancestorTitles":["isStringNumeric"],"fullName":"isStringNumeric should return true for negative numbers","status":"passed","title":"should return true for negative numbers","duration":0.11641600000007202,"failureMessages":[],"meta":{}},{"ancestorTitles":["isStringNumeric"],"fullName":"isStringNumeric should return false for non-numeric string","status":"passed","title":"should return false for non-numeric string","duration":0.05912499999999454,"failureMessages":[],"meta":{}},{"ancestorTitles":["isStringNumeric"],"fullName":"isStringNumeric should return false for empty string","status":"passed","title":"should return false for empty string","duration":0.25187499999992724,"failureMessages":[],"meta":{}},{"ancestorTitles":["isStringNumeric"],"fullName":"isStringNumeric should return false for mixed alpha-numeric","status":"passed","title":"should return false for mixed alpha-numeric","duration":0.07437499999991815,"failureMessages":[],"meta":{}},{"ancestorTitles":["parseStringToNumber"],"fullName":"parseStringToNumber should parse simple integer","status":"passed","title":"should parse simple integer","duration":0.05824999999981628,"failureMessages":[],"meta":{}},{"ancestorTitles":["parseStringToNumber"],"fullName":"parseStringToNumber should parse EN decimal","status":"passed","title":"should parse EN decimal","duration":0.039416999999957625,"failureMessages":[],"meta":{}},{"ancestorTitles":["parseStringToNumber"],"fullName":"parseStringToNumber should parse FR decimal","status":"passed","title":"should parse FR decimal","duration":0.03929200000015953,"failureMessages":[],"meta":{}},{"ancestorTitles":["parseStringToNumber"],"fullName":"parseStringToNumber should parse FR thousands with spaces","status":"passed","title":"should parse FR thousands with spaces","duration":0.03466700000012679,"failureMessages":[],"meta":{}},{"ancestorTitles":["parseStringToNumber"],"fullName":"parseStringToNumber should parse EN thousands with commas and decimal","status":"passed","title":"should parse EN thousands with commas and decimal","duration":0.03445799999985866,"failureMessages":[],"meta":{}},{"ancestorTitles":["parseStringToNumber"],"fullName":"parseStringToNumber should parse FR thousands with dots and comma decimal","status":"passed","title":"should parse FR thousands with dots and comma decimal","duration":0.033415999999988344,"failureMessages":[],"meta":{}},{"ancestorTitles":["parseStringToNumber"],"fullName":"parseStringToNumber should parse negative numbers","status":"passed","title":"should parse negative numbers","duration":0.03166699999997036,"failureMessages":[],"meta":{}},{"ancestorTitles":["parseStringToNumber"],"fullName":"parseStringToNumber should return null for non-numeric string","status":"passed","title":"should return null for non-numeric string","duration":0.04537499999992178,"failureMessages":[],"meta":{}},{"ancestorTitles":["parseStringToNumber"],"fullName":"parseStringToNumber should return null for empty string","status":"passed","title":"should return null for empty string","duration":0.02983300000005329,"failureMessages":[],"meta":{}},{"ancestorTitles":["parseStringToNumber"],"fullName":"parseStringToNumber should parse ambiguous 1,000 as FR decimal (1.0) by default","status":"passed","title":"should parse ambiguous 1,000 as FR decimal (1.0) by default","duration":0.035541999999850304,"failureMessages":[],"meta":{}},{"ancestorTitles":["parseStringToNumber"],"fullName":"parseStringToNumber should parse multiple comma groups as EN thousands","status":"passed","title":"should parse multiple comma groups as EN thousands","duration":0.034124999999903594,"failureMessages":[],"meta":{}},{"ancestorTitles":["parseStringToNumber"],"fullName":"parseStringToNumber should parse 1,50 as FR decimal","status":"passed","title":"should parse 1,50 as FR decimal","duration":0.033208999999942534,"failureMessages":[],"meta":{}},{"ancestorTitles":["parseStringToNumber"],"fullName":"parseStringToNumber should parse 0,5 as FR decimal","status":"passed","title":"should parse 0,5 as FR decimal","duration":0.03145800000015697,"failureMessages":[],"meta":{}},{"ancestorTitles":["formatNumberToString"],"fullName":"formatNumberToString should format number in FR locale","status":"passed","title":"should format number in FR locale","duration":50.36725000000001,"failureMessages":[],"meta":{}},{"ancestorTitles":["formatNumberToString"],"fullName":"formatNumberToString should format number in EN locale","status":"passed","title":"should format number in EN locale","duration":0.6110419999999976,"failureMessages":[],"meta":{}},{"ancestorTitles":["formatNumberToString"],"fullName":"formatNumberToString should default to FR locale","status":"passed","title":"should default to FR locale","duration":0.10312500000009095,"failureMessages":[],"meta":{}}],"startTime":1772544902742,"endTime":1772544902798.103,"status":"passed","message":"","name":"/Users/clement/Documents/code_clem/react/csv-viewer/src/lib/utils/__tests__/number-utils.test.ts"},{"assertionResults":[{"ancestorTitles":["trimAndNormalizeString"],"fullName":"trimAndNormalizeString should trim whitespace from strings","status":"passed","title":"should trim whitespace from strings","duration":0.7559160000000702,"failureMessages":[],"meta":{}},{"ancestorTitles":["trimAndNormalizeString"],"fullName":"trimAndNormalizeString should convert null to empty string","status":"passed","title":"should convert null to empty string","duration":0.14779199999998127,"failureMessages":[],"meta":{}},{"ancestorTitles":["trimAndNormalizeString"],"fullName":"trimAndNormalizeString should convert undefined to empty string","status":"passed","title":"should convert undefined to empty string","duration":0.06754100000011931,"failureMessages":[],"meta":{}},{"ancestorTitles":["trimAndNormalizeString"],"fullName":"trimAndNormalizeString should convert numbers to string","status":"passed","title":"should convert numbers to string","duration":0.24595799999997325,"failureMessages":[],"meta":{}},{"ancestorTitles":["trimAndNormalizeString"],"fullName":"trimAndNormalizeString should convert boolean to string","status":"passed","title":"should convert boolean to string","duration":0.08762499999988904,"failureMessages":[],"meta":{}},{"ancestorTitles":["removeAccentsFromString"],"fullName":"removeAccentsFromString should remove accents from French characters","status":"passed","title":"should remove accents from French characters","duration":0.13208300000019335,"failureMessages":[],"meta":{}},{"ancestorTitles":["removeAccentsFromString"],"fullName":"removeAccentsFromString should handle strings without accents","status":"passed","title":"should handle strings without accents","duration":0.11599999999998545,"failureMessages":[],"meta":{}},{"ancestorTitles":["removeAccentsFromString"],"fullName":"removeAccentsFromString should handle mixed accented and plain characters","status":"passed","title":"should handle mixed accented and plain characters","duration":0.05499999999983629,"failureMessages":[],"meta":{}},{"ancestorTitles":["normalizeColumnName"],"fullName":"normalizeColumnName should lowercase and remove accents","status":"passed","title":"should lowercase and remove accents","duration":0.357834000000139,"failureMessages":[],"meta":{}},{"ancestorTitles":["normalizeColumnName"],"fullName":"normalizeColumnName should convert apostrophes to underscores","status":"passed","title":"should convert apostrophes to underscores","duration":0.13012499999990723,"failureMessages":[],"meta":{}},{"ancestorTitles":["normalizeColumnName"],"fullName":"normalizeColumnName should convert spaces and hyphens to underscores","status":"passed","title":"should convert spaces and hyphens to underscores","duration":0.10970800000018244,"failureMessages":[],"meta":{}},{"ancestorTitles":["normalizeColumnName"],"fullName":"normalizeColumnName should remove special characters","status":"passed","title":"should remove special characters","duration":0.038250000000061846,"failureMessages":[],"meta":{}},{"ancestorTitles":["normalizeColumnName"],"fullName":"normalizeColumnName should deduplicate consecutive underscores","status":"passed","title":"should deduplicate consecutive underscores","duration":0.03608299999996234,"failureMessages":[],"meta":{}},{"ancestorTitles":["normalizeColumnName"],"fullName":"normalizeColumnName should handle complex column names","status":"passed","title":"should handle complex column names","duration":0.03720799999996416,"failureMessages":[],"meta":{}},{"ancestorTitles":["normalizeColumnNamesWithDeduplication"],"fullName":"normalizeColumnNamesWithDeduplication should normalize all names","status":"passed","title":"should normalize all names","duration":0.38133300000004056,"failureMessages":[],"meta":{}},{"ancestorTitles":["normalizeColumnNamesWithDeduplication"],"fullName":"normalizeColumnNamesWithDeduplication should add suffix for duplicate normalized names","status":"passed","title":"should add suffix for duplicate normalized names","duration":0.0627910000000611,"failureMessages":[],"meta":{}},{"ancestorTitles":["normalizeColumnNamesWithDeduplication"],"fullName":"normalizeColumnNamesWithDeduplication should handle empty array","status":"passed","title":"should handle empty array","duration":0.10283400000002985,"failureMessages":[],"meta":{}},{"ancestorTitles":["detectSeparatorInString"],"fullName":"detectSeparatorInString should detect pipe separator","status":"passed","title":"should detect pipe separator","duration":0.04604199999994307,"failureMessages":[],"meta":{}},{"ancestorTitles":["detectSeparatorInString"],"fullName":"detectSeparatorInString should detect comma separator","status":"passed","title":"should detect comma separator","duration":0.03262499999982538,"failureMessages":[],"meta":{}},{"ancestorTitles":["detectSeparatorInString"],"fullName":"detectSeparatorInString should detect semicolon separator","status":"passed","title":"should detect semicolon separator","duration":0.03008300000010422,"failureMessages":[],"meta":{}},{"ancestorTitles":["detectSeparatorInString"],"fullName":"detectSeparatorInString should prioritize pipe over comma","status":"passed","title":"should prioritize pipe over comma","duration":0.029334000000062588,"failureMessages":[],"meta":{}},{"ancestorTitles":["detectSeparatorInString"],"fullName":"detectSeparatorInString should return null when no separator found","status":"passed","title":"should return null when no separator found","duration":0.03954199999998309,"failureMessages":[],"meta":{}},{"ancestorTitles":["splitStringBySeparator"],"fullName":"splitStringBySeparator should split by pipe and trim values","status":"passed","title":"should split by pipe and trim values","duration":0.08191600000009203,"failureMessages":[],"meta":{}},{"ancestorTitles":["splitStringBySeparator"],"fullName":"splitStringBySeparator should filter empty values after split","status":"passed","title":"should filter empty values after split","duration":0.1097909999998592,"failureMessages":[],"meta":{}},{"ancestorTitles":["splitStringBySeparator"],"fullName":"splitStringBySeparator should handle single value without separator","status":"passed","title":"should handle single value without separator","duration":0.04537499999992178,"failureMessages":[],"meta":{}},{"ancestorTitles":["Badge automation test"],"fullName":"Badge automation test should validate the automated badge workflow","status":"passed","title":"should validate the automated badge workflow","duration":0.03345800000010968,"failureMessages":[],"meta":{}}],"startTime":1772544904457,"endTime":1772544904461.1099,"status":"passed","message":"","name":"/Users/clement/Documents/code_clem/react/csv-viewer/src/lib/utils/__tests__/string-utils.test.ts"},{"assertionResults":[{"ancestorTitles":["Dropzone"],"fullName":"Dropzone should render the label text","status":"passed","title":"should render the label text","duration":45.59612500000003,"failureMessages":[],"meta":{}},{"ancestorTitles":["Dropzone"],"fullName":"Dropzone should display accepted file types","status":"passed","title":"should display accepted file types","duration":3.4597909999999956,"failureMessages":[],"meta":{}},{"ancestorTitles":["Dropzone"],"fullName":"Dropzone should call onFileSelected when a valid file is selected via input","status":"passed","title":"should call onFileSelected when a valid file is selected via input","duration":302.21804099999986,"failureMessages":[],"meta":{}},{"ancestorTitles":["Dropzone"],"fullName":"Dropzone should show error for invalid file type via drop","status":"passed","title":"should show error for invalid file type via drop","duration":74.77662499999997,"failureMessages":[],"meta":{}},{"ancestorTitles":["Dropzone"],"fullName":"Dropzone should call onFileSelected when a file is dropped","status":"passed","title":"should call onFileSelected when a file is dropped","duration":22.643792000000076,"failureMessages":[],"meta":{}},{"ancestorTitles":["Dropzone"],"fullName":"Dropzone should have visual feedback during drag over","status":"passed","title":"should have visual feedback during drag over","duration":45.93108300000017,"failureMessages":[],"meta":{}}],"startTime":1772544900262,"endTime":1772544900756.9312,"status":"passed","message":"","name":"/Users/clement/Documents/code_clem/react/csv-viewer/src/components/upload/__tests__/Dropzone.test.tsx"},{"assertionResults":[{"ancestorTitles":["FilePicker"],"fullName":"FilePicker should render the button with label","status":"passed","title":"should render the button with label","duration":316.37525000000005,"failureMessages":[],"meta":{}},{"ancestorTitles":["FilePicker"],"fullName":"FilePicker should call onFileSelected when a file is selected","status":"passed","title":"should call onFileSelected when a file is selected","duration":92.08733300000017,"failureMessages":[],"meta":{}},{"ancestorTitles":["FilePicker"],"fullName":"FilePicker should display the selected file name","status":"passed","title":"should display the selected file name","duration":47.356374999999844,"failureMessages":[],"meta":{}},{"ancestorTitles":["FilePicker"],"fullName":"FilePicker should not display file name before selection","status":"passed","title":"should not display file name before selection","duration":2.4709159999999883,"failureMessages":[],"meta":{}}],"startTime":1772544900414,"endTime":1772544900872.471,"status":"passed","message":"","name":"/Users/clement/Documents/code_clem/react/csv-viewer/src/components/upload/__tests__/FilePicker.test.tsx"},{"assertionResults":[{"ancestorTitles":["SheetSelector"],"fullName":"SheetSelector should display all sheet names as radio options","status":"passed","title":"should display all sheet names as radio options","duration":104.12516700000015,"failureMessages":[],"meta":{}},{"ancestorTitles":["SheetSelector"],"fullName":"SheetSelector should have first sheet selected by default","status":"passed","title":"should have first sheet selected by default","duration":461.17954199999986,"failureMessages":[],"meta":{}},{"ancestorTitles":["SheetSelector"],"fullName":"SheetSelector should call onSheetSelected with selected sheet when Charger is clicked","status":"passed","title":"should call onSheetSelected with selected sheet when Charger is clicked","duration":264.47054100000014,"failureMessages":[],"meta":{}},{"ancestorTitles":["SheetSelector"],"fullName":"SheetSelector should call onCancel when Annuler is clicked","status":"passed","title":"should call onCancel when Annuler is clicked","duration":98.0284999999999,"failureMessages":[],"meta":{}},{"ancestorTitles":["SheetSelector"],"fullName":"SheetSelector should display the count of available sheets","status":"passed","title":"should display the count of available sheets","duration":4.3402500000001965,"failureMessages":[],"meta":{}}],"startTime":1772544897855,"endTime":1772544898787.3403,"status":"passed","message":"","name":"/Users/clement/Documents/code_clem/react/csv-viewer/src/components/upload/__tests__/SheetSelector.test.tsx"},{"assertionResults":[{"ancestorTitles":["DataTable"],"full
[...]
er data rows","duration":3.137124999999969,"failureMessages":[],"meta":{}},{"ancestorTitles":["DataTable"],"fullName":"DataTable should call onSortChange when a header is clicked","status":"passed","title":"should call onSortChange when a header is clicked","duration":411.09516699999995,"failureMessages":[],"meta":{}},{"ancestorTitles":["DataTable"],"fullName":"DataTable should call onRowClick when a row is clicked","status":"passed","title":"should call onRowClick when a row is clicked","duration":86.23591600000009,"failureMessages":[],"meta":{}},{"ancestorTitles":["DataTable"],"fullName":"DataTable should display empty state when no data","status":"passed","title":"should display empty state when no data","duration":6.918957999999975,"failureMessages":[],"meta":{}},{"ancestorTitles":["DataTable"],"fullName":"DataTable should only render visible columns","status":"passed","title":"should only render visible columns","duration":45.564125000000104,"failureMessages":[],"meta":{}}],"startTime":1772544899859,"endTime":1772544900497.5642,"status":"passed","message":"","name":"/Users/clement/Documents/code_clem/react/csv-viewer/src/components/table/__tests__/DataTable.test.tsx"},{"assertionResults":[{"ancestorTitles":["Pagination"],"fullName":"Pagination should display row range and total","status":"passed","title":"should display row range and total","duration":64.05887500000017,"failureMessages":[],"meta":{}},{"ancestorTitles":["Pagination"],"fullName":"Pagination should display current page and total pages","status":"passed","title":"should display current page and total pages","duration":14.72641700000031,"failureMessages":[],"meta":{}},{"ancestorTitles":["Pagination"],"fullName":"Pagination should call onGoToPage when next button is clicked","status":"passed","title":"should call onGoToPage when next button is clicked","duration":337.78108299999985,"failureMessages":[],"meta":{}},{"ancestorTitles":["Pagination"],"fullName":"Pagination should disable previous buttons on first page","status":"passed","title":"should disable previous buttons on first page","duration":110.2912080000001,"failureMessages":[],"meta":{}},{"ancestorTitles":["Pagination"],"fullName":"Pagination should disable next buttons on last page","status":"passed","title":"should disable next buttons on last page","duration":91.72474999999986,"failureMessages":[],"meta":{}},{"ancestorTitles":["Pagination"],"fullName":"Pagination should call onSetRowsPerPage when select changes","status":"passed","title":"should call onSetRowsPerPage when select changes","duration":60.79491599999983,"failureMessages":[],"meta":{}}],"startTime":1772544897777,"endTime":1772544898456.795,"status":"passed","message":"","name":"/Users/clement/Documents/code_clem/react/csv-viewer/src/components/table/__tests__/Pagination.test.tsx"},{"assertionResults":[{"ancestorTitles":["ColumnPicker"],"fullName":"ColumnPicker should render the toggle button","status":"passed","title":"should render the toggle button","duration":383.2137080000002,"failureMessages":[],"meta":{}},{"ancestorTitles":["ColumnPicker"],"fullName":"ColumnPicker should show popover with columns when clicked","status":"passed","title":"should show popover with columns when clicked","duration":155.2715830000002,"failureMessages":[],"meta":{}},{"ancestorTitles":["ColumnPicker"],"fullName":"ColumnPicker should call onToggleColumn when a column checkbox is clicked","status":"passed","title":"should call onToggleColumn when a column checkbox is clicked","duration":198.986625,"failureMessages":[],"meta":{}},{"ancestorTitles":["ColumnPicker"],"fullName":"ColumnPicker should use column labels when provided","status":"passed","title":"should use column labels when provided","duration":56.01058399999965,"failureMessages":[],"meta":{}},{"ancestorTitles":["ColumnPicker"],"fullName":"ColumnPicker should show \"Tout sélectionner\" button","status":"passed","title":"should show \"Tout sélectionner\" button","duration":67.7049579999998,"failureMessages":[],"meta":{}}],"startTime":1772544897910,"endTime":1772544898771.705,"status":"passed","message":"","name":"/Users/clement/Documents/code_clem/react/csv-viewer/src/components/ui/__tests__/ColumnPicker.test.tsx"},{"assertionResults":[{"ancestorTitles":["DetailModal"],"fullName":"DetailModal should not render when isOpen is false","status":"passed","title":"should not render when isOpen is false","duration":36.54633299999978,"failureMessages":[],"meta":{}},{"ancestorTitles":["DetailModal"],"fullName":"DetailModal should render row data as key-value pairs without sections config","status":"passed","title":"should render row data as key-value pairs without sections config","duration":27.11583299999984,"failureMessages":[],"meta":{}},{"ancestorTitles":["DetailModal"],"fullName":"DetailModal should use titleTemplate when provided","status":"passed","title":"should use titleTemplate when provided","duration":4.272791999999754,"failureMessages":[],"meta":{}},{"ancestorTitles":["DetailModal"],"fullName":"DetailModal should fallback to first column value when no titleTemplate","status":"passed","title":"should fallback to first column value when no titleTemplate","duration":274.02829199999996,"failureMessages":[],"meta":{}},{"ancestorTitles":["DetailModal"],"fullName":"DetailModal should render sections when config has sections","status":"passed","title":"should render sections when config has sections","duration":14.000707999999577,"failureMessages":[],"meta":{}},{"ancestorTitles":["DetailModal"],"fullName":"DetailModal should disable prev button on first row and next on last row","status":"passed","title":"should disable prev button on first row and next on last row","duration":104.15541600000006,"failureMessages":[],"meta":{}},{"ancestorTitles":["DetailModal"],"fullName":"DetailModal should call onNavigate with correct direction","status":"passed","title":"should call onNavigate with correct direction","duration":200.06095800000003,"failureMessages":[],"meta":{}},{"ancestorTitles":["DetailModal"],"fullName":"DetailModal should use column labels when available","status":"passed","title":"should use column labels when available","duration":8.086041999999907,"failureMessages":[],"meta":{}},{"ancestorTitles":["DetailModal"],"fullName":"DetailModal should not render when row is null","status":"passed","title":"should not render when row is null","duration":1.0795419999999467,"failureMessages":[],"meta":{}}],"startTime":1772544897836,"endTime":1772544898506.0796,"status":"passed","message":"","name":"/Users/clement/Documents/code_clem/react/csv-viewer/src/components/ui/__tests__/DetailModal.test.tsx"},{"assertionResults":[{"ancestorTitles":["Modal"],"fullName":"Modal should not render when isOpen is false","status":"passed","title":"should not render when isOpen is false","duration":74.99016699999993,"failureMessages":[],"meta":{}},{"ancestorTitles":["Modal"],"fullName":"Modal should render when isOpen is true","status":"passed","title":"should render when isOpen is true","duration":194.73400000000038,"failureMessages":[],"meta":{}},{"ancestorTitles":["Modal"],"fullName":"Modal should display the title","status":"passed","title":"should display the title","duration":4.991500000000087,"failureMessages":[],"meta":{}},{"ancestorTitles":["Modal"],"fullName":"Modal should display the footer","status":"passed","title":"should display the footer","duration":2.339332999999897,"failureMessages":[],"meta":{}},{"ancestorTitles":["Modal"],"fullName":"Modal should call onClose when close button is clicked","status":"passed","title":"should call onClose when close button is clicked","duration":142.95341700000017,"failureMessages":[],"meta":{}},{"ancestorTitles":["Modal"],"fullName":"Modal should call onClose when backdrop is clicked","status":"passed","title":"should call onClose when backdrop is clicked","duration":51.669250000000375,"failureMessages":[],"meta":{}},{"ancestorTitles":["Modal"],"fullName":"Modal should call onClose when Escape key is pressed","status":"passed","title":"should call onClose when Escape key is pressed","duration":23.390666000000238,"failureMessages":[],"meta":{}},{"ancestorTitles":["Modal"],"fullName":"Modal should have aria-modal attribute","status":"passed","title":"should have aria-modal attribute","duration":6.753541999999925,"failureMessages":[],"meta":{}}],"startTime":1772544897806,"endTime":1772544898307.7537,"status":"passed","message":"","name":"/Users/clement/Documents/code_clem/react/csv-viewer/src/components/ui/__tests__/Modal.test.tsx"},{"assertionResults":[{"ancestorTitles":["Toast"],"fullName":"Toast should display the toast message","status":"passed","title":"should display the toast message","duration":47.56945799999994,"failureMessages":[],"meta":{}},{"ancestorTitles":["Toast"],"fullName":"Toast should render an icon","status":"passed","title":"should render an icon","duration":27.457957999999962,"failureMessages":[],"meta":{}},{"ancestorTitles":["Toast"],"fullName":"Toast should call onClose with toast id when close button is clicked","status":"passed","title":"should call onClose with toast id when close button is clicked","duration":311.73400000000015,"failureMessages":[],"meta":{}},{"ancestorTitles":["Toast"],"fullName":"Toast should apply correct CSS classes for error type","status":"passed","title":"should apply correct CSS classes for error type","duration":14.345166999999947,"failureMessages":[],"meta":{}},{"ancestorTitles":["Toast"],"fullName":"Toast should have role=\"alert\" for accessibility","status":"passed","title":"should have role=\"alert\" for accessibility","duration":55.17320799999993,"failureMessages":[],"meta":{}}],"startTime":1772544900103,"endTime":1772544900559.173,"status":"passed","message":"","name":"/Users/clement/Documents/code_clem/react/csv-viewer/src/components/ui/__tests__/Toast.test.tsx"},{"assertionResults":[{"ancestorTitles":["StatsCards"],"fullName":"StatsCards should display total count card","status":"passed","title":"should display total count card","duration":71.78462499999978,"failureMessages":[],"meta":{}},{"ancestorTitles":["StatsCards"],"fullName":"StatsCards should display countWhere card with filtered count","status":"passed","title":"should display countWhere card with filtered count","duration":11.876624999999876,"failureMessages":[],"meta":{}},{"ancestorTitles":["StatsCards"],"fullName":"StatsCards should display multiple cards","status":"passed","title":"should display multiple cards","duration":4.271124999999984,"failureMessages":[],"meta":{}},{"ancestorTitles":["StatsCards"],"fullName":"StatsCards should render nothing when cards array is empty","status":"passed","title":"should render nothing when cards array is empty","duration":2.61262499999998,"failureMessages":[],"meta":{}},{"ancestorTitles":["StatsCards"],"fullName":"StatsCards should call onCardClick when clicking a countWhere card","status":"passed","title":"should call onCardClick when clicking a countWhere card","duration":313.368375,"failureMessages":[],"meta":{}},{"ancestorTitles":["StatsCards"],"fullName":"StatsCards should not call onCardClick when clicking a count card","status":"passed","title":"should not call onCardClick when clicking a count card","duration":52.80462499999999,"failureMessages":[],"meta":{}},{"ancestorTitles":["StatsCards"],"fullName":"StatsCards should have role=\"button\" only on countWhere cards","status":"passed","title":"should have role=\"button\" only on countWhere cards","duration":8.133916999999883,"failureMessages":[],"meta":{}},{"ancestorTitles":["StatsCards"],"fullName":"StatsCards should highlight active countWhere card","status":"passed","title":"should highlight active countWhere card","duration":3.1343329999999696,"failureMessages":[],"meta":{}}],"startTime":1772544899763,"endTime":1772544900231.1343,"status":"passed","message":"","name":"/Users/clement/Documents/code_clem/react/csv-viewer/src/components/stats/__tests__/StatsCards.test.tsx"},{"assertionResults":[{"ancestorTitles":["StatsPanels"],"fullName":"StatsPanels should display countByColumn panel","status":"passed","title":"should display countByColumn panel","duration":49.53958299999999,"failureMessages":[],"meta":{}},{"ancestorTitles":["StatsPanels"],"fullName":"StatsPanels should display countByYearFromDate panel","status":"passed","title":"should display countByYearFromDate panel","duration":4.806833999999981,"failureMessages":[],"meta":{}},{"ancestorTitles":["StatsPanels"],"fullName":"StatsPanels should display countBySplitValues panel","status":"passed","title":"should display countBySplitValues panel","duration":11.079375000000027,"failureMessages":[],"meta":{}},{"ancestorTitles":["StatsPanels"],"fullName":"StatsPanels should render nothing when panels array is empty","status":"passed","title":"should render nothing when panels array is empty","duration":2.801249999999982,"failureMessages":[],"meta":{}},{"ancestorTitles":["StatsPanels"],"fullName":"StatsPanels should call onStatValueClick when a row is clicked","status":"passed","title":"should call onStatValueClick when a row is clicked","duration":383.608334,"failureMessages":[],"meta":{}},{"ancestorTitles":["StatsPanels"],"fullName":"StatsPanels should call onStatValueClick when pressing Enter on a row","status":"passed","title":"should call onStatValueClick when pressing Enter on a row","duration":7.546415999999908,"failureMessages":[],"meta":{}},{"ancestorTitles":["StatsPanels"],"fullName":"StatsPanels should highlight active filter values","status":"passed","title":"should highlight active filter values","duration":1.8953750000000582,"failureMessages":[],"meta":{}},{"ancestorTitles":["StatsPanels"],"fullName":"StatsPanels should have role=\"button\" and tabIndex on rows","status":"passed","title":"should have role=\"button\" and tabIndex on rows","duration":1.3326250000000073,"failureMessages":[],"meta":{}},{"ancestorTitles":["StatsPanels"],"fullName":"StatsPanels should display \"-\" for values not in filtered data","status":"passed","title":"should display \"-\" for values not in filtered data","duration":2.1631250000000364,"failureMessages":[],"meta":{}}],"startTime":1772544899789,"endTime":1772544900254.163,"status":"passed","message":"","name":"/Users/clement/Documents/code_clem/react/csv-viewer/src/components/stats/__tests__/StatsPanels.test.tsx"},{"assertionResults":[{"ancestorTitles":["BooleanFilter"],"fullName":"BooleanFilter should render three toggle buttons","status":"passed","title":"should render three toggle buttons","duration":24.900707999999895,"failureMessages":[],"meta":{}},{"ancestorTitles":["BooleanFilter"],"fullName":"BooleanFilter should highlight active selection","status":"passed","title":"should highlight active selection","duration":353.0167920000001,"failureMessages":[],"meta":{}},{"ancestorTitles":["BooleanFilter"],"fullName":"BooleanFilter should call onChange when a button is clicked","status":"passed","title":"should call onChange when a button is clicked","duration":66.69362500000011,"failureMessages":[],"meta":{}},{"ancestorTitles":["BooleanFilter"],"fullName":"BooleanFilter should display the label","status":"passed","title":"should display the label","duration":5.320625000000064,"failureMessages":[],"meta":{}}],"startTime":1772544899680,"endTime":1772544900130.3206,"status":"passed","message":"","name":"/Users/clement/Documents/code_clem/react/csv-viewer/src/components/filters/__tests__/BooleanFilter.test.tsx"},{"assertionResults":[{"ancestorTitles":["CategoryFilter"],"fullName":"CategoryFilter should render all options","status":"passed","title":"should render all options","duration":102.7009579999999,"failureMessages":[],"meta":{}},{"ancestorTitles":["CategoryFilter"],"fullName":"CategoryFilter should show checked state for selected values","status":"passed","title":"should show checked state for selected values","duration":270.42783299999974,"failureMessages":[],"meta":{}},{"ancestorTitles":["CategoryFilter"],"fullName":"CategoryFilter should call onChange when an option is toggled","status":"passed","title":"should call onChange when an option is toggled","duration":165.04349999999977,"failureMessages":[],"meta":{}},{"ancestorTitles":["CategoryFilter"],"fullName":"CategoryFilter should remove value when unchecking","status":"passed","title":"should remove value when unchecking","duration":66.52466700000014,"failureMessages":[],"meta":{}}],"startTime":1772544897793,"endTime":1772544898397.5247,"status":"passed","message":"","name":"/Users/clement/Documents/code_clem/react/csv-viewer/src/components/filters/__tests__/CategoryFilter.test.tsx"},{"assertionResults":[{"ancestorTitles":["DateRangeFilter"],"fullName":"DateRangeFilter should render start and end date inputs","status":"passed","title":"should render start and end date inputs","duration":55.602666,"failureMessages":[],"meta":{}},{"ancestorTitles":["DateRangeFilter"],"fullName":"DateRangeFilter should display current values","status":"passed","title":"should display current values","duration":14.973332999999911,"failureMessages":[],"meta":{}},{"ancestorTitles":["DateRangeFilter"],"fullName":"DateRangeFilter should call onChange when start date changes","status":"passed","title":"should call onChange when start date changes","duration":21.13474999999994,"failureMessages":[],"meta":{}},{"ancestorTitles":["DateRangeFilter"],"fullName":"DateRangeFilter should call onChange when end date changes","status":"passed","title":"should call onChange when end date changes","duration":2.3839580000001206,"failureMessages":[],"meta":{}}],"startTime":1772544901753,"endTime":1772544901846.384,"status":"passed","message":"","name":"/Users/clement/Documents/code_clem/react/csv-viewer/src/components/filters/__tests__/DateRangeFilter.test.tsx"},{"assertionResults":[{"ancestorTitles":["NumberRangeFilter"],"fullName":"NumberRangeFilter should render min and max inputs","status":"passed","title":"should render min and max inputs","duration":60.138999999999896,"failureMessages":[],"meta":{}},{"ancestorTitles":["NumberRangeFilter"],"fullName":"NumberRangeFilter should display current values","status":"passed","title":"should display current values","duration":3.91924999999992,"failureMessages":[],"meta":{}},{"ancestorTitles":["NumberRangeFilter"],"fullName":"NumberRangeFilter should call onChange when min changes","status":"passed","title":"should call onChange when min changes","duration":14.190292,"failureMessages":[],"meta":{}},{"ancestorTitles":["NumberRangeFilter"],"fullName":"NumberRangeFilter should call onChange with null when input is cleared","status":"passed","title":"should call onChange with null when input is cleared","duration":7.9441249999999854,"failureMessages":[],"meta":{}}],"startTime":1772544901726,"endTime":1772544901812.944,"status":"passed","message":"","name":"/Users/clement/Documents/code_clem/react/csv-viewer/src/components/filters/__tests__/NumberRangeFilter.test.tsx"},{"assertionResults":[{"ancestorTitles":["TextFilter"],"fullName":"TextFilter should render with label","status":"passed","title":"should render with label","duration":48.9353329999999,"failureMessages":[],"meta":{}},{"ancestorTitles":["TextFilter"],"fullName":"TextFilter should display current value","status":"passed","title":"should display current value","duration":11.770375000000058,"failureMessages":[],"meta":{}},{"ancestorTitles":["TextFilter"],"fullName":"TextFilter should call onChange after debounce","status":"passed","title":"should call onChange after debounce","duration":9.630333999999948,"failureMessages":[],"meta":{}},{"ancestorTitles":["TextFilter"],"fullName":"TextFilter should have placeholder text","status":"passed","title":"should have placeholder text","duration":2.499458000000004,"failureMessages":[],"meta":{}}],"startTime":1772544901677,"endTime":1772544901749.4995,"status":"passed","message":"","name":"/Users/clement/Documents/code_clem/react/csv-viewer/src/components/filters/__tests__/TextFilter.test.tsx"}]}