{"numTotalTestSuites":136,"numPassedTestSuites":136,"numFailedTestSuites":0,"numPendingTestSuites":0,"numTotalTests":588,"numPassedTests":588,"numFailedTests":0,"numPendingTests":0,"numTodoTests":0,"snapshot":{"added":0,"failure":false,"filesAdded":0,"filesRemoved":0,"filesRemovedList":[],"filesUnmatched":0,"filesUpdated":0,"matched":0,"total":0,"unchecked":0,"uncheckedKeysByFile":[],"unmatched":0,"updated":0,"didUpdate":false},"startTime":1779969652642,"success":true,"testResults":[{"assertionResults":[{"ancestorTitles":["App"],"fullName":"App should render the upload screen initially","status":"passed","title":"should render the upload screen initially","duration":41.69479100000012,"failureMessages":[],"meta":{}},{"ancestorTitles":["App"],"fullName":"App should let users choose a built-in config from startup screen","status":"passed","title":"should let users choose a built-in config from startup screen","duration":356.6956670000002,"failureMessages":[],"meta":{}},{"ancestorTitles":["App"],"fullName":"App should show data table after CSV upload","status":"passed","title":"should show data table after CSV upload","duration":98.53362500000003,"failureMessages":[],"meta":{}},{"ancestorTitles":["App"],"fullName":"App should show XLSX sheet selector when multiple sheets","status":"passed","title":"should show XLSX sheet selector when multiple sheets","duration":61.79454100000021,"failureMessages":[],"meta":{}},{"ancestorTitles":["App"],"fullName":"App should show error toast on invalid file","status":"passed","title":"should show error toast on invalid file","duration":64.14954200000011,"failureMessages":[],"meta":{}},{"ancestorTitles":["App"],"fullName":"App should allow sorting by clicking column headers","status":"passed","title":"should allow sorting by clicking column headers","duration":279.7623330000001,"failureMessages":[],"meta":{}}],"startTime":1779969654524,"endTime":1779969655426.7625,"status":"passed","message":"","name":"/Users/clement/Documents/code_clem/react/csv-viewer/src/__tests__/App.test.tsx"},{"assertionResults":[{"ancestorTitles":["useAppState"],"fullName":"useAppState should initialize with empty state","status":"passed","title":"should initialize with empty state","duration":27.702957999999967,"failureMessages":[],"meta":{}},{"ancestorTitles":["useAppState"],"fullName":"useAppState should expose built-in configs on startup","status":"passed","title":"should expose built-in configs on startup","duration":19.28958399999999,"failureMessages":[],"meta":{}},{"ancestorTitles":["useAppState"],"fullName":"useAppState should parse CSV file on data upload","status":"passed","title":"should parse CSV file on data upload","duration":5.067082999999911,"failureMessages":[],"meta":{}},{"ancestorTitles":["useAppState"],"fullName":"useAppState should parse XLSX file on data upload","status":"passed","title":"should parse XLSX file on data upload","duration":17.727833000000032,"failureMessages":[],"meta":{}},{"ancestorTitles":["useAppState"],"fullName":"useAppState should set visible columns from schema after parsing","status":"passed","title":"should set visible columns from schema after parsing","duration":5.09699999999998,"failureMessages":[],"meta":{}},{"ancestorTitles":["useAppState"],"fullName":"useAppState should toggle column visibility","status":"passed","title":"should toggle column visibility","duration":6.981416999999965,"failureMessages":[],"meta":{}},{"ancestorTitles":["useAppState"],"fullName":"useAppState should select and navigate rows","status":"passed","title":"should select and navigate rows","duration":5.006708000000117,"failureMessages":[],"meta":{}},{"ancestorTitles":["useAppState"],"fullName":"useAppState should not navigate before first or after last row","status":"passed","title":"should not navigate before first or after last row","duration":3.623540999999932,"failureMessages":[],"meta":{}},{"ancestorTitles":["useAppState"],"fullName":"useAppState should handle config file import with name","status":"passed","title":"should handle config file import with name","duration":6.956332999999859,"failureMessages":[],"meta":{}}],"startTime":1779969657521,"endTime":1779969657618.9563,"status":"passed","message":"","name":"/Users/clement/Documents/code_clem/react/csv-viewer/src/hooks/__tests__/useAppState.test.ts"},{"assertionResults":[{"ancestorTitles":["useConfigStorage"],"fullName":"useConfigStorage should initialize correctly","status":"passed","title":"should initialize correctly","duration":15.887207999999987,"failureMessages":[],"meta":{}},{"ancestorTitles":["useConfigStorage"],"fullName":"useConfigStorage should save and load config","status":"passed","title":"should save and load config","duration":2.3677079999999933,"failureMessages":[],"meta":{}},{"ancestorTitles":["useConfigStorage"],"fullName":"useConfigStorage should save config with fingerprint","status":"passed","title":"should save config with fingerprint","duration":1.9424999999999955,"failureMessages":[],"meta":{}},{"ancestorTitles":["useConfigStorage"],"fullName":"useConfigStorage should load all configs","status":"passed","title":"should load all configs","duration":4.228958000000034,"failureMessages":[],"meta":{}},{"ancestorTitles":["useConfigStorage"],"fullName":"useConfigStorage should delete config","status":"passed","title":"should delete config","duration":3.7748339999999416,"failureMessages":[],"meta":{}},{"ancestorTitles":["useConfigStorage"],"fullName":"useConfigStorage should rename config","status":"passed","title":"should rename config","duration":0.7503329999999551,"failureMessages":[],"meta":{}},{"ancestorTitles":["useConfigStorage"],"fullName":"useConfigStorage should get and set selected config","status":"passed","title":"should get and set selected config","duration":0.6491250000000264,"failureMessages":[],"meta":{}},{"ancestorTitles":["useConfigStorage"],"fullName":"useConfigStorage should check if first use","status":"passed","title":"should check if first use","duration":0.6798330000000306,"failureMessages":[],"meta":{}},{"ancestorTitles":["useConfigStorage"],"fullName":"useConfigStorage should find best matching config","status":"passed","title":"should find best matching config","duration":9.400624999999991,"failureMessages":[],"meta":{}},{"ancestorTitles":["useConfigStorage"],"fullName":"useConfigStorage should return null for no matching configs","status":"passed","title":"should return null for no matching configs","duration":17.114541999999915,"failureMessages":[],"meta":{}},{"ancestorTitles":["useConfigStorage"],"fullName":"useConfigStorage should respect custom threshold in findBestMatch","status":"passed","title":"should respect custom threshold in findBestMatch","duration":2.7310829999998987,"failureMessages":[],"meta":{}}],"startTime":1779969658331,"endTime":1779969658390.7312,"status":"passed","message":"","name":"/Users/clement/Documents/code_clem/react/csv-viewer/src/hooks/__tests__/useConfigStorage.test.ts"},{"assertionResults":[{"ancestorTitles":["useFilters"],"fullName":"useFilters should start with empty filter state","status":"passed","title":"should start with empty filter state","duration":16.921041999999943,"failureMessages":[],"meta":{}},{"ancestorTitles":["useFilters"],"fullName":"useFilters should update a text filter","status":"passed","title":"should update a text filter","duration":1.991624999999999,"failureMessages":[],"meta":{}},{"ancestorTitles":["useFilters"],"fullName":"useFilters should update existing filter for same column","status":"passed","title":"should update existing filter for same column","duration":8.541041999999948,"failureMessages":[],"meta":{}},{"ancestorTitles":["useFilters"],"fullName":"useFilters should update global search filter","status":"passed","title":"should update global search filter","duration":2.4789160000000265,"failureMessages":[],"meta":{}},{"ancestorTitles":["useFilters"],"fullName":"useFilters should reset all filters","status":"passed","title":"should reset all filters","duration":1.9725000000000819,"failureMessages":[],"meta":{}},{"ancestorTitles":["useFilters"],"fullName":"useFilters should count only active filters (non-empty)","status":"passed","title":"should count only active filters (non-empty)","duration":0.802665999999931,"failureMessages":[],"meta":{}},{"ancestorTitles":["useFilters"],"fullName":"useFilters should remove text filter when searchTerm is empty","status":"passed","title":"should remove text filter when searchTerm is empty","duration":1.269625000000019,"failureMessages":[],"meta":{}},{"ancestorTitles":["useFilters"],"fullName":"useFilters should remove dateRange filter when both dates are null and includeEmpty is false","status":"passed","title":"should remove dateRange filter when both dates are null and includeEmpty is false","duration":1.0616250000000491,"failureMessages":[],"meta":{}},{"ancestorTitles":["useFilters"],"fullName":"useFilters should keep dateRange filter when includeEmpty is true even if dates are null","status":"passed","title":"should keep dateRange filter when includeEmpty is true even if dates are null","duration":3.0696249999999736,"failureMessages":[],"meta":{}},{"ancestorTitles":["useFilters"],"fullName":"useFilters should count includeEmpty as active filter","status":"passed","title":"should count includeEmpty as active filter","duration":2.5577089999999316,"failureMessages":[],"meta":{}},{"ancestorTitles":["useFilters"],"fullName":"useFilters should allow year category filter and regular category filter on same column","status":"passed","title":"should allow year category filter and regular category filter on same column","duration":2.5645419999999604,"failureMessages":[],"meta":{}},{"ancestorTitles":["useFilters"],"fullName":"useFilters should update year filter independently from regular category filter","status":"passed","title":"should update year filter independently from regular category filter","duration":3.796707999999967,"failureMessages":[],"meta":{}}],"startTime":1779969658635,"endTime":1779969658681.7966,"status":"passed","message":"","name":"/Users/clement/Documents/code_clem/react/csv-viewer/src/hooks/__tests__/useFilters.test.ts"},{"assertionResults":[{"ancestorTitles":["usePagination"],"fullName":"usePagination should start at page 1","status":"passed","title":"should start at page 1","duration":30.192499999999995,"failureMessages":[],"meta":{}},{"ancestorTitles":["usePagination"],"fullName":"usePagination should navigate to next page","status":"passed","title":"should navigate to next page","duration":1.992166999999995,"failureMessages":[],"meta":{}},{"ancestorTitles":["usePagination"],"fullName":"usePagination should navigate to previous page","status":"passed","title":"should navigate to previous page","duration":7.510583999999994,"failureMessages":[],"meta":{}},{"ancestorTitles":["usePagination"],"fullName":"usePagination should clamp page between 1 and totalPages","status":"passed","title":"should clamp page between 1 and totalPages","duration":1.3901250000000118,"failureMessages":[],"meta":{}},{"ancestorTitles":["usePagination"],"fullName":"usePagination should not go below page 1 with prevPage","status":"passed","title":"should not go below page 1 with prevPage","duration":1.408457999999996,"failureMessages":[],"meta":{}},{"ancestorTitles":["usePagination"],"fullName":"usePagination should not go above totalPages with nextPage","status":"passed","title":"should not go above totalPages with nextPage","duration":0.7476249999999709,"failureMessages":[],"meta":{}},{"ancestorTitles":["usePagination"],"fullName":"usePagination should reset to page 1 when changing rowsPerPage","status":"passed","title":"should reset to page 1 when changing rowsPerPage","duration":0.9577920000000404,"failureMessages":[],"meta":{}},{"ancestorTitles":["usePagination"],"fullName":"usePagination should handle totalPages of 1 when rows less than rowsPerPage","status":"passed","title":"should handle totalPages of 1 when rows less than rowsPerPage","duration":0.5627499999999372,"failureMessages":[],"meta":{}}],"startTime":1779969658545,"endTime":1779969658590.5627,"status":"passed","message":"","name":"/Users/clement/Documents/code_clem/react/csv-viewer/src/hooks/__tests__/usePagination.test.ts"},{"assertionResults":[{"ancestorTitles":["useToast"],"fullName":"useToast should start with empty toasts","status":"passed","title":"should start with empty toasts","duration":11.726540999999997,"failureMessages":[],"meta":{}},{"ancestorTitles":["useToast"],"fullName":"useToast should add a toast","status":"passed","title":"should add a toast","duration":3.3684580000000324,"failureMessages":[],"meta":{}},{"ancestorTitles":["useToast"],"fullName":"useToast should remove a toast by id","status":"passed","title":"should remove a toast by id","duration":2.463124999999991,"failureMessages":[],"meta":{}},{"ancestorTitles":["useToast"],"fullName":"useToast should auto-dismiss success toast after default duration","status":"passed","title":"should auto-dismiss success toast after default duration","duration":3.7819580000000315,"failureMessages":[],"meta":{}},{"ancestorTitles":["useToast"],"fullName":"useToast should auto-dismiss error toast after 8000ms","status":"passed","title":"should auto-dismiss error toast after 8000ms","duration":4.5011670000000095,"failureMessages":[],"meta":{}},{"ancestorTitles":["useToast"],"fullName":"useToast should use custom duration when provided","status":"passed","title":"should use custom duration when provided","duration":1.5350409999999783,"failureMessages":[],"meta":{}}],"startTime":1779969658235,"endTime":1779969658262.5352,"status":"passed","message":"","name":"/Users/clement/Documents/code_clem/react/csv-viewer/src/hooks/__tests__/useToast.test.ts"},{"assertionResults":[{"ancestorTitles":["core.types"],"fullName":"core.types should allow creating a DataRow with string values","status":"passed","title":"should allow creating a DataRow with string values","duration":0.6610000000000582,"failureMessages":[],"meta":{}},{"ancestorTitles":["core.types"],"fullName":"core.types should allow creating a RawDataRow with unknown values","status":"passed","title":"should allow creating a RawDataRow with unknown values","duration":0.17516600000010385,"failureMessages":[],"meta":{}},{"ancestorTitles":["core.types"],"fullName":"core.types should support all ColumnDataType values","status":"passed","title":"should support all ColumnDataType values","duration":0.4207499999999982,"failureMessages":[],"meta":{}},{"ancestorTitles":["core.types"],"fullName":"core.types should allow creating a complete InferredColumnSchema","status":"passed","title":"should allow creating a complete InferredColumnSchema","duration":0.3034589999999753,"failureMessages":[],"meta":{}},{"ancestorTitles":["core.types"],"fullName":"core.types should allow InferredColumnSchema with optional fields for number type","status":"passed","title":"should allow InferredColumnSchema with optional fields for number type","duration":0.09087499999998272,"failureMessages":[],"meta":{}},{"ancestorTitles":["core.types"],"fullName":"core.types should allow InferredColumnSchema with separator for multi type","status":"passed","title":"should allow InferredColumnSchema with separator for multi type","duration":0.09920799999997598,"failureMessages":[],"meta":{}},{"ancestorTitles":["core.types"],"fullName":"core.types should allow creating a ColumnTypeDetectionResult","status":"passed","title":"should allow creating a ColumnTypeDetectionResult","duration":0.13858400000003712,"failureMessages":[],"meta":{}}],"startTime":1779969659539,"endTime":1779969659541.1387,"status":"passed","message":"","name":"/Users/clement/Documents/code_clem/react/csv-viewer/src/types/__tests__/core.types.test.ts"},{"assertionResults":[{"ancestorTitles":["storage.types","isStoredConfig"],"fullName":"storage.types isStoredConfig should return true for valid StoredConfig","status":"passed","title":"should return true for valid StoredConfig","duration":0.6684579999999869,"failureMessages":[],"meta":{}},{"ancestorTitles":["storage.types","isStoredConfig"],"fullName":"storage.types isStoredConfig should return true for StoredConfig with schemaFingerprint","status":"passed","title":"should return true for StoredConfig with schemaFingerprint","duration":0.09916699999996581,"failureMessages":[],"meta":{}},{"ancestorTitles":["storage.types","isStoredConfig"],"fullName":"storage.types isStoredConfig should return false for null","status":"passed","title":"should return false for null","duration":0.058832999999935964,"failureMessages":[],"meta":{}},{"ancestorTitles":["storage.types","isStoredConfig"],"fullName":"storage.types isStoredConfig should return false for non-object","status":"passed","title":"should return false for non-object","duration":0.2878329999999778,"failureMessages":[],"meta":{}},{"ancestorTitles":["storage.types","isStoredConfig"],"fullName":"storage.types isStoredConfig should return false for missing name","status":"passed","title":"should return false for missing name","duration":0.06999999999993634,"failureMessages":[],"meta":{}},{"ancestorTitles":["storage.types","isStoredConfig"],"fullName":"storage.types isStoredConfig should return false for missing config","status":"passed","title":"should return false for missing config","duration":0.0484159999999747,"failureMessages":[],"meta":{}},{"ancestorTitles":["storage.types","isStoredConfig"],"fullName":"storage.types isStoredConfig should return false for null config","status":"passed","title":"should return false for null config","duration":0.12987499999997,"failureMessages":[],"meta":{}},{"ancestorTitles":["storage.types","isStoredConfig"],"fullName":"storage.types isStoredConfig should return false for missing timestamps","status":"passed","title":"should return false for missing timestamps","duration":0.05899999999996908,"failureMessages":[],"meta":{}},{"ancestorTitles":["storage.types","isStoredConfig"],"fullName":"storage.types isStoredConfig should return false for invalid timestamp types","status":"passed","title":"should return false for invalid timestamp types","duration":0.19249999999999545,"failureMessages":[],"meta":{}},{"ancestorTitles":["storage.types","isConfigSchemaFingerprint"],"fullName":"storage.types isConfigSchemaFingerprint should return true for valid ConfigSchemaFingerprint","status":"passed","title":"should return true for valid ConfigSchemaFingerprint","duration":0.08904199999994944,"failureMessages":[],"meta":{}},{"ancestorTitles":["storage.types","isConfigSchemaFingerprint"],"fullName":"storage.types isConfigSchemaFingerprint should return true for empty expectedColumns","status":"passed","title":"should return true for empty expectedColumns","duration":0.0404999999999518,"failureMessages":[],"meta":{}},{"ancestorTitles":["storage.types","isConfigSchemaFingerprint"],"fullName":"storage.types isConfigSchemaFingerprint should return false for null","status":"passed","title":"should return false for null","duration":0.032958000000007814,"failureMessages":[],"meta":{}},{"ancestorTitles":["storage.types","isConfigSchemaFingerprint"],"fullName":"storage.types isConfigSchemaFingerprint should return false for non-object","status":"passed","title":"should return false for non-object","duration":0.04104199999994762,"failureMessages":[],"meta":{}},{"ancestorTitles":["storage.types","isConfigSchemaFingerprint"],"fullName":"storage.types isConfigSchemaFingerprint should return false for missing expectedColumns","status":"passed","title":"should return false for missing expectedColumns","duration":0.03325000000006639,"failureMessages":[],"meta":{}},{"ancestorTitles":["storage.types","isConfigSchemaFingerprint"],"fullName":"storage.types isConfigSchemaFingerprint should return false for non-array expectedColumns","status":"passed","title":"should return false for non-array expectedColumns","duration":0.03125,"failureMessages":[],"meta":{}},{"ancestorTitles":["storage.types","isConfigSchemaFingerprint"],"fullName":"storage.types isConfigSchemaFingerprint should return false for expectedColumns with non-string elements","status":"passed","title":"should return false for expectedColumns with non-string elements","duration":0.03191599999991013,"failureMessages":[],"meta":{}},{"ancestorTitles":["storage.types","isConfigSchemaFingerprint"],"fullName":"storage.types isConfigSchemaFingerprint should return false for missing columnTypes","status":"passed","title":"should return false for missing columnTypes","duration":0.031957999999917774,"failureMessages":[],"meta":{}},{"ancestorTitles":["storage.types","isConfigSchemaFingerprint"],"fullName":"storage.types isConfigSchemaFingerprint should return false for null columnTypes","status":"passed","title":"should return false for null columnTypes","duration":0.03129199999989396,"failureMessages":[],"meta":{}},{"ancestorTitles":["storage.types","isConfigSchemaFingerprint"],"fullName":"storage.types isConfigSchemaFingerprint should return false for missing columnCount","status":"passed","title":"should return false for missing columnCount","duration":0.0338329999999587,"failureMessages":[],"meta":{}},{"ancestorTitles":["storage.types","isConfigSchemaFingerprint"],"fullName":"storage.types isConfigSchemaFingerprint should return false for non-number columnCount","status":"passed","title":"should return false for non-number columnCount","duration":0.03191700000002129,"failureMessages":[],"meta":{}},{"ancestorTitles":["storage.types","isStorageVersion"],"fullName":"storage.types isStorageVersion should return true for valid StorageVersion","status":"passed","title":"should return true for valid StorageVersion","duration":0.04429199999992761,"failureMessages":[],"meta":{}},{"ancestorTitles":["storage.types","isStorageVersion"],"fullName":"storage.types isStorageVersion should return true for version 0","status":"passed","title":"should return true for version 0","duration":0.029417000000080407,"failureMessages":[],"meta":{}},{"ancestorTitles":["storage.types","isStorageVersion"],"fullName":"storage.types isStorageVersion should return false for null","status":"passed","title":"should return false for null","duration":0.02800000000002001,"failureMessages":[],"meta":{}},{"ancestorTitles":["storage.types","isStorageVersion"],"fullName":"storage.types isStorageVersion should return false for non-object","status":"passed","title":"should return false for non-object","duration":0.03716699999995399,"failureMessages":[],"meta":{}},{"ancestorTitles":["storage.types","isStorageVersion"],"fullName":"storage.types isStorageVersion should return false for missing version","status":"passed","title":"should return false for missing version","duration":0.027916999999888503,"failureMessages":[],"meta":{}},{"ancestorTitles":["storage.types","isStorageVersion"],"fullName":"storage.types isStorageVersion should return false for non-number version","status":"passed","title":"should return false for non-number version","duration":0.029374999999959073,"failureMessages":[],"meta":{}}],"startTime":1779969660206,"endTime":1779969660209.0442,"status":"passed","message":"","name":"/Users/clement/Documents/code_clem/react/csv-viewer/src/types/__tests__/storage.types.test.ts"},{"assertionResults":[{"ancestorTitles":["createMockDataRow"],"fullName":"createMockDataRow should return default values when called without overrides","status":"passed","title":"should return default values when called without overrides","duration":2.1509999999999536,"failureMessages":[],"meta":{}},{"ancestorTitles":["createMockDataRow"],"fullName":"createMockDataRow should override specific fields while keeping defaults","status":"passed","title":"should override specific fields while keeping defaults","duration":0.2636250000000473,"failureMessages":[],"meta":{}},{"ancestorTitles":["createMockDataRow"],"fullName":"createMockDataRow should allow adding extra fields via overrides","status":"passed","title":"should allow adding extra fields via overrides","duration":0.08129199999996217,"failureMessages":[],"meta":{}},{"ancestorTitles":["createMockDataRowArray"],"fullName":"createMockDataRowArray should create the requested number of rows","status":"passed","title":"should create the requested number of rows","duration":0.7010419999999158,"failureMessages":[],"meta":{}},{"ancestorTitles":["createMockDataRowArray"],"fullName":"createMockDataRowArray should use default generator with index-based nom","status":"passed","title":"should use default generator with index-based nom","duration":0.1442500000000564,"failureMessages":[],"meta":{}},{"ancestorTitles":["createMockDataRowArray"],"fullName":"createMockDataRowArray should use custom generator when provided","status":"passed","title":"should use custom generator when provided","duration":0.09799999999995634,"failureMessages":[],"meta":{}},{"ancestorTitles":["createMockDataRowArray"],"fullName":"createMockDataRowArray should return an empty array when count is 0","status":"passed","title":"should return an empty array when count is 0","duration":0.13220799999999144,"failureMessages":[],"meta":{}},{"ancestorTitles":["createMockInferredSchema"],"fullName":"createMockInferredSchema should return default schema when called without overrides","status":"passed","title":"should return default schema when called without overrides","duration":0.4157079999999951,"failureMessages":[],"meta":{}},{"ancestorTitles":["createMockInferredSchema"],"fullName":"createMockInferredSchema should override specific fields while keeping defaults","status":"passed","title":"should override specific fields while keeping defaults","duration":0.28662500000007185,"failureMessages":[],"meta":{}},{"ancestorTitles":["createMockInferredSchema"],"fullName":"createMockInferredSchema should allow creating a multi-type schema with separator","status":"passed","title":"should allow creating a multi-type schema with separator","duration":0.08070900000006986,"failureMessages":[],"meta":{}}],"startTime":1779969660242,"endTime":1779969660247.2866,"status":"passed","message":"","name":"/Users/clement/Documents/code_clem/react/csv-viewer/src/test/factories/__tests__/data.factory.test.ts"},{"assertionResults":[{"ancestorTitles":["parseCSVFileToNormalizedRows"],"fullName":"parseCSVFileToNormalizedRows should parse a basic CSV with comma delimiter","status":"passed","title":"should parse a basic CSV with comma delimiter","duration":5.30275000000006,"failureMessages":[],"meta":{}},{"ancestorTitles":["parseCSVFileToNormalizedRows"],"fullName":"parseCSVFileToNormalizedRows should trim whitespace from values","status":"passed","title":"should trim whitespace from values","duration":1.7657500000000255,"failureMessages":[],"meta":{}},{"ancestorTitles":["parseCSVFileToNormalizedRows"],"fullName":"parseCSVFileToNormalizedRows should normalize header names","status":"passed","title":"should normalize header names","duration":1.9038750000000846,"failureMessages":[],"meta":{}},{"ancestorTitles":["parseCSVFileToNormalizedRows"],"fullName":"parseCSVFileToNormalizedRows should auto-detect semicolon delimiter","status":"passed","title":"should auto-detect semicolon delimiter","duration":1.192083000000025,"failureMessages":[],"meta":{}},{"ancestorTitles":["parseCSVFileToNormalizedRows"],"fullName":"parseCSVFileToNormalizedRows should auto-detect pipe delimiter","status":"passed","title":"should auto-detect pipe delimiter","duration":0.8553749999999809,"failureMessages":[],"meta":{}},{"ancestorTitles":["parseCSVFileToNormalizedRows"],"fullName":"parseCSVFileToNormalizedRows should use custom delimiter when provided","status":"passed","title":"should use custom delimiter when provided","duration":1.2648329999999532,"failureMessages":[],"meta":{}},{"ancestorTitles":["parseCSVFileToNormalizedRows"],"fullName":"parseCSVFileToNormalizedRows should handle empty cell values","status":"passed","title":"should handle empty cell values","duration":2.538000000000011,"failureMessages":[],"meta":{}},{"ancestorTitles":["parseCSVFileToNormalizedRows"],"fullName":"parseCSVFileToNormalizedRows should throw error for empty file","status":"passed","title":"should throw error for empty file","duration":6.512459000000035,"failureMessages":[],"meta":{}},{"ancestorTitles":["parseCSVFileToNormalizedRows"],"fullName":"parseCSVFileToNormalizedRows should throw error for file with only headers","status":"passed","title":"should throw error for file with only headers","duration":2.819749999999999,"failureMessages":[],"meta":{}},{"ancestorTitles":["parseCSVFileToNormalizedRows"],"fullName":"parseCSVFileToNormalizedRows should deduplicate identical header names","status":"passed","title":"should deduplicate identical header names","duration":3.3539579999999205,"failureMessages":[],"meta":{}},{"ancestorTitles":["parseCSVFileToNormalizedRows"],"fullName":"parseCSVFileToNormalizedRows should skip empty lines","status":"passed","title":"should skip empty lines","duration":14.431124999999952,"failureMessages":[],"meta":{}}],"startTime":1779969659227,"endTime":1779969659269.4312,"status":"passed","message":"","name":"/Users/clement/Documents/code_clem/react/csv-viewer/src/lib/parsers/__tests__/csv-parser.test.ts"},{"assertionResults":[{"ancestorTitles":["parseXLSXFirstSheetWithAvailableSheets"],"fullName":"parseXLSXFirstSheetWithAvailableSheets should parse basic XLSX with first sheet data","status":"passed","title":"should parse basic XLSX with first sheet data","duration":31.523416999999995,"failureMessages":[],"meta":{}},{"ancestorTitles":["parseXLSXFirstSheetWithAvailableSheets"],"fullName":"parseXLSXFirstSheetWithAvailableSheets should return all available sheet names","status":"passed","title":"should return all available sheet names","duration":10.753458999999907,"failureMessages":[],"meta":{}},{"ancestorTitles":["parseXLSXFirstSheetWithAvailableSheets"],"fullName":"parseXLSXFirstSheetWithAvailableSheets should return data from first sheet only","status":"passed","title":"should return data from first sheet only","duration":6.342208000000028,"failureMessages":[],"meta":{}},{"ancestorTitles":["parseXLSXFirstSheetWithAvailableSheets"],"fullName":"parseXLSXFirstSheetWithAvailableSheets should normalize header names","status":"passed","title":"should normalize header names","duration":5.97362499999997,"failureMessages":[],"meta":{}},{"ancestorTitles":["parseXLSXFirstSheetWithAvailableSheets"],"fullName":"parseXLSXFirstSheetWithAvailableSheets should handle empty cells as empty strings","status":"passed","title":"should handle empty cells as empty strings","duration":5.3059169999999085,"failureMessages":[],"meta":{}},{"ancestorTitles":["parseXLSXFirstSheetWithAvailableSheets"],"fullName":"parseXLSXFirstSheetWithAvailableSheets should throw error for empty file","status":"passed","title":"should throw error for empty file","duration":5.484375,"failureMessages":[],"meta":{}},{"ancestorTitles":["parseXLSXFirstSheetWithAvailableSheets"],"fullName":"parseXLSXFirstSheetWithAvailableSheets should deduplicate identical header names","status":"passed","title":"should deduplicate identical header names","duration":4.935042000000067,"failureMessages":[],"meta":{}},{"ancestorTitles":["parseXLSXFirstSheetWithAvailableSheets"],"fullName":"parseXLSXFirstSheetWithAvailableSheets should handle numeric values as strings","status":"passed","title":"should handle numeric values as strings","duration":4.2961669999999685,"failureMessages":[],"meta":{}},{"ancestorTitles":["extractRowsFromSpecificSheet"],"fullName":"extractRowsFromSpecificSheet should extract data from a specific sheet","status":"passed","title":"should extract data from a specific sheet","duration":4.154042000000004,"failureMessages":[],"meta":{}},{"ancestorTitles":["extractRowsFromSpecificSheet"],"fullName":"extractRowsFromSpecificSheet should throw error for non-existent sheet","status":"passed","title":"should throw error for non-existent sheet","duration":6.721833999999944,"failureMessages":[],"meta":{}},{"ancestorTitles":["extractRowsFromSpecificSheet"],"fullName":"extractRowsFromSpecificSheet should normalize headers from specific sheet","status":"passed","title":"should normalize headers from specific sheet","duration":3.8115830000000415,"failureMessages":[],"meta":{}},{"ancestorTitles":["extractRowsFromSpecificSheet"],"fullName":"extractRowsFromSpecificSheet should throw error for empty specific sheet","status":"passed","title":"should throw error for empty specific sheet","duration":5.1212920000000395,"failureMessages":[],"meta":{}},{"ancestorTitles":["extractRowsFromSpecificSheet"],"fullName":"extractRowsFromSpecificSheet should handle large files with many rows","status":"passed","title":"should handle large files with many rows","duration":7.716166000000044,"failureMessages":[],"meta":{}}],"startTime":1779969658255,"endTime":1779969658357.716,"status":"passed","message":"","name":"/Users/clement/Documents/code_clem/react/csv-viewer/src/lib/parsers/__tests__/xlsx-parser.test.ts"},{"assertionResults":[{"ancestorTitles":["parseExcelDateToAge"],"fullName":"parseExcelDateToAge should parse valid Excel date to age","status":"passed","title":"should parse valid Excel date to age","duration":4.398750000000064,"failureMessages":[],"meta":{}},{"ancestorTitles":["parseExcelDateToAge"],"fullName":"parseExcelDateToAge should parse Excel date for person born in 1985","status":"passed","title":"should parse Excel date for person born in 1985","duration":1.3527500000000146,"failureMessages":[],"meta":{}},{"ancestorTitles":["parseExcelDateToAge"],"fullName":"parseExcelDateToAge should parse Excel date for person born in 1990","status":"passed","title":"should parse Excel date for person born in 1990","duration":0.7017079999999396,"failureMessages":[],"meta":{}},{"ancestorTitles":["parseExcelDateToAge"],"fullName":"parseExcelDateToAge should return null for invalid Excel date (negative)","status":"passed","title":"should return null for invalid Excel date (negative)","duration":0.8730829999999514,"failureMessages":[],"meta":{}},{"ancestorTitles":["parseExcelDateToAge"],"fullName":"parseExcelDateToAge should return null for invalid Excel date (too large)","status":"passed","title":"should return null for invalid Excel date (too large)","duration":0.5956249999999272,"failureMessages":[],"meta":{}},{"ancestorTitles":["parseExcelDateToAge"],"fullName":"parseExcelDateToAge should return null for NaN","status":"passed","title":"should return null for NaN","duration":0.6477499999999736,"failureMessages":[],"meta":{}},{"ancestorTitles":["parseDateStringToAge"],"fullName":"parseDateStringToAge should parse ISO date string to age","status":"passed","title":"should parse ISO date string to age","duration":0.36887500000000273,"failureMessages":[],"meta":{}},{"ancestorTitles":["parseDateStringToAge"],"fullName":"parseDateStringToAge should parse DD/MM/YYYY date string to age","status":"passed","title":"should parse DD/MM/YYYY date string to age","duration":0.13858300000003965,"failureMessages":[],"meta":{}},{"ancestorTitles":["parseDateStringToAge"],"fullName":"parseDateStringToAge should parse MM/DD/YYYY date string to age","status":"passed","title":"should parse MM/DD/YYYY date string to age","duration":0.4676249999999982,"failureMessages":[],"meta":{}},{"ancestorTitles":["parseDateStringToAge"],"fullName":"parseDateStringToAge should handle Excel number as string","status":"passed","title":"should handle Excel number as string","duration":0.17495800000006057,"failureMessages":[],"meta":{}},{"ancestorTitles":["parseDateStringToAge"],"fullName":"parseDateStringToAge should return null for invalid date string","status":"passed","title":"should return null for invalid date string","duration":0.16629100000000108,"failureMessages":[],"meta":{}},{"ancestorTitles":["parseDateStringToAge"],"fullName":"parseDateStringToAge should return null for malformed DD/MM/YYYY","status":"passed","title":"should return null for malformed DD/MM/YYYY","duration":0.10325000000000273,"failureMessages":[],"meta":{}},{"ancestorTitles":["parseDateStringToAge"],"fullName":"parseDateStringToAge should return null for empty string","status":"passed","title":"should return null for empty string","duration":0.09424999999998818,"failureMessages":[],"meta":{}},{"ancestorTitles":["applyComputedColumn"],"fullName":"applyComputedColumn should add age column from Excel date","status":"passed","title":"should add age column from Excel date","duration":0.25299999999992906,"failureMessages":[],"meta":{}},{"ancestorTitles":["applyComputedColumn"],"fullName":"applyComputedColumn should add age column from ISO date string","status":"passed","title":"should add age column from ISO date string","duration":0.12987499999997,"failureMessages":[],"meta":{}},{"ancestorTitles":["applyComputedColumn"],"fullName":"applyComputedColumn should add age column from DD/MM/YYYY date string","status":"passed","title":"should add age column from DD/MM/YYYY date string","duration":0.11891700000001038,"failureMessages":[],"meta":{}},{"ancestorTitles":["applyComputedColumn"],"fullName":"applyComputedColumn should handle missing source column gracefully","status":"passed","title":"should handle missing source column gracefully","duration":1.3359159999999974,"failureMessages":[],"meta":{}},{"ancestorTitles":["applyComputedColumn"],"fullName":"applyComputedColumn should handle invalid dates by setting empty string","status":"passed","title":"should handle invalid dates by setting empty string","duration":0.238666999999964,"failureMessages":[],"meta":{}},{"ancestorTitles":["applyComputedColumn"],"fullName":"applyComputedColumn should not mutate original rows","status":"passed","title":"should not mutate original rows","duration":0.4581670000000031,"failureMessages":[],"meta":{}},{"ancestorTitles":["applyComputedColumnsToDataRows"],"fullName":"applyComputedColumnsToDataRows should apply multiple computed columns","status":"passed","title":"should apply multiple computed columns","duration":0.22299999999995634,"failureMessages":[],"meta":{}},{"ancestorTitles":["applyComputedColumnsToDataRows"],"fullName":"applyComputedColumnsToDataRows should handle empty config","status":"passed","title":"should handle empty config","duration":0.3031670000000304,"failureMessages":[],"meta":{}},{"ancestorTitles":["applyComputedColumnsToDataRows"],"fullName":"applyComputedColumnsToDataRows should handle empty rows","status":"passed","title":"should handle empty rows","duration":0.11320799999998599,"failureMessages":[],"meta":{}},{"ancestorTitles":["applyComputedColumnsToDataRows"],"fullName":"applyComputedColumnsToDataRows should preserve existing columns","status":"passed","title":"should preserve existing columns","duration":0.15449999999998454,"failureMessages":[],"meta":{}},{"ancestorTitles":["applyComputedColumnsToDataRows"],"fullName":"applyComputedColumnsToDataRows should process columns sequentially","status":"passed","title":"should process columns sequentially","duration":0.139583000000016,"failureMessages":[],"meta":{}}],"startTime":1779969659566,"endTime":1779969659580.3032,"status":"passed","message":"","name":"/Users/clement/Documents/code_clem/react/csv-viewer/src/lib/schema/__tests__/computed-columns.test.ts"},{"assertionResults":[{"ancestorTitles":["applyColumnAliasesToDataRows"],"fullName":"applyColumnAliasesToDataRows should rename columns according to aliases","status":"passed","title":"should rename columns according to aliases","duration":0.8361670000000458,"failureMessages":[],"meta":{}},{"ancestorTitles":["applyColumnAliasesToDataRows"],"fullName":"applyColumnAliasesToDataRows should not mutate original data","status":"passed","title":"should not mutate original data","duration":0.23241600000005747,"failureMessages":[],"meta":{}},{"ancestorTitles":["applyColumnAliasesToDataRows"],"fullName":"applyColumnAliasesToDataRows should keep columns without aliases unchanged","status":"passed","title":"should keep columns without aliases unchanged","duration":0.09387500000002547,"failureMessages":[],"meta":{}},{"ancestorTitles":["applyConfigToSchemaAndData"],"fullName":"applyConfigToSchemaAndData should return applied config without warnings when columns match","status":"passed","title":"should return applied config without warnings when columns match","duration":1.39224999999999,"failureMessages":[],"meta":{}},{"ancestorTitles":["applyConfigToSchemaAndData"],"fullName":"applyConfigToSchemaAndData should warn when some expected headers are missing (less than 50%)","status":"passed","title":"should warn when some expected headers are missing (less than 50%)","duration":0.1432080000000724,"failureMessages":[],"meta":{}},{"ancestorTitles":["applyConfigToSchemaAndData"],"fullName":"applyConfigToSchemaAndData should throw error when ≥50% headers missing with strictMode","status":"passed","title":"should throw error when ≥50% headers missing with strictMode","duration":0.35562500000003183,"failureMessages":[],"meta":{}},{"ancestorTitles":["applyConfigToSchemaAndData"],"fullName":"applyConfigToSchemaAndData should warn but not throw when ≥50% missing without strictMode","status":"passed","title":"should warn but not throw when ≥50% missing without strictMode","duration":0.14733300000000327,"failureMessages":[],"meta":{}},{"ancestorTitles":["applyConfigToSchemaAndData"],"fullName":"applyConfigToSchemaAndData should apply column aliases to data rows","status":"passed","title":"should apply column aliases to data rows","duration":0.14816699999994398,"failureMessages":[],"meta":{}},{"ancestorTitles":["applyConfigToSchemaAndData"],"fullName":"applyConfigToSchemaAndData should merge user config with auto-generated config (user takes priority)","status":"passed","title":"should merge user config with auto-generated config (user takes priority)","duration":0.5411659999999756,"failureMessages":[],"meta":{}},{"ancestorTitles":["applyConfigToSchemaAndData"],"fullName":"applyConfigToSchemaAndData should preserve data when no aliases are defined","status":"passed","title":"should preserve data when no aliases are defined","duration":0.08816600000000108,"failureMessages":[],"meta":{}},{"ancestorTitles":["applyConfigToSchemaAndData"],"fullName":"applyConfigToSchemaAndData should generate default config when user config is empty","status":"passed","title":"should generate default config when user config is empty","duration":0.06787499999995816,"failureMessages":[],"meta":{}},{"ancestorTitles":["applyConfigToSchemaAndData"],"fullName":"applyConfigToSchemaAndData should not overwrite user-defined filters with auto-generated ones","status":"passed","title":"should not overwrite user-defined filters with auto-generated ones","duration":0.06704200000001492,"failureMessages":[],"meta":{}}],"startTime":1779969660169,"endTime":1779969660174.0881,"status":"passed","message":"","name":"/Users/clement/Documents/code_clem/react/csv-viewer/src/lib/schema/__tests__/config-applicator.test.ts"},{"assertionResults":[{"ancestorTitles":["validateConfigAndReturnResult"],"fullName":"validateConfigAndReturnResult should validate a minimal empty config","status":"passed","title":"should validate a minimal empty config","duration":0.8402499999999691,"failureMessages":[],"meta":{}},{"ancestorTitles":["validateConfigAndReturnResult"],"fullName":"validateConfigAndReturnResult should validate a complete valid config","status":"passed","title":"should validate a complete valid config","duration":0.3213749999999891,"failureMessages":[],"meta":{}},{"ancestorTitles":["validateConfigAndReturnResult"],"fullName":"validateConfigAndReturnResult should reject non-object config","status":"passed","title":"should reject non-object config","duration":0.11637499999994816,"failureMessages":[],"meta":{}},{"ancestorTitles":["validateConfigAndReturnResult"],"fullName":"validateConfigAndReturnResult should reject null config","status":"passed","title":"should reject null config","duration":0.19783400000005713,"failureMessages":[],"meta":{}},{"ancestorTitles":["validateConfigAndReturnResult"],"fullName":"validateConfigAndReturnResult should report error for invalid app.title type","status":"passed","title":"should report error for invalid app.title type","duration":0.09579099999996288,"failureMessages":[],"meta":{}},{"ancestorTitles":["validateConfigAndReturnResult"],"fullName":"validateConfigAndReturnResult should report error for unknown top-level keys","status":"passed","title":"should report error for unknown top-level keys","duration":0.13112499999999727,"failureMessages":[],"meta":{}},{"ancestorTitles":["validateConfigAndReturnResult"],"fullName":"validateConfigAndReturnResult should validate column format config with badge type","status":"passed","title":"should validate column format config with badge type","duration":0.20583299999998417,"failureMessages":[],"meta":{}},{"ancestorTitles":["validateConfigAndReturnResult"],"fullName":"validateConfigAndReturnResult should validate column format config with date type","status":"passed","title":"should validate column format config with date type","duration":0.06925000000001091,"failureMessages":[],"meta":{}},{"ancestorTitles":["validateConfigAndReturnResult"],"fullName":"validateConfigAndReturnResult should reject invalid column format type","status":"passed","title":"should reject invalid column format type","duration":0.19433300000002873,"failureMessages":[],"meta":{}},{"ancestorTitles":["validateConfigAndReturnResult"],"fullName":"validateConfigAndReturnResult should validate stats config","status":"passed","title":"should validate stats config","duration":0.12095799999997325,"failureMessages":[],"meta":{}},{"ancestorTitles":["validateConfigAndReturnResult"],"fullName":"validateConfigAndReturnResult should validate detailModal config","status":"passed","title":"should validate detailModal config","duration":0.06625000000008185,"failureMessages":[],"meta":{}},{"ancestorTitles":["validateConfigAndReturnResult"],"fullName":"validateConfigAndReturnResult should reject invalid filters config type","status":"passed","title":"should reject invalid filters config type","duration":0.039499999999975444,"failureMessages":[],"meta":{}},{"ancestorTitles":["validateConfigAndReturnResult"],"fullName":"validateConfigAndReturnResult should validate computed columns config with ageFromDate","status":"passed","title":"should validate computed columns config with ageFromDate","duration":0.07254199999999855,"failureMessages":[],"meta":{}},{"ancestorTitles":["validateConfigAndReturnResult"],"fullName":"validateConfigAndReturnResult should validate computed columns with YYYY-MM-DD format","status":"passed","title":"should validate computed columns with YYYY-MM-DD format","duration":0.03562499999998181,"failureMessages":[],"meta":{}},{"ancestorTitles":["validateConfigAndReturnResult"],"fullName":"validateConfigAndReturnResult should reject computed column with missing sourceColumn","status":"passed","title":"should reject computed column with missing sourceColumn","duration":0.056582999999932326,"failureMessages":[],"meta":{}},{"ancestorTitles":["validateConfigAndReturnResult"],"fullName":"validateConfigAndReturnResult should reject computed column with invalid dateFormat","status":"passed","title":"should reject computed column with invalid dateFormat","duration":0.12400000000002365,"failureMessages":[],"meta":{}},{"ancestorTitles":["validateConfigAndReturnResult"],"fullName":"validateConfigAndReturnResult should reject computed column with unsupported type","status":"passed","title":"should reject computed column with unsupported type","duration":0.05816700000002584,"failureMessages":[],"meta":{}},{"ancestorTitles":["validateConfigAndReturnResult"],"fullName":"validateConfigAndReturnResult should validate numericStats panel","status":"passed","title":"should validate numericStats panel","duration":0.03749999999990905,"failureMessages":[],"meta":{}},{"ancestorTitles":["validateConfigAndReturnResult"],"fullName":"validateConfigAndReturnResult should validate numericStats panel without unit","status":"passed","title":"should validate numericStats panel without unit","duration":0.03362499999991542,"failureMessages":[],"meta":{}},{"ancestorTitles":["validateConfigAndReturnResult"],"fullName":"validateConfigAndReturnResult should reject numericStats panel with invalid unit type","status":"passed","title":"should reject numericStats panel with invalid unit type","duration":0.033167000000048574,"failureMessages":[],"meta":{}}],"startTime":1779969660454,"endTime":1779969660457.058,"status":"passed","message":"","name":"/Users/clement/Documents/code_clem/react/csv-viewer/src/lib/schema/__tests__/config-validator.test.ts"},{"assertionResults":[{"ancestorTitles":["calculateEmptyValuesRate"],"fullName":"calculateEmptyValuesRate should return 0 for all non-empty values","status":"passed","title":"should return 0 for all non-empty values","duration":1.63312499999995,"failureMessages":[],"meta":{}},{"ancestorTitles":["calculateEmptyValuesRate"],"fullName":"calculateEmptyValuesRate should return 1 for all empty values","status":"passed","title":"should return 1 for all empty values","duration":0.48300000000006094,"failureMessages":[],"meta":{}},{"ancestorTitles":["calculateEmptyValuesRate"],"fullName":"calculateEmptyValuesRate should return correct rate for mixed values","status":"passed","title":"should return correct rate for mixed values","duration":0.20087499999999636,"failureMessages":[],"meta":{}},{"ancestorTitles":["calculateEmptyValuesRate"],"fullName":"calculateEmptyValuesRate should return 0 for empty array","status":"passed","title":"should return 0 for empty array","duration":0.8663750000000618,"failureMessages":[],"meta":{}},{"ancestorTitles":["extractDistinctNonEmptyValues"],"fullName":"extractDistinctNonEmptyValues should return unique non-empty values","status":"passed","title":"should return unique non-empty values","duration":1.0127080000000888,"failureMessages":[],"meta":{}},{"ancestorTitles":["extractDistinctNonEmptyValues"],"fullName":"extractDistinctNonEmptyValues should return empty array for all empty values","status":"passed","title":"should return empty array for all empty values","duration":0.2853749999999309,"failureMessages":[],"meta":{}},{"ancestorTitles":["detectColumnTypeFromValues"],"fullName":"detectColumnTypeFromValues should detect date column","status":"passed","title":"should detect date column","duration":0.4524590000000899,"failureMessages":[],"meta":{}},{"ancestorTitles":["detectColumnTypeFromValues"],"fullName":"detectColumnTypeFromValues should detect number column","status":"passed","title":"should detect number column","duration":0.2961670000000822,"failureMessages":[],"meta":{}},{"ancestorTitles":["detectColumnTypeFromValues"],"fullName":"detectColumnTypeFromValues should compute min and max for number columns","status":"passed","title":"should compute min and max for number columns","duration":0.29874999999992724,"failureMessages":[],"meta":{}},{"ancestorTitles":["detectColumnTypeFromValues"],"fullName":"detectColumnTypeFromValues should detect boolean column","status":"passed","title":"should detect boolean column","duration":0.09058300000003783,"failureMessages":[],"meta":{}},{"ancestorTitles":["detectColumnTypeFromValues"],"fullName":"detectColumnTypeFromValues should detect multi column with pipe separator","status":"passed","title":"should detect multi column with pipe separator","duration":0.11629200000004403,"failureMessages":[],"meta":{}},{"ancestorTitles":["detectColumnTypeFromValues"],"fullName":"detectColumnTypeFromValues should detect category column with low cardinality","status":"passed","title":"should detect category column with low cardinality","duration":0.138417000000004,"failureMessages":[],"meta":{}},{"ancestorTitles":["detectColumnTypeFromValues"],"fullName":"detectColumnTypeFromValues should detect text column as fallback","status":"passed","title":"should detect text column as fallback","duration":0.09704099999999016,"failureMessages":[],"meta":{}},{"ancestorTitles":["detectColumnTypeFromValues"],"fullName":"detectColumnTypeFromValues should handle all empty values as text","status":"passed","title":"should handle all empty values as text","duration":0.03424999999992906,"failureMessages":[],"meta":{}},{"ancestorTitles":["inferSchemaFromDataRows"],"fullName":"inferSchemaFromDataRows should infer schema for each column","status":"passed","title":"should infer schema for each column","duration":0.5512079999999742,"failureMessages":[],"meta":{}},{"ancestorTitles":["inferSchemaFromDataRows"],"fullName":"inferSchemaFromDataRows should respect sampleSize parameter","status":"passed","title":"should respect sampleSize parameter","duration":0.3699170000001004,"failureMessages":[],"meta":{}},{"ancestorTitles":["inferSchemaFromDataRows"],"fullName":"inferSchemaFromDataRows should calculate correct emptyValuesRate","status":"passed","title":"should calculate correct emptyValuesRate","duration":0.06837499999994634,"failureMessages":[],"meta":{}},{"ancestorTitles":["inferSchemaFromDataRows"],"fullName":"inferSchemaFromDataRows should calculate correct distinctValuesCount","status":"passed","title":"should calculate correct distinctValuesCount","duration":0.04579200000000583,"failureMessages":[],"meta":{}},{"ancestorTitles":["inferSchemaFromDataRows"],"fullName":"inferSchemaFromDataRows should provide sample values","status":"passed","title":"should provide sample values","duration":0.06979200000000674,"failureMessages":[],"meta":{}},{"ancestorTitles":["inferSchemaFromDataRows"],"fullName":"inferSchemaFromDataRows should handle empty dataset","status":"passed","title":"should handle empty dataset","duration":0.04745900000000347,"failureMessages":[],"meta":{}},{"ancestorTitles":["selectDefaultVisibleColumns"],"fullName":"selectDefaultVisibleColumns should exclude columns with high empty rate","status":"passed","title":"should exclude columns with high empty rate","duration":0.2642079999999396,"failureMessages":[],"meta":{}},{"ancestorTitles":["selectDefaultVisibleColumns"],"fullName":"selectDefaultVisibleColumns should limit to max columns","status":"passed","title":"should limit to max columns","duration":0.10395900000003166,"failureMessages":[],"meta":{}},{"ancestorTitles":["generateDefaultConfigFromSchema"],"fullName":"generateDefaultConfigFromSchema should generate filters based on detected types","status":"passed","title":"should generate filters based on detected types","duration":0.348583000000076,"failureMessages":[],"meta":{}},{"ancestorTitles":["generateDefaultConfigFromSchema"],"fullName":"generateDefaultConfigFromSchema should set defaultVisible columns","status":"passed","title":"should set defaultVisible columns","duration":0.12879199999997581,"failureMessages":[],"meta":{}},{"ancestorTitles":["generateDefaultConfigFromSchema"],"fullName":"generateDefaultConfigFromSchema should set globalSearchColumns for text columns with low empty rate","status":"passed","title":"should set globalSearchColumns for text columns with low empty rate","duration":0.1281250000000682,"failureMessages":[],"meta":{}}],"startTime":1779969659687,"endTime":1779969659695.3486,"status":"passed","message":"","name":"/Users/clement/Documents/code_clem/react/csv-viewer/src/lib/schema/__tests__/schema-inference.test.ts"},{"assertionResults":[{"ancestorTitles":["AutoDetectionIndicator"],"fullName":"AutoDetectionIndicator should not render when matchResult is null","status":"passed","title":"should not render when matchResult is null","duration":9.130957999999964,"failureMessages":[],"meta":{}},{"ancestorTitles":["AutoDetectionIndicator"],"fullName":"AutoDetectionIndicator should not render when config is null","status":"passed","title":"should not render when config is null","duration":1.234124999999949,"failureMessages":[],"meta":{}},{"ancestorTitles":["AutoDetectionIndicator"],"fullName":"AutoDetectionIndicator should show match score badge","status":"passed","title":"should show match score badge","duration":67.33308299999999,"failureMessages":[],"meta":{}},{"ancestorTitles":["AutoDetectionIndicator"],"fullName":"AutoDetectionIndicator should display tooltip with match details on hover","status":"passed","title":"should display tooltip with match details on hover","duration":335.586417,"failureMessages":[],"meta":{}},{"ancestorTitles":["AutoDetectionIndicator"],"fullName":"AutoDetectionIndicator should hide tooltip when mouse leaves","status":"passed","title":"should hide tooltip when mouse leaves","duration":93.89808399999993,"failureMessages":[],"meta":{}},{"ancestorTitles":["AutoDetectionIndicator"],"fullName":"AutoDetectionIndicator should show checkmark for column count match","status":"passed","title":"should show checkmark for column count match","duration":61.53420899999992,"failureMessages":[],"meta":{}},{"ancestorTitles":["AutoDetectionIndicator"],"fullName":"AutoDetectionIndicator should show cross for column count mismatch","status":"passed","title":"should show cross for column count mismatch","duration":23.80583300000012,"failureMessages":[],"meta":{}},{"ancestorTitles":["AutoDetectionIndicator"],"fullName":"AutoDetectionIndicator should render toggle button as enabled when isEnabled is true","status":"passed","title":"should render toggle button as enabled when isEnabled is true","duration":14.959125000000085,"failureMessages":[],"meta":{}},{"ancestorTitles":["AutoDetectionIndicator"],"fullName":"AutoDetectionIndicator should render toggle button as disabled when isEnabled is false","status":"passed","title":"should render toggle button as disabled when isEnabled is false","duration":27.7170000000001,"failureMessages":[],"meta":{}},{"ancestorTitles":["AutoDetectionIndicator"],"fullName":"AutoDetectionIndicator should call onToggle with opposite value when toggle clicked","status":"passed","title":"should call onToggle with opposite value when toggle clicked","duration":42.682083999999804,"failureMessages":[],"meta":{}},{"ancestorTitles":["AutoDetectionIndicator"],"fullName":"AutoDetectionIndicator should call onToggle with true when disabled and clicked","status":"passed","title":"should call onToggle with true when disabled and clicked","duration":35.334957999999915,"failureMessages":[],"meta":{}}],"startTime":1779969654065,"endTime":1779969654778.335,"status":"passed","message":"","name":"/Users/clement/Documents/code_clem/react/csv-viewer/src/components/config/__tests__/AutoDetectionIndicator.test.tsx"},{"assertionResults":[{"ancestorTitles":["ConfigManagementPanel"],"fullName":"ConfigManagementPanel should render modal with title","status":"passed","title":"should render modal with title","duration":83.89687499999991,"failureMessages":[],"meta":{}},{"ancestorTitles":["ConfigManagementPanel"],"fullName":"ConfigManagementPanel should show storage info with config count","status":"passed","title":"should show storage info with config count","duration":18.05533300000002,"failureMessages":[],"meta":{}},{"ancestorTitles":["ConfigManagementPanel"],"fullName":"ConfigManagementPanel should show singular form for single config","status":"passed","title":"should show singular form for single config","duration":5.483584000000064,"failureMessages":[],"meta":{}},{"ancestorTitles":["ConfigManagementPanel"],"fullName":"ConfigManagementPanel should render import button","status":"passed","title":"should render import button","duration":307.671292,"failureMessages":[],"meta":{}},{"ancestorTitles":["ConfigManagementPanel"],"fullName":"ConfigManagementPanel should show empty state when no configs","status":"passed","title":"should show empty state when no configs","duration":11.345250000000078,"failureMessages":[],"meta":{}},{"ancestorTitles":["ConfigManagementPanel"],"fullName":"ConfigManagementPanel should render config list with names and dates","status":"passed","title":"should render config list with names and dates","duration":30.88604200000009,"failureMessages":[],"meta":{}},{"ancestorTitles":["ConfigManagementPanel"],"fullName":"ConfigManagementPanel should highlight selected config","status":"passed","title":"should highlight selected config","duration":11.90729199999987,"failureMessages":[],"meta":{}},{"ancestorTitles":["ConfigManagementPanel"],"fullName":"ConfigManagementPanel should show rename and delete buttons for each config","status":"passed","title":"should show rename and delete buttons for each config","duration":33.60412500000007,"failureMessages":[],"meta":{}},{"ancestorTitles":["ConfigManagementPanel"],"fullName":"ConfigManagementPanel should show delete confirmation dialog","status":"passed","title":"should show delete confirmation dialog","duration":127.14408299999991,"failureMessages":[],"meta":{}},{"ancestorTitles":["ConfigManagementPanel"],"fullName":"ConfigManagementPanel should call onDelete when delete confirmed","status":"passed","title":"should call onDelete when delete confirmed","duration":164.37504100000024,"failureMessages":[],"meta":{}},{"ancestorTitles":["ConfigManagementPanel"],"fullName":"ConfigManagementPanel should close delete confirmation on cancel","status":"passed","title":"should close delete confirmation on cancel","duration":184.00962500000014,"failureMessages":[],"meta":{}},{"ancestorTitles":["ConfigManagementPanel"],"fullName":"ConfigManagementPanel should show rename dialog with current name","status":"passed","title":"should show rename dialog with current name","duration":47.788125000000036,"failureMessages":[],"meta":{}},{"ancestorTitles":["ConfigManagementPanel"],"fullName":"ConfigManagementPanel should allow editing config name in rename dialog","status":"passed","title":"should allow editing config name in rename dialog","duration":90.80695799999967,"failureMessages":[],"meta":{}},{"ancestorTitles":["ConfigManagementPanel"],"fullName":"ConfigManagementPanel should disable rename button when name is empty","status":"passed","title":"should disable rename button when name is empty","duration":250.81012499999997,"failureMessages":[],"meta":{}},{"ancestorTitles":["ConfigManagementPanel"],"fullName":"ConfigManagementPanel should disable rename button when name unchanged","status":"passed","title":"should disable rename button when name unchanged","duration":232.04925000000003,"failureMessages":[],"meta":{}},{"ancestorTitles":["ConfigManagementPanel"],"fullName":"ConfigManagementPanel should call onSelect when config name clicked","status":"passed","title":"should call onSelect when config name clicked","duration":68.04845799999975,"failureMessages":[],"meta":{}},{"ancestorTitles":["ConfigManagementPanel"],"fullName":"ConfigManagementPanel should trigger file input on import button click","status":"passed","title":"should trigger file input on import button click","duration":48.85166699999991,"failureMessages":[],"meta":{}}],"startTime":1779969654102,"endTime":1779969655818.8516,"status":"passed","message":"","name":"/Users/clement/Documents/code_clem/react/csv-viewer/src/components/config/__tests__/ConfigManagementPanel.test.tsx"},{"assertionResults":[{"ancestorTitles":["ConfigSelector"],"fullName":"ConfigSelector should render dropdown button with config count badge","status":"passed","title":"should render dropdown button with config count badge","duration":189.80479200000013,"failureMessages":[],"meta":{}},{"ancestorTitles":["ConfigSelector"],"fullName":"ConfigSelector should show selected config name in button","status":"passed","title":"should show selected config name in button","duration":7.8135829999998805,"failureMessages":[],"meta":{}},{"ancestorTitles":["ConfigSelector"],"fullName":"ConfigSelector should show default text when no config selected","status":"passed","title":"should show default text when no config selected","duration":2.4052500000000236,"failureMessages":[],"meta":{}},{"ancestorTitles":["ConfigSelector"],"fullName":"ConfigSelector should open dropdown on button click","status":"passed","title":"should open dropdown on button click","duration":66.63591700000006,"failureMessages":[],"meta":{}},{"ancestorTitles":["ConfigSelector"],"fullName":"ConfigSelector should highlight selected config with checkmark","status":"passed","title":"should highlight selected config with checkmark","duration":147.7470840000001,"failureMessages":[],"meta":{}},{"ancestorTitles":["ConfigSelector"],"fullName":"ConfigSelector should call onSelect when config clicked","status":"passed","title":"should call onSelect when config clicked","duration":162.73816699999998,"failureMessages":[],"meta":{}},{"ancestorTitles":["ConfigSelector"],"fullName":"ConfigSelector should close dropdown after selecting config","status":"passed","title":"should close dropdown after selecting config","duration":122.4395840000002,"failureMessages":[],"meta":{}},{"ancestorTitles":["ConfigSelector"],"fullName":"ConfigSelector should show \"Aucune configuration\" when empty","status":"passed","title":"should show \"Aucune configuration\" when empty","duration":29.25458299999991,"failureMessages":[],"meta":{}},{"ancestorTitles":["ConfigSelector"],"fullName":"ConfigSelector should show management button in dropdown","status":"passed","title":"should show management button in dropdown","duration":73.61695800000007,"failureMessages":[],"meta":{}},{"ancestorTitles":["ConfigSelector"],"fullName":"ConfigSelector should call onOpenManagement and close dropdown when management clicked","status":"passed","title":"should call onOpenManagement and close dropdown when management clicked","duration":136.62741600000027,"failureMessages":[],"meta":{}},{"ancestorTitles":["ConfigSelector"],"fullName":"ConfigSelector should close dropdown when clicking outside","status":"passed","title":"should close dropdown when clicking outside","duration":76.80795900000021,"failureMessages":[],"meta":{}},{"ancestorTitles":["ConfigSelector"],"fullName":"ConfigSelector should toggle dropdown on button click","status":"passed","title":"should toggle dropdown on button click","duration":83.41770899999983,"failureMessages":[],"meta":{}}],"startTime":1779969654083,"endTime":1779969655182.4177,"status":"passed","message":"","name":"/Users/clement/Documents/code_clem/react/csv-viewer/src/components/config/__tests__/ConfigSelector.test.tsx"},{"assertionResults":[{"ancestorTitles":["formatCellValueForDisplay"],"fullName":"formatCellValueForDisplay should return text type for unformatted columns","status":"passed","title":"should return text type for unformatted columns","duration":1.043457999999987,"failureMessages":[],"meta":{}},{"ancestorTitles":["formatCellValueForDisplay"],"fullName":"formatCellValueForDisplay should format date column via config","status":"passed","title":"should format date column via config","duration":0.3209160000000111,"failureMessages":[],"meta":{}},{"ancestorTitles":["formatCellValueForDisplay"],"fullName":"formatCellValueForDisplay should auto-format inferred date column to DD/MM/YYYY","status":"passed","title":"should auto-format inferred date column to DD/MM/YYYY","duration":0.13591599999995196,"failureMessages":[],"meta":{}},{"ancestorTitles":["formatCellValueForDisplay"],"fullName":"formatCellValueForDisplay should format badge via config","status":"passed","title":"should format badge via config","duration":0.31845800000007785,"failureMessages":[],"meta":{}},{"ancestorTitles":["formatCellValueForDisplay"],"fullName":"formatCellValueForDisplay should fallback to text when badge value not in map","status":"passed","title":"should fallback to text when badge value not in map","duration":0.07558400000004895,"failureMessages":[],"meta":{}},{"ancestorTitles":["formatCellValueForDisplay"],"fullName":"formatCellValueForDisplay should format splitBadges via config","status":"passed","title":"should format splitBadges via config","duration":0.3638339999999971,"failureMessages":[],"meta":{}},{"ancestorTitles":["formatCellValueForDisplay"],"fullName":"formatCellValueForDisplay should auto-format inferred multi column as chips","status":"passed","title":"should auto-format inferred multi column as chips","duration":0.21062500000005002,"failureMessages":[],"meta":{}},{"ancestorTitles":["formatCellValueForDisplay"],"fullName":"formatCellValueForDisplay should format mailto link via config","status":"passed","title":"should format mailto link via config","duration":0.1143329999999878,"failureMessages":[],"meta":{}},{"ancestorTitles":["formatCellValueForDisplay"],"fullName":"formatCellValueForDisplay should format tel link via config","status":"passed","title":"should format tel link via config","duration":0.22033399999997982,"failureMessages":[],"meta":{}},{"ancestorTitles":["formatCellValueForDisplay"],"fullName":"formatCellValueForDisplay should format url link via config","status":"passed","title":"should format url link via config","duration":0.07799999999997453,"failureMessages":[],"meta":{}},{"ancestorTitles":["formatCellValueForDisplay"],"fullName":"formatCellValueForDisplay should return text with empty value for empty string","status":"passed","title":"should return text with empty value for empty string","duration":0.05429100000003473,"failureMessages":[],"meta":{}}],"startTime":1779969660747,"endTime":1779969660750.078,"status":"passed","message":"","name":"/Users/clement/Documents/code_clem/react/csv-viewer/src/lib/utils/__tests__/cell-formatters.test.ts"},{"assertionResults":[{"ancestorTitles":["convertExcelDateToISOString"],"fullName":"convertExcelDateToISOString should convert a valid Date to ISO string","status":"passed","title":"should convert a valid Date to ISO string","duration":1.8523340000000417,"failureMessages":[],"meta":{}},{"ancestorTitles":["convertExcelDateToISOString"],"fullName":"convertExcelDateToISOString should return empty string for null","status":"passed","title":"should return empty string for null","duration":0.3551669999999376,"failureMessages":[],"meta":{}},{"ancestorTitles":["convertExcelDateToISOString"],"fullName":"convertExcelDateToISOString should return empty string for invalid Date","status":"passed","title":"should return empty string for invalid Date","duration":0.18079099999999926,"failureMessages":[],"meta":{}},{"ancestorTitles":["convertExcelDateToISOString"],"fullName":"convertExcelDateToISOString should zero-pad month and day","status":"passed","title":"should zero-pad month and day","duration":0.7307910000000675,"failureMessages":[],"meta":{}},{"ancestorTitles":["detectDateFormatFromString"],"fullName":"detectDateFormatFromString should detect YYYY-MM-DD format","status":"passed","title":"should detect YYYY-MM-DD format","duration":0.3804169999999658,"failureMessages":[],"meta":{}},{"ancestorTitles":["detectDateFormatFromString"],"fullName":"detectDateFormatFromString should detect YYYY/MM/DD format as YYYY-MM-DD","status":"passed","title":"should detect YYYY/MM/DD format as YYYY-MM-DD","duration":0.22491600000000744,"failureMessages":[],"meta":{}},{"ancestorTitles":["detectDateFormatFromString"],"fullName":"detectDateFormatFromString should detect DD/MM/YYYY when first number > 12","status":"passed","title":"should detect DD/MM/YYYY when first number > 12","duration":0.3624170000000504,"failureMessages":[],"meta":{}},{"ancestorTitles":["detectDateFormatFromString"],"fullName":"detectDateFormatFromString should detect MM/DD/YYYY when second number > 12","status":"passed","title":"should detect MM/DD/YYYY when second number > 12","duration":0.1957079999999678,"failureMessages":[],"meta":{}},{"ancestorTitles":["detectDateFormatFromString"],"fullName":"detectDateFormatFromString should default to DD/MM/YYYY for ambiguous dates (French default)","status":"passed","title":"should default to DD/MM/YYYY for ambiguous dates (French default)","duration":0.7123329999999441,"failureMessages":[],"meta":{}},{"ancestorTitles":["detectDateFormatFromString"],"fullName":"detectDateFormatFromString should detect DD-MM-YYYY with hyphens","status":"passed","title":"should detect DD-MM-YYYY with hyphens","duration":0.1981670000000122,"failureMessages":[],"meta":{}},{"ancestorTitles":["detectDateFormatFromString"],"fullName":"detectDateFormatFromString should return null for non-date strings","status":"passed","title":"should return null for non-date strings","duration":0.25529199999994034,"failureMessages":[],"meta":{}},{"ancestorTitles":["detectDateFormatFromString"],"fullName":"detectDateFormatFromString should return null for empty string","status":"passed","title":"should return null for empty string","duration":0.09491700000000947,"failureMessages":[],"meta":{}},{"ancestorTitles":["parseDateStringToDateObject"],"fullName":"parseDateStringToDateObject should parse ISO format (YYYY-MM-DD)","status":"passed","title":"should parse ISO format (YYYY-MM-DD)","duration":1.1915420000000267,"failureMessages":[],"meta":{}},{"ancestorTitles":["parseDateStringToDateObject"],"fullName":"parseDateStringToDateObject should parse French format (DD/MM/YYYY)","status":"passed","title":"should parse French format (DD/MM/YYYY)","duration":0.24116700000001856,"failureMessages":[],"meta":{}},{"ancestorTitles":["parseDateStringToDateObject"],"fullName":"parseDateStringToDateObject should parse US format (MM/DD/YYYY)","status":"passed","title":"should parse US format (MM/DD/YYYY)","duration":0.20820800000001327,"failureMessages":[],"meta":{}},{"ancestorTitles":["parseDateStringToDateObject"],"fullName":"parseDateStringToDateObject should auto-detect format when not provided","status":"passed","title":"should auto-detect format when not provided","duration":0.22137499999996635,"failureMessages":[],"meta":{}},{"ancestorTitles":["parseDateStringToDateObject"],"fullName":"parseDateStringToDateObject should return null for invalid date 31/02/2024","status":"passed","title":"should return null for invalid date 31/02/2024","duration":0.1329160000000229,"failureMessages":[],"meta":{}},{"ancestorTitles":["parseDateStringToDateObject"],"fullName":"parseDateStringToDateObject should return null for empty string","status":"passed","title":"should return null for empty string","duration":0.09341699999993125,"failureMessages":[],"meta":{}},{"ancestorTitles":["parseDateStringToDateObject"],"fullName":"parseDateStringToDateObject should return null for non-date string","status":"passed","title":"should return null for non-date string","duration":0.09295799999995324,"failureMessages":[],"meta":{}},{"ancestorTitles":["parseDateStringToDateObject"],"fullName":"parseDateStringToDateObject should reject year outside 1900-2100 range","status":"passed","title":"should reject year outside 1900-2100 range","duration":6.616833999999926,"failureMessages":[],"meta":{}},{"ancestorTitles":["parseDateStringToDateObject"],"fullName":"parseDateStringToDateObject should parse date with hyphens in DD-MM-YYYY format","status":"passed","title":"should parse date with hyphens in DD-MM-YYYY format","duration":5.568125000000009,"failureMessages":[],"meta":{}},{"ancestorTitles":["formatDateObjectToString"],"fullName":"formatDateObjectToString should format to YYYY-MM-DD","status":"passed","title":"should format to YYYY-MM-DD","duration":5.229832999999985,"failureMessages":[],"meta":{}},{"ancestorTitles":["formatDateObjectToString"],"fullName":"formatDateObjectToString should format to DD/MM/YYYY","status":"passed","title":"should format to DD/MM/YYYY","duration":0.06979200000000674,"failureMessages":[],"meta":{}},{"ancestorTitles":["formatDateObjectToString"],"fullName":"formatDateObjectToString should format to MM/DD/YYYY","status":"passed","title":"should format to MM/DD/YYYY","duration":0.04270899999994526,"failureMessages":[],"meta":{}},{"ancestorTitles":["formatDateObjectToString"],"fullName":"formatDateObjectToString should zero-pad single digit months and days","status":"passed","title":"should zero-pad single digit months and days","duration":0.03674999999998363,"failureMessages":[],"meta":{}},{"ancestorTitles":["isValidDateString"],"fullName":"isValidDateString should return true for valid ISO date","status":"passed","title":"should return true for valid ISO date","duration":0.1318749999999227,"failureMessages":[],"meta":{}},{"ancestorTitles":["isValidDateString"],"fullName":"isValidDateString should return true for valid French date","status":"passed","title":"should return true for valid French date","duration":0.04149999999992815,"failureMessages":[],"meta":{}},{"ancestorTitles":["isValidDateString"],"fullName":"isValidDateString should return false for invalid date (31/02)","status":"passed","title":"should return false for invalid date (31/02)","duration":0.03887500000007549,"failureMessages":[],"meta":{}},{"ancestorTitles":["isValidDateString"],"fullName":"isValidDateString should return false for empty string","status":"passed","title":"should return false for empty string","duration":0.029374999999959073,"failureMessages":[],"meta":{}},{"ancestorTitles":["isValidDateString"],"fullName":"isValidDateString should return false for non-date string","status":"passed","title":"should return false for non-date string","duration":0.02874999999994543,"failureMessages":[],"meta":{}},{"ancestorTitles":["isValidDateString"],"fullName":"isValidDateString should return false for partial date string","status":"passed","title":"should return false for partial date string","duration":0.02929200000005494,"failureMessages":[],"meta":{}}],"startTime":1779969659991,"endTime":1779969660017.2297,"status":"passed","message":"","name":"/Users/clement/Documents/code_clem/react/csv-viewer/src/lib/utils/__tests__/date-utils.test.ts"},{"assertionResults":[{"ancestorTitles":["isStringNumeric"],"fullName":"isStringNumeric should return true for integer","status":"passed","title":"should return true for integer","duration":0.8266250000000355,"failureMessages":[],"meta":{}},{"ancestorTitles":["isStringNumeric"],"fullName":"isStringNumeric should return true for decimal EN (dot)","status":"passed","title":"should return true for decimal EN (dot)","duration":0.23929200000009132,"failureMessages":[],"meta":{}},{"ancestorTitles":["isStringNumeric"],"fullName":"isStringNumeric should return true for decimal FR (comma)","status":"passed","title":"should return true for decimal FR (comma)","duration":0.1117500000000291,"failureMessages":[],"meta":{}},{"ancestorTitles":["isStringNumeric"],"fullName":"isStringNumeric should return true for FR thousands with spaces","status":"passed","title":"should return true for FR thousands with spaces","duration":0.32237499999996544,"failureMessages":[],"meta":{}},{"ancestorTitles":["isStringNumeric"],"fullName":"isStringNumeric should return true for EN thousands with commas","status":"passed","title":"should return true for EN thousands with commas","duration":0.08629199999995762,"failureMessages":[],"meta":{}},{"ancestorTitles":["isStringNumeric"],"fullName":"isStringNumeric should return true for FR full format","status":"passed","title":"should return true for FR full format","duration":0.05633299999999508,"failureMessages":[],"meta":{}},{"ancestorTitles":["isStringNumeric"],"fullName":"isStringNumeric should return true for negative numbers","status":"passed","title":"should return true for negative numbers","duration":0.10445800000002237,"failureMessages":[],"meta":{}},{"ancestorTitles":["isStringNumeric"],"fullName":"isStringNumeric should return false for non-numeric string","status":"passed","title":"should return false for non-numeric string","duration":0.055124999999975444,"failureMessages":[],"meta":{}},{"ancestorTitles":["isStringNumeric"],"fullName":"isStringNumeric should return false for empty string","status":"passed","title":"should return false for empty string","duration":0.22899999999992815,"failureMessages":[],"meta":{}},{"ancestorTitles":["isStringNumeric"],"fullName":"isStringNumeric should return false for mixed alpha-numeric","status":"passed","title":"should return false for mixed alpha-numeric","duration":0.06925000000001091,"failureMessage
[...]
orTitles":["DateRangeFilter"],"fullName":"DateRangeFilter should display checked state for includeEmpty","status":"passed","title":"should display checked state for includeEmpty","duration":1.6890409999999747,"failureMessages":[],"meta":{}},{"ancestorTitles":["DateRangeFilter"],"fullName":"DateRangeFilter should call onChange when includeEmpty checkbox is toggled","status":"passed","title":"should call onChange when includeEmpty checkbox is toggled","duration":2.6302080000000387,"failureMessages":[],"meta":{}},{"ancestorTitles":["DateRangeFilter"],"fullName":"DateRangeFilter should preserve includeEmpty when changing dates","status":"passed","title":"should preserve includeEmpty when changing dates","duration":4.112250000000017,"failureMessages":[],"meta":{}}],"startTime":1779969657209,"endTime":1779969657325.1123,"status":"passed","message":"","name":"/Users/clement/Documents/code_clem/react/csv-viewer/src/components/filters/__tests__/DateRangeFilter.test.tsx"},{"assertionResults":[{"ancestorTitles":["NumberRangeFilter"],"fullName":"NumberRangeFilter should render min and max inputs","status":"passed","title":"should render min and max inputs","duration":52.53687500000001,"failureMessages":[],"meta":{}},{"ancestorTitles":["NumberRangeFilter"],"fullName":"NumberRangeFilter should display current values","status":"passed","title":"should display current values","duration":8.034541999999988,"failureMessages":[],"meta":{}},{"ancestorTitles":["NumberRangeFilter"],"fullName":"NumberRangeFilter should call onChange when min changes","status":"passed","title":"should call onChange when min changes","duration":15.244624999999928,"failureMessages":[],"meta":{}},{"ancestorTitles":["NumberRangeFilter"],"fullName":"NumberRangeFilter should call onChange with null when input is cleared","status":"passed","title":"should call onChange with null when input is cleared","duration":5.075542000000041,"failureMessages":[],"meta":{}}],"startTime":1779969657800,"endTime":1779969657881.0754,"status":"passed","message":"","name":"/Users/clement/Documents/code_clem/react/csv-viewer/src/components/filters/__tests__/NumberRangeFilter.test.tsx"},{"assertionResults":[{"ancestorTitles":["TextFilter"],"fullName":"TextFilter should render with label","status":"passed","title":"should render with label","duration":35.99954200000002,"failureMessages":[],"meta":{}},{"ancestorTitles":["TextFilter"],"fullName":"TextFilter should display current value","status":"passed","title":"should display current value","duration":11.506874999999923,"failureMessages":[],"meta":{}},{"ancestorTitles":["TextFilter"],"fullName":"TextFilter should call onChange after debounce","status":"passed","title":"should call onChange after debounce","duration":23.462792000000036,"failureMessages":[],"meta":{}},{"ancestorTitles":["TextFilter"],"fullName":"TextFilter should have placeholder text","status":"passed","title":"should have placeholder text","duration":2.2463330000000497,"failureMessages":[],"meta":{}}],"startTime":1779969658404,"endTime":1779969658477.2463,"status":"passed","message":"","name":"/Users/clement/Documents/code_clem/react/csv-viewer/src/components/filters/__tests__/TextFilter.test.tsx"},{"assertionResults":[{"ancestorTitles":["ColumnPicker"],"fullName":"ColumnPicker should render the toggle button","status":"passed","title":"should render the toggle button","duration":224.23845800000004,"failureMessages":[],"meta":{}},{"ancestorTitles":["ColumnPicker"],"fullName":"ColumnPicker should show popover with columns when clicked","status":"passed","title":"should show popover with columns when clicked","duration":142.40966700000013,"failureMessages":[],"meta":{}},{"ancestorTitles":["ColumnPicker"],"fullName":"ColumnPicker should call onToggleColumn when a column checkbox is clicked","status":"passed","title":"should call onToggleColumn when a column checkbox is clicked","duration":152.13241700000003,"failureMessages":[],"meta":{}},{"ancestorTitles":["ColumnPicker"],"fullName":"ColumnPicker should use column labels when provided","status":"passed","title":"should use column labels when provided","duration":44.12824999999998,"failureMessages":[],"meta":{}},{"ancestorTitles":["ColumnPicker"],"fullName":"ColumnPicker should show \"Tout sélectionner\" button","status":"passed","title":"should show \"Tout sélectionner\" button","duration":22.391624999999976,"failureMessages":[],"meta":{}}],"startTime":1779969655379,"endTime":1779969655964.3916,"status":"passed","message":"","name":"/Users/clement/Documents/code_clem/react/csv-viewer/src/components/ui/__tests__/ColumnPicker.test.tsx"},{"assertionResults":[{"ancestorTitles":["DetailModal"],"fullName":"DetailModal should not render when isOpen is false","status":"passed","title":"should not render when isOpen is false","duration":19.487167,"failureMessages":[],"meta":{}},{"ancestorTitles":["DetailModal"],"fullName":"DetailModal should render row data as key-value pairs without sections config","status":"passed","title":"should render row data as key-value pairs without sections config","duration":28.2337500000001,"failureMessages":[],"meta":{}},{"ancestorTitles":["DetailModal"],"fullName":"DetailModal should use titleTemplate when provided","status":"passed","title":"should use titleTemplate when provided","duration":10.94991600000003,"failureMessages":[],"meta":{}},{"ancestorTitles":["DetailModal"],"fullName":"DetailModal should fallback to first column value when no titleTemplate","status":"passed","title":"should fallback to first column value when no titleTemplate","duration":177.99854200000004,"failureMessages":[],"meta":{}},{"ancestorTitles":["DetailModal"],"fullName":"DetailModal should render sections when config has sections","status":"passed","title":"should render sections when config has sections","duration":5.400208999999904,"failureMessages":[],"meta":{}},{"ancestorTitles":["DetailModal"],"fullName":"DetailModal should disable prev button on first row and next on last row","status":"passed","title":"should disable prev button on first row and next on last row","duration":82.063625,"failureMessages":[],"meta":{}},{"ancestorTitles":["DetailModal"],"fullName":"DetailModal should call onNavigate with correct direction","status":"passed","title":"should call onNavigate with correct direction","duration":106.35466599999995,"failureMessages":[],"meta":{}},{"ancestorTitles":["DetailModal"],"fullName":"DetailModal should use column labels when available","status":"passed","title":"should use column labels when available","duration":2.9998339999999644,"failureMessages":[],"meta":{}},{"ancestorTitles":["DetailModal"],"fullName":"DetailModal should not render when row is null","status":"passed","title":"should not render when row is null","duration":1.0141249999999218,"failureMessages":[],"meta":{}}],"startTime":1779969654125,"endTime":1779969654560.0142,"status":"passed","message":"","name":"/Users/clement/Documents/code_clem/react/csv-viewer/src/components/ui/__tests__/DetailModal.test.tsx"},{"assertionResults":[{"ancestorTitles":["Modal"],"fullName":"Modal should not render when isOpen is false","status":"passed","title":"should not render when isOpen is false","duration":23.532459000000017,"failureMessages":[],"meta":{}},{"ancestorTitles":["Modal"],"fullName":"Modal should render when isOpen is true","status":"passed","title":"should render when isOpen is true","duration":192.05766599999993,"failureMessages":[],"meta":{}},{"ancestorTitles":["Modal"],"fullName":"Modal should display the title","status":"passed","title":"should display the title","duration":4.5706659999998465,"failureMessages":[],"meta":{}},{"ancestorTitles":["Modal"],"fullName":"Modal should display the footer","status":"passed","title":"should display the footer","duration":2.187541999999894,"failureMessages":[],"meta":{}},{"ancestorTitles":["Modal"],"fullName":"Modal should call onClose when close button is clicked","status":"passed","title":"should call onClose when close button is clicked","duration":123.4842920000001,"failureMessages":[],"meta":{}},{"ancestorTitles":["Modal"],"fullName":"Modal should call onClose when backdrop is clicked","status":"passed","title":"should call onClose when backdrop is clicked","duration":49.19258300000001,"failureMessages":[],"meta":{}},{"ancestorTitles":["Modal"],"fullName":"Modal should call onClose when Escape key is pressed","status":"passed","title":"should call onClose when Escape key is pressed","duration":8.8900000000001,"failureMessages":[],"meta":{}},{"ancestorTitles":["Modal"],"fullName":"Modal should have aria-modal attribute","status":"passed","title":"should have aria-modal attribute","duration":17.90545800000018,"failureMessages":[],"meta":{}}],"startTime":1779969656825,"endTime":1779969657246.9055,"status":"passed","message":"","name":"/Users/clement/Documents/code_clem/react/csv-viewer/src/components/ui/__tests__/Modal.test.tsx"},{"assertionResults":[{"ancestorTitles":["Toast"],"fullName":"Toast should display the toast message","status":"passed","title":"should display the toast message","duration":46.80837500000007,"failureMessages":[],"meta":{}},{"ancestorTitles":["Toast"],"fullName":"Toast should render an icon","status":"passed","title":"should render an icon","duration":3.2523329999999078,"failureMessages":[],"meta":{}},{"ancestorTitles":["Toast"],"fullName":"Toast should call onClose with toast id when close button is clicked","status":"passed","title":"should call onClose with toast id when close button is clicked","duration":295.0032919999999,"failureMessages":[],"meta":{}},{"ancestorTitles":["Toast"],"fullName":"Toast should apply correct CSS classes for error type","status":"passed","title":"should apply correct CSS classes for error type","duration":29.281332999999904,"failureMessages":[],"meta":{}},{"ancestorTitles":["Toast"],"fullName":"Toast should have role=\"alert\" for accessibility","status":"passed","title":"should have role=\"alert\" for accessibility","duration":69.31208300000003,"failureMessages":[],"meta":{}}],"startTime":1779969657208,"endTime":1779969657652.312,"status":"passed","message":"","name":"/Users/clement/Documents/code_clem/react/csv-viewer/src/components/ui/__tests__/Toast.test.tsx"},{"assertionResults":[{"ancestorTitles":["Dropzone"],"fullName":"Dropzone should render the label text","status":"passed","title":"should render the label text","duration":28.03358300000002,"failureMessages":[],"meta":{}},{"ancestorTitles":["Dropzone"],"fullName":"Dropzone should display accepted file types","status":"passed","title":"should display accepted file types","duration":19.830125000000066,"failureMessages":[],"meta":{}},{"ancestorTitles":["Dropzone"],"fullName":"Dropzone should call onFileSelected when a valid file is selected via input","status":"passed","title":"should call onFileSelected when a valid file is selected via input","duration":251.99970900000005,"failureMessages":[],"meta":{}},{"ancestorTitles":["Dropzone"],"fullName":"Dropzone should show error for invalid file type via drop","status":"passed","title":"should show error for invalid file type via drop","duration":78.95937499999991,"failureMessages":[],"meta":{}},{"ancestorTitles":["Dropzone"],"fullName":"Dropzone should call onFileSelected when a file is dropped","status":"passed","title":"should call onFileSelected when a file is dropped","duration":33.93541700000014,"failureMessages":[],"meta":{}},{"ancestorTitles":["Dropzone"],"fullName":"Dropzone should have visual feedback during drag over","status":"passed","title":"should have visual feedback during drag over","duration":26.477457999999842,"failureMessages":[],"meta":{}}],"startTime":1779969656413,"endTime":1779969656852.4775,"status":"passed","message":"","name":"/Users/clement/Documents/code_clem/react/csv-viewer/src/components/upload/__tests__/Dropzone.test.tsx"},{"assertionResults":[{"ancestorTitles":["FilePicker"],"fullName":"FilePicker should render the button with label","status":"passed","title":"should render the button with label","duration":233.88400000000001,"failureMessages":[],"meta":{}},{"ancestorTitles":["FilePicker"],"fullName":"FilePicker should call onFileSelected when a file is selected","status":"passed","title":"should call onFileSelected when a file is selected","duration":100.15887500000008,"failureMessages":[],"meta":{}},{"ancestorTitles":["FilePicker"],"fullName":"FilePicker should display the selected file name","status":"passed","title":"should display the selected file name","duration":70.53333399999997,"failureMessages":[],"meta":{}},{"ancestorTitles":["FilePicker"],"fullName":"FilePicker should not display file name before selection","status":"passed","title":"should not display file name before selection","duration":6.417417000000114,"failureMessages":[],"meta":{}}],"startTime":1779969655744,"endTime":1779969656155.4175,"status":"passed","message":"","name":"/Users/clement/Documents/code_clem/react/csv-viewer/src/components/upload/__tests__/FilePicker.test.tsx"},{"assertionResults":[{"ancestorTitles":["SheetSelector"],"fullName":"SheetSelector should display all sheet names as radio options","status":"passed","title":"should display all sheet names as radio options","duration":66.78770799999984,"failureMessages":[],"meta":{}},{"ancestorTitles":["SheetSelector"],"fullName":"SheetSelector should have first sheet selected by default","status":"passed","title":"should have first sheet selected by default","duration":276.9078749999999,"failureMessages":[],"meta":{}},{"ancestorTitles":["SheetSelector"],"fullName":"SheetSelector should call onSheetSelected with selected sheet when Charger is clicked","status":"passed","title":"should call onSheetSelected with selected sheet when Charger is clicked","duration":193.92320799999993,"failureMessages":[],"meta":{}},{"ancestorTitles":["SheetSelector"],"fullName":"SheetSelector should call onCancel when Annuler is clicked","status":"passed","title":"should call onCancel when Annuler is clicked","duration":50.447124999999915,"failureMessages":[],"meta":{}},{"ancestorTitles":["SheetSelector"],"fullName":"SheetSelector should display the count of available sheets","status":"passed","title":"should display the count of available sheets","duration":11.486499999999978,"failureMessages":[],"meta":{}}],"startTime":1779969654118,"endTime":1779969654717.4866,"status":"passed","message":"","name":"/Users/clement/Documents/code_clem/react/csv-viewer/src/components/upload/__tests__/SheetSelector.test.tsx"},{"assertionResults":[{"ancestorTitles":["StatsCards"],"fullName":"StatsCards should display total count card","status":"passed","title":"should display total count card","duration":29.764832999999953,"failureMessages":[],"meta":{}},{"ancestorTitles":["StatsCards"],"fullName":"StatsCards should display countWhere card with filtered count","status":"passed","title":"should display countWhere card with filtered count","duration":3.9436249999999973,"failureMessages":[],"meta":{}},{"ancestorTitles":["StatsCards"],"fullName":"StatsCards should display multiple cards","status":"passed","title":"should display multiple cards","duration":12.124666000000047,"failureMessages":[],"meta":{}},{"ancestorTitles":["StatsCards"],"fullName":"StatsCards should render nothing when cards array is empty","status":"passed","title":"should render nothing when cards array is empty","duration":1.02150000000006,"failureMessages":[],"meta":{}},{"ancestorTitles":["StatsCards"],"fullName":"StatsCards should call onCardClick when clicking a countWhere card","status":"passed","title":"should call onCardClick when clicking a countWhere card","duration":248.23791699999992,"failureMessages":[],"meta":{}},{"ancestorTitles":["StatsCards"],"fullName":"StatsCards should not call onCardClick when clicking a count card","status":"passed","title":"should not call onCardClick when clicking a count card","duration":77.86191600000006,"failureMessages":[],"meta":{}},{"ancestorTitles":["StatsCards"],"fullName":"StatsCards should have role=\"button\" only on countWhere cards","status":"passed","title":"should have role=\"button\" only on countWhere cards","duration":11.548500000000104,"failureMessages":[],"meta":{}},{"ancestorTitles":["StatsCards"],"fullName":"StatsCards should highlight active countWhere card","status":"passed","title":"should highlight active countWhere card","duration":3.6704999999999472,"failureMessages":[],"meta":{}}],"startTime":1779969657031,"endTime":1779969657418.6704,"status":"passed","message":"","name":"/Users/clement/Documents/code_clem/react/csv-viewer/src/components/stats/__tests__/StatsCards.test.tsx"},{"assertionResults":[{"ancestorTitles":["StatsPanels"],"fullName":"StatsPanels should display countByColumn panel","status":"passed","title":"should display countByColumn panel","duration":28.266832999999906,"failureMessages":[],"meta":{}},{"ancestorTitles":["StatsPanels"],"fullName":"StatsPanels should display countByYearFromDate panel","status":"passed","title":"should display countByYearFromDate panel","duration":5.319166999999879,"failureMessages":[],"meta":{}},{"ancestorTitles":["StatsPanels"],"fullName":"StatsPanels should display countBySplitValues panel","status":"passed","title":"should display countBySplitValues panel","duration":6.533957999999984,"failureMessages":[],"meta":{}},{"ancestorTitles":["StatsPanels"],"fullName":"StatsPanels should render nothing when panels array is empty","status":"passed","title":"should render nothing when panels array is empty","duration":2.1248339999999644,"failureMessages":[],"meta":{}},{"ancestorTitles":["StatsPanels"],"fullName":"StatsPanels should call onStatValueClick when a row is clicked","status":"passed","title":"should call onStatValueClick when a row is clicked","duration":189.91566699999998,"failureMessages":[],"meta":{}},{"ancestorTitles":["StatsPanels"],"fullName":"StatsPanels should call onStatValueClick when pressing Enter on a row","status":"passed","title":"should call onStatValueClick when pressing Enter on a row","duration":9.708958999999822,"failureMessages":[],"meta":{}},{"ancestorTitles":["StatsPanels"],"fullName":"StatsPanels should highlight active filter values","status":"passed","title":"should highlight active filter values","duration":5.29950000000008,"failureMessages":[],"meta":{}},{"ancestorTitles":["StatsPanels"],"fullName":"StatsPanels should have role=\"button\" and tabIndex on rows","status":"passed","title":"should have role=\"button\" and tabIndex on rows","duration":4.385082999999895,"failureMessages":[],"meta":{}},{"ancestorTitles":["StatsPanels"],"fullName":"StatsPanels should display \"-\" for values not in filtered data","status":"passed","title":"should display \"-\" for values not in filtered data","duration":2.3712920000000395,"failureMessages":[],"meta":{}},{"ancestorTitles":["StatsPanels"],"fullName":"StatsPanels should display numericStats panel with unit","status":"passed","title":"should display numericStats panel with unit","duration":4.363165999999865,"failureMessages":[],"meta":{}},{"ancestorTitles":["StatsPanels"],"fullName":"StatsPanels should display numericStats panel without unit","status":"passed","title":"should display numericStats panel without unit","duration":7.34637500000008,"failureMessages":[],"meta":{}},{"ancestorTitles":["StatsPanels"],"fullName":"StatsPanels should display message when no numeric data available","status":"passed","title":"should display message when no numeric data available","duration":0.8921660000000884,"failureMessages":[],"meta":{}},{"ancestorTitles":["StatsPanels"],"fullName":"StatsPanels should display all quartiles in numericStats panel","status":"passed","title":"should display all quartiles in numericStats panel","duration":3.191915999999992,"failureMessages":[],"meta":{}}],"startTime":1779969654117,"endTime":1779969654387.192,"status":"passed","message":"","name":"/Users/clement/Documents/code_clem/react/csv-viewer/src/components/stats/__tests__/StatsPanels.test.tsx"}]}